OpenMP worker threads = 4
Loaded config:
  fc = 3000000000.000 Hz
  fs = 1000000.000 Hz
  PRF = 10000.000 Hz
  pulse width = 0.000010000 s
  sweep BW = 100000.000 Hz
  pulses = 128
  fast-time samples = 100
  lambda = 0.099930819 m
  pulse samples = 10
[run 1] load=1.533 ms, pulse_ready=0.498 ms, pulse_apply=0.701 ms, pulse_total=1.199 ms, mti=0.115 ms, mtd=0.236 ms, doppler_total=0.350 ms, cfar=0.310 ms, total=3.518 ms, detections=13
[run 2] load=0.798 ms, pulse_ready=0.043 ms, pulse_apply=0.477 ms, pulse_total=0.520 ms, mti=0.144 ms, mtd=0.215 ms, doppler_total=0.359 ms, cfar=0.302 ms, total=2.149 ms, detections=13
[run 3] load=0.769 ms, pulse_ready=0.038 ms, pulse_apply=0.481 ms, pulse_total=0.519 ms, mti=0.146 ms, mtd=0.202 ms, doppler_total=0.348 ms, cfar=0.283 ms, total=2.043 ms, detections=13
[run 4] load=1.102 ms, pulse_ready=0.147 ms, pulse_apply=0.484 ms, pulse_total=0.631 ms, mti=0.171 ms, mtd=0.205 ms, doppler_total=0.376 ms, cfar=0.286 ms, total=2.525 ms, detections=13
[run 5] load=0.835 ms, pulse_ready=0.047 ms, pulse_apply=0.484 ms, pulse_total=0.531 ms, mti=0.132 ms, mtd=0.558 ms, doppler_total=0.690 ms, cfar=0.346 ms, total=2.532 ms, detections=13

CA-CFAR detections: 13
Showing up to 30 detections:
idx range_bin doppler_bin range(m) vel(m/s) power threshold
0 33 111 4796.68 179.56 3.672046e-09 3.640165e-09
1 34 111 4946.58 179.56 3.476353e-09 3.465960e-09
2 59 7 8693.98 -226.41 3.119160e-09 2.704772e-09
3 60 7 8843.88 -226.41 2.794625e-09 2.709776e-09
4 47 73 6895.23 31.23 1.735681e-09 9.542716e-10
5 48 73 7045.12 31.23 1.690314e-09 9.716623e-10
6 46 73 6745.33 31.23 1.492894e-09 9.623579e-10
7 49 73 7195.02 31.23 1.449066e-09 1.009894e-09
8 50 73 7344.92 31.23 1.179482e-09 1.024655e-09
9 45 73 6595.43 31.23 1.148083e-09 9.688376e-10
10 47 72 6895.23 27.32 1.105383e-09 9.219681e-10
11 48 72 7045.12 27.32 1.063256e-09 9.416919e-10
12 46 72 6745.33 27.32 9.632936e-10 9.273465e-10
Strongest detection after CA-CFAR:
  Range bin    = 33
  Doppler bin  = 111
  Range        = 4796.68 m
  Radial vel.  = 179.56 m/s
  Power        = 3.672046e-09
  Threshold    = 3.640165e-09
Print Time: 0.000053722 sec

Average over 5 runs:
  load               = 1.007 ms (0.001007259 sec)
  pulse_ready        = 0.155 ms (0.000154856 sec)
  pulse_apply        = 0.525 ms (0.000525326 sec)
  pulse_total        = 0.680 ms (0.000680182 sec)
  mti                = 0.142 ms (0.000141737 sec)
  mtd                = 0.283 ms (0.000283189 sec)
  doppler_total      = 0.425 ms (0.000424926 sec)
  cfar               = 0.305 ms (0.000305252 sec)
  total              = 2.553 ms (0.002553274 sec)
  algo_only          = 1.410 ms (0.001410359 sec)
  detections         = 13.00
