OpenMP worker threads = 4
Loaded config:
  fc = 3000000000.000 Hz
  fs = 1000000.000 Hz
  PRF = 10000.000 Hz
  pulse width = 0.000010000 s
  sweep BW = 100000.000 Hz
  pulses = 128
  fast-time samples = 100
  lambda = 0.099930819 m
  pulse samples = 10
[run 1] load=1.633 ms, pulse_ready=3.037 ms, pulse_apply=1.780 ms, pulse_total=4.817 ms, mti=0.143 ms, mtd=0.246 ms, doppler_total=0.389 ms, cfar=0.317 ms, total=7.284 ms, detections=10
[run 2] load=0.747 ms, pulse_ready=0.038 ms, pulse_apply=0.466 ms, pulse_total=0.504 ms, mti=0.128 ms, mtd=0.218 ms, doppler_total=0.346 ms, cfar=0.297 ms, total=2.027 ms, detections=10
[run 3] load=0.818 ms, pulse_ready=0.040 ms, pulse_apply=0.474 ms, pulse_total=0.514 ms, mti=0.125 ms, mtd=0.232 ms, doppler_total=0.358 ms, cfar=0.287 ms, total=2.108 ms, detections=10
[run 4] load=0.705 ms, pulse_ready=0.042 ms, pulse_apply=0.470 ms, pulse_total=0.512 ms, mti=0.121 ms, mtd=0.203 ms, doppler_total=0.325 ms, cfar=0.347 ms, total=2.014 ms, detections=10
[run 5] load=0.701 ms, pulse_ready=0.043 ms, pulse_apply=0.471 ms, pulse_total=0.513 ms, mti=0.147 ms, mtd=0.202 ms, doppler_total=0.349 ms, cfar=0.279 ms, total=1.966 ms, detections=10

CA-CFAR detections: 10
Showing up to 30 detections:
idx range_bin doppler_bin range(m) vel(m/s) power threshold
0 47 73 6895.23 31.23 2.461438e-09 1.172197e-09
1 48 73 7045.12 31.23 2.403887e-09 1.200453e-09
2 46 73 6745.33 31.23 2.083911e-09 1.185345e-09
3 49 73 7195.02 31.23 2.042123e-09 1.259177e-09
4 50 73 7344.92 31.23 1.669574e-09 1.293180e-09
5 45 73 6595.43 31.23 1.607443e-09 1.226093e-09
6 47 72 6895.23 27.32 1.439850e-09 1.155044e-09
7 48 72 7045.12 27.32 1.323857e-09 1.176340e-09
8 46 72 6745.33 27.32 1.258588e-09 1.172966e-09
9 49 31 7195.02 -132.72 1.254324e-09 1.249230e-09
Strongest detection after CA-CFAR:
  Range bin    = 47
  Doppler bin  = 73
  Range        = 6895.23 m
  Radial vel.  = 31.23 m/s
  Power        = 2.461438e-09
  Threshold    = 1.172197e-09
Print Time: 0.000048537 sec

Average over 5 runs:
  load               = 0.921 ms (0.000920822 sec)
  pulse_ready        = 0.640 ms (0.000639811 sec)
  pulse_apply        = 0.732 ms (0.000732289 sec)
  pulse_total        = 1.372 ms (0.001372100 sec)
  mti                = 0.133 ms (0.000133026 sec)
  mtd                = 0.220 ms (0.000220300 sec)
  doppler_total      = 0.353 ms (0.000353326 sec)
  cfar               = 0.305 ms (0.000305218 sec)
  total              = 3.080 ms (0.003079755 sec)
  algo_only          = 2.031 ms (0.002030644 sec)
  detections         = 10.00
