OpenMP worker threads = 4
Loaded config:
  fc = 3000000000.000 Hz
  fs = 1000000.000 Hz
  PRF = 10000.000 Hz
  pulse width = 0.000010000 s
  sweep BW = 100000.000 Hz
  pulses = 128
  fast-time samples = 100
  lambda = 0.099930819 m
  pulse samples = 10
[run 1] load=1.497 ms, pulse_ready=2.999 ms, pulse_apply=2.240 ms, pulse_total=5.240 ms, mti=0.870 ms, mtd=2.457 ms, doppler_total=3.328 ms, cfar=2.128 ms, total=12.332 ms, detections=11
[run 2] load=0.764 ms, pulse_ready=0.037 ms, pulse_apply=0.470 ms, pulse_total=0.507 ms, mti=0.130 ms, mtd=0.222 ms, doppler_total=0.352 ms, cfar=0.296 ms, total=2.048 ms, detections=11
[run 3] load=0.730 ms, pulse_ready=0.042 ms, pulse_apply=0.469 ms, pulse_total=0.511 ms, mti=0.129 ms, mtd=0.223 ms, doppler_total=0.352 ms, cfar=0.290 ms, total=2.010 ms, detections=11
[run 4] load=0.677 ms, pulse_ready=0.043 ms, pulse_apply=0.471 ms, pulse_total=0.514 ms, mti=0.121 ms, mtd=0.251 ms, doppler_total=0.372 ms, cfar=0.312 ms, total=1.998 ms, detections=11
[run 5] load=0.744 ms, pulse_ready=0.041 ms, pulse_apply=0.475 ms, pulse_total=0.516 ms, mti=0.153 ms, mtd=0.217 ms, doppler_total=0.370 ms, cfar=0.286 ms, total=2.038 ms, detections=11

CA-CFAR detections: 11
Showing up to 30 detections:
idx range_bin doppler_bin range(m) vel(m/s) power threshold
0 48 73 7045.12 31.23 2.520637e-09 1.309356e-09
1 47 73 6895.23 31.23 2.479567e-09 1.323968e-09
2 49 73 7195.02 31.23 2.252289e-09 1.320958e-09
3 46 73 6745.33 31.23 2.106673e-09 1.354720e-09
4 50 73 7344.92 31.23 1.836812e-09 1.330362e-09
5 45 73 6595.43 31.23 1.623838e-09 1.361108e-09
6 8 29 1049.27 -140.53 1.454754e-09 1.450907e-09
7 51 73 7494.81 31.23 1.369214e-09 1.300224e-09
8 48 72 7045.12 27.32 1.348932e-09 1.300862e-09
9 47 72 6895.23 27.32 1.347184e-09 1.316042e-09
10 95 24 14090.25 -160.05 7.852116e-10 7.529852e-10
Strongest detection after CA-CFAR:
  Range bin    = 48
  Doppler bin  = 73
  Range        = 7045.12 m
  Radial vel.  = 31.23 m/s
  Power        = 2.520637e-09
  Threshold    = 1.309356e-09
Print Time: 0.000051778 sec

Average over 5 runs:
  load               = 0.883 ms (0.000882526 sec)
  pulse_ready        = 0.633 ms (0.000632548 sec)
  pulse_apply        = 0.825 ms (0.000824992 sec)
  pulse_total        = 1.458 ms (0.001457540 sec)
  mti                = 0.281 ms (0.000280626 sec)
  mtd                = 0.674 ms (0.000674026 sec)
  doppler_total      = 0.955 ms (0.000954651 sec)
  cfar               = 0.662 ms (0.000662467 sec)
  total              = 4.085 ms (0.004085126 sec)
  algo_only          = 3.075 ms (0.003074658 sec)
  detections         = 11.00
