OpenMP worker threads = 4
Loaded config:
  fc = 3000000000.000 Hz
  fs = 1000000.000 Hz
  PRF = 10000.000 Hz
  pulse width = 0.000010000 s
  sweep BW = 100000.000 Hz
  pulses = 128
  fast-time samples = 100
  lambda = 0.099930819 m
  pulse samples = 10
[run 1] load=1.596 ms, pulse_ready=3.816 ms, pulse_apply=1.841 ms, pulse_total=5.656 ms, mti=0.813 ms, mtd=2.370 ms, doppler_total=3.183 ms, cfar=2.119 ms, total=12.696 ms, detections=15
[run 2] load=1.093 ms, pulse_ready=2.781 ms, pulse_apply=1.589 ms, pulse_total=4.370 ms, mti=0.881 ms, mtd=2.398 ms, doppler_total=3.279 ms, cfar=2.218 ms, total=11.112 ms, detections=15
[run 3] load=0.712 ms, pulse_ready=0.035 ms, pulse_apply=0.471 ms, pulse_total=0.506 ms, mti=0.146 ms, mtd=0.203 ms, doppler_total=0.348 ms, cfar=0.285 ms, total=1.975 ms, detections=15
[run 4] load=0.699 ms, pulse_ready=0.042 ms, pulse_apply=0.481 ms, pulse_total=0.523 ms, mti=0.146 ms, mtd=0.202 ms, doppler_total=0.348 ms, cfar=0.749 ms, total=2.441 ms, detections=15
[run 5] load=0.692 ms, pulse_ready=0.040 ms, pulse_apply=0.470 ms, pulse_total=0.510 ms, mti=0.126 ms, mtd=0.218 ms, doppler_total=0.344 ms, cfar=0.288 ms, total=1.959 ms, detections=15

CA-CFAR detections: 15
Showing up to 30 detections:
idx range_bin doppler_bin range(m) vel(m/s) power threshold
0 47 73 6895.23 31.23 2.380101e-09 1.087034e-09
1 92 116 13640.56 199.08 2.356398e-09 2.033555e-09
2 48 73 7045.12 31.23 2.313679e-09 1.123634e-09
3 93 116 13790.45 199.08 2.160852e-09 1.982691e-09
4 46 73 6745.33 31.23 2.024146e-09 1.109833e-09
5 49 73 7195.02 31.23 1.950782e-09 1.202428e-09
6 47 72 6895.23 27.32 1.519653e-09 1.078451e-09
7 45 73 6595.43 31.23 1.512540e-09 1.148565e-09
8 50 73 7344.92 31.23 1.483378e-09 1.270678e-09
9 48 72 7045.12 27.32 1.472273e-09 1.105884e-09
10 46 72 6745.33 27.32 1.286194e-09 1.107345e-09
11 49 72 7195.02 27.32 1.208509e-09 1.174982e-09
12 62 50 9143.67 -58.55 2.544456e-10 2.206325e-10
13 61 51 8993.77 -54.65 2.525877e-10 2.305568e-10
14 61 50 8993.77 -58.55 2.443416e-10 2.366809e-10
Strongest detection after CA-CFAR:
  Range bin    = 47
  Doppler bin  = 73
  Range        = 6895.23 m
  Radial vel.  = 31.23 m/s
  Power        = 2.380101e-09
  Threshold    = 1.087034e-09
Print Time: 0.000061241 sec

Average over 5 runs:
  load               = 0.958 ms (0.000958152 sec)
  pulse_ready        = 1.343 ms (0.001342748 sec)
  pulse_apply        = 0.970 ms (0.000970356 sec)
  pulse_total        = 2.313 ms (0.002313104 sec)
  mti                = 0.422 ms (0.000422304 sec)
  mtd                = 1.078 ms (0.001078215 sec)
  doppler_total      = 1.501 ms (0.001500518 sec)
  cfar               = 1.132 ms (0.001131896 sec)
  total              = 6.037 ms (0.006036641 sec)
  algo_only          = 4.946 ms (0.004945518 sec)
  detections         = 15.00
