OpenMP worker threads = 4
Loaded config:
  fc = 3000000000.000 Hz
  fs = 1000000.000 Hz
  PRF = 10000.000 Hz
  pulse width = 0.000010000 s
  sweep BW = 100000.000 Hz
  pulses = 128
  fast-time samples = 100
  lambda = 0.099930819 m
  pulse samples = 10
[run 1] load=2.985 ms, pulse_ready=0.350 ms, pulse_apply=0.655 ms, pulse_total=1.005 ms, mti=0.116 ms, mtd=0.253 ms, doppler_total=0.369 ms, cfar=0.310 ms, total=4.787 ms, detections=9
[run 2] load=0.830 ms, pulse_ready=4.282 ms, pulse_apply=2.289 ms, pulse_total=6.571 ms, mti=1.120 ms, mtd=2.313 ms, doppler_total=3.433 ms, cfar=0.810 ms, total=11.808 ms, detections=9
[run 3] load=0.728 ms, pulse_ready=0.178 ms, pulse_apply=0.669 ms, pulse_total=0.847 ms, mti=0.190 ms, mtd=0.219 ms, doppler_total=0.409 ms, cfar=0.291 ms, total=2.404 ms, detections=9
[run 4] load=0.777 ms, pulse_ready=0.208 ms, pulse_apply=0.479 ms, pulse_total=0.687 ms, mti=0.159 ms, mtd=0.199 ms, doppler_total=0.358 ms, cfar=0.286 ms, total=2.233 ms, detections=9
[run 5] load=0.722 ms, pulse_ready=0.048 ms, pulse_apply=0.918 ms, pulse_total=0.965 ms, mti=0.196 ms, mtd=0.202 ms, doppler_total=0.399 ms, cfar=0.281 ms, total=2.494 ms, detections=9

CA-CFAR detections: 9
Showing up to 30 detections:
idx range_bin doppler_bin range(m) vel(m/s) power threshold
0 48 73 7045.12 31.23 2.172934e-09 1.059364e-09
1 47 73 6895.23 31.23 2.148546e-09 1.073188e-09
2 49 73 7195.02 31.23 1.912209e-09 1.070060e-09
3 46 73 6745.33 31.23 1.845340e-09 1.107868e-09
4 50 73 7344.92 31.23 1.528044e-09 1.090635e-09
5 45 73 6595.43 31.23 1.429870e-09 1.123392e-09
6 51 73 7494.81 31.23 1.132660e-09 1.093243e-09
7 14 110 1948.65 175.66 1.124583e-09 1.084535e-09
8 48 72 7045.12 27.32 1.067420e-09 1.067008e-09
Strongest detection after CA-CFAR:
  Range bin    = 48
  Doppler bin  = 73
  Range        = 7045.12 m
  Radial vel.  = 31.23 m/s
  Power        = 2.172934e-09
  Threshold    = 1.059364e-09
Print Time: 0.000045907 sec

Average over 5 runs:
  load               = 1.208 ms (0.001208300 sec)
  pulse_ready        = 1.013 ms (0.001012944 sec)
  pulse_apply        = 1.002 ms (0.001001944 sec)
  pulse_total        = 2.015 ms (0.002014889 sec)
  mti                = 0.357 ms (0.000356541 sec)
  mtd                = 0.637 ms (0.000637100 sec)
  doppler_total      = 0.994 ms (0.000993641 sec)
  cfar               = 0.396 ms (0.000395511 sec)
  total              = 4.745 ms (0.004745219 sec)
  algo_only          = 3.404 ms (0.003404041 sec)
  detections         = 9.00
