OpenMP worker threads = 4
Loaded config:
  fc = 3000000000.000 Hz
  fs = 1000000.000 Hz
  PRF = 10000.000 Hz
  pulse width = 0.000010000 s
  sweep BW = 100000.000 Hz
  pulses = 128
  fast-time samples = 100
  lambda = 0.099930819 m
  pulse samples = 10
[run 1] load=1.454 ms, pulse_ready=3.129 ms, pulse_apply=2.103 ms, pulse_total=5.232 ms, mti=0.820 ms, mtd=1.886 ms, doppler_total=2.706 ms, cfar=0.328 ms, total=9.968 ms, detections=9
[run 2] load=0.764 ms, pulse_ready=0.041 ms, pulse_apply=0.467 ms, pulse_total=0.509 ms, mti=0.120 ms, mtd=0.211 ms, doppler_total=0.331 ms, cfar=0.302 ms, total=2.034 ms, detections=9
[run 3] load=0.710 ms, pulse_ready=0.040 ms, pulse_apply=0.526 ms, pulse_total=0.567 ms, mti=0.174 ms, mtd=0.205 ms, doppler_total=0.379 ms, cfar=0.293 ms, total=2.071 ms, detections=9
[run 4] load=0.713 ms, pulse_ready=0.043 ms, pulse_apply=0.478 ms, pulse_total=0.522 ms, mti=0.142 ms, mtd=0.204 ms, doppler_total=0.346 ms, cfar=0.287 ms, total=1.991 ms, detections=9
[run 5] load=0.841 ms, pulse_ready=0.042 ms, pulse_apply=0.488 ms, pulse_total=0.529 ms, mti=0.121 ms, mtd=0.227 ms, doppler_total=0.348 ms, cfar=0.293 ms, total=2.137 ms, detections=9

CA-CFAR detections: 9
Showing up to 30 detections:
idx range_bin doppler_bin range(m) vel(m/s) power threshold
0 48 73 7045.12 31.23 2.840667e-09 1.515461e-09
1 47 73 6895.23 31.23 2.775410e-09 1.480683e-09
2 49 73 7195.02 31.23 2.529965e-09 1.547144e-09
3 46 73 6745.33 31.23 2.389380e-09 1.468239e-09
4 50 73 7344.92 31.23 2.150120e-09 1.573314e-09
5 45 73 6595.43 31.23 1.934099e-09 1.460440e-09
6 47 72 6895.23 27.32 1.574051e-09 1.453904e-09
7 48 72 7045.12 27.32 1.552496e-09 1.482152e-09
8 51 73 7494.81 31.23 1.542637e-09 1.525936e-09
Strongest detection after CA-CFAR:
  Range bin    = 48
  Doppler bin  = 73
  Range        = 7045.12 m
  Radial vel.  = 31.23 m/s
  Power        = 2.840667e-09
  Threshold    = 1.515461e-09
Print Time: 0.000042500 sec

Average over 5 runs:
  load               = 0.896 ms (0.000896437 sec)
  pulse_ready        = 0.659 ms (0.000659193 sec)
  pulse_apply        = 0.812 ms (0.000812404 sec)
  pulse_total        = 1.472 ms (0.001471597 sec)
  mti                = 0.276 ms (0.000275507 sec)
  mtd                = 0.547 ms (0.000546574 sec)
  doppler_total      = 0.822 ms (0.000822081 sec)
  cfar               = 0.301 ms (0.000300607 sec)
  total              = 3.640 ms (0.003640022 sec)
  algo_only          = 2.594 ms (0.002594285 sec)
  detections         = 9.00
