OpenMP worker threads = 4
Loaded config:
  fc = 3000000000.000 Hz
  fs = 1000000.000 Hz
  PRF = 10000.000 Hz
  pulse width = 0.000010000 s
  sweep BW = 100000.000 Hz
  pulses = 128
  fast-time samples = 100
  lambda = 0.099930819 m
  pulse samples = 10
[run 1] load=1.945 ms, pulse_ready=3.350 ms, pulse_apply=2.230 ms, pulse_total=5.580 ms, mti=0.906 ms, mtd=2.575 ms, doppler_total=3.481 ms, cfar=2.608 ms, total=13.762 ms, detections=9
[run 2] load=0.835 ms, pulse_ready=2.760 ms, pulse_apply=1.940 ms, pulse_total=4.700 ms, mti=0.792 ms, mtd=1.695 ms, doppler_total=2.487 ms, cfar=2.859 ms, total=11.016 ms, detections=9
[run 3] load=0.702 ms, pulse_ready=0.507 ms, pulse_apply=1.055 ms, pulse_total=1.562 ms, mti=0.208 ms, mtd=0.210 ms, doppler_total=0.418 ms, cfar=0.288 ms, total=3.099 ms, detections=9
[run 4] load=0.847 ms, pulse_ready=0.046 ms, pulse_apply=0.481 ms, pulse_total=0.527 ms, mti=0.159 ms, mtd=0.675 ms, doppler_total=0.834 ms, cfar=1.748 ms, total=4.082 ms, detections=9
[run 5] load=0.712 ms, pulse_ready=0.043 ms, pulse_apply=0.493 ms, pulse_total=0.536 ms, mti=0.132 ms, mtd=1.015 ms, doppler_total=1.147 ms, cfar=0.371 ms, total=2.897 ms, detections=9

CA-CFAR detections: 9
Showing up to 30 detections:
idx range_bin doppler_bin range(m) vel(m/s) power threshold
0 47 73 6895.23 31.23 2.332460e-09 1.410119e-09
1 46 73 6745.33 31.23 2.214077e-09 1.393371e-09
2 48 73 7045.12 31.23 2.213181e-09 1.425862e-09
3 49 73 7195.02 31.23 1.907745e-09 1.421836e-09
4 45 73 6595.43 31.23 1.896413e-09 1.370350e-09
5 50 73 7344.92 31.23 1.548890e-09 1.382711e-09
6 44 73 6445.54 31.23 1.506066e-09 1.320793e-09
7 47 72 6895.23 27.32 1.481082e-09 1.395319e-09
8 46 72 6745.33 27.32 1.408053e-09 1.384839e-09
Strongest detection after CA-CFAR:
  Range bin    = 47
  Doppler bin  = 73
  Range        = 6895.23 m
  Radial vel.  = 31.23 m/s
  Power        = 2.332460e-09
  Threshold    = 1.410119e-09
Print Time: 0.000056111 sec

Average over 5 runs:
  load               = 1.008 ms (0.001008319 sec)
  pulse_ready        = 1.341 ms (0.001341078 sec)
  pulse_apply        = 1.240 ms (0.001239767 sec)
  pulse_total        = 2.581 ms (0.002580845 sec)
  mti                = 0.439 ms (0.000439441 sec)
  mtd                = 1.234 ms (0.001233981 sec)
  doppler_total      = 1.673 ms (0.001673422 sec)
  cfar               = 1.575 ms (0.001574726 sec)
  total              = 6.971 ms (0.006971085 sec)
  algo_only          = 5.829 ms (0.005828993 sec)
  detections         = 9.00
