OpenMP worker threads = 4
Loaded config:
  fc = 3000000000.000 Hz
  fs = 1000000.000 Hz
  PRF = 10000.000 Hz
  pulse width = 0.000010000 s
  sweep BW = 100000.000 Hz
  pulses = 128
  fast-time samples = 100
  lambda = 0.099930819 m
  pulse samples = 10
[run 1] load=1.577 ms, pulse_ready=0.359 ms, pulse_apply=0.706 ms, pulse_total=1.065 ms, mti=0.120 ms, mtd=0.317 ms, doppler_total=0.437 ms, cfar=0.314 ms, total=3.511 ms, detections=8
[run 2] load=0.926 ms, pulse_ready=0.063 ms, pulse_apply=0.475 ms, pulse_total=0.538 ms, mti=0.142 ms, mtd=0.222 ms, doppler_total=0.364 ms, cfar=0.302 ms, total=2.261 ms, detections=8
[run 3] load=0.939 ms, pulse_ready=0.181 ms, pulse_apply=0.604 ms, pulse_total=0.785 ms, mti=0.194 ms, mtd=0.202 ms, doppler_total=0.396 ms, cfar=0.284 ms, total=2.530 ms, detections=8
[run 4] load=0.867 ms, pulse_ready=2.426 ms, pulse_apply=1.883 ms, pulse_total=4.309 ms, mti=0.761 ms, mtd=1.625 ms, doppler_total=2.387 ms, cfar=0.327 ms, total=8.025 ms, detections=8
[run 5] load=0.716 ms, pulse_ready=0.043 ms, pulse_apply=0.490 ms, pulse_total=0.533 ms, mti=0.120 ms, mtd=0.248 ms, doppler_total=0.369 ms, cfar=0.391 ms, total=2.134 ms, detections=8

CA-CFAR detections: 8
Showing up to 30 detections:
idx range_bin doppler_bin range(m) vel(m/s) power threshold
0 48 73 7045.12 31.23 2.484286e-09 1.244862e-09
1 47 73 6895.23 31.23 2.378491e-09 1.251556e-09
2 49 73 7195.02 31.23 2.123177e-09 1.271281e-09
3 46 73 6745.33 31.23 2.047792e-09 1.288991e-09
4 50 73 7344.92 31.23 1.726396e-09 1.316403e-09
5 45 73 6595.43 31.23 1.607881e-09 1.299881e-09
6 47 72 6895.23 27.32 1.403338e-09 1.251746e-09
7 48 72 7045.12 27.32 1.398701e-09 1.252745e-09
Strongest detection after CA-CFAR:
  Range bin    = 48
  Doppler bin  = 73
  Range        = 7045.12 m
  Radial vel.  = 31.23 m/s
  Power        = 2.484286e-09
  Threshold    = 1.244862e-09
Print Time: 0.000042203 sec

Average over 5 runs:
  load               = 1.005 ms (0.001005048 sec)
  pulse_ready        = 0.614 ms (0.000614485 sec)
  pulse_apply        = 0.832 ms (0.000831574 sec)
  pulse_total        = 1.446 ms (0.001446060 sec)
  mti                = 0.267 ms (0.000267411 sec)
  mtd                = 0.523 ms (0.000522900 sec)
  doppler_total      = 0.790 ms (0.000790311 sec)
  cfar               = 0.323 ms (0.000323474 sec)
  total              = 3.692 ms (0.003692285 sec)
  algo_only          = 2.560 ms (0.002559845 sec)
  detections         = 8.00
