OpenMP worker threads = 4
Loaded config:
  fc = 3000000000.000 Hz
  fs = 1000000.000 Hz
  PRF = 10000.000 Hz
  pulse width = 0.000010000 s
  sweep BW = 100000.000 Hz
  pulses = 128
  fast-time samples = 100
  lambda = 0.099930819 m
  pulse samples = 10
[run 1] load=1.372 ms, pulse_ready=0.364 ms, pulse_apply=0.637 ms, pulse_total=1.002 ms, mti=0.270 ms, mtd=0.257 ms, doppler_total=0.527 ms, cfar=0.307 ms, total=3.344 ms, detections=12
[run 2] load=0.964 ms, pulse_ready=0.052 ms, pulse_apply=0.472 ms, pulse_total=0.524 ms, mti=0.296 ms, mtd=0.242 ms, doppler_total=0.539 ms, cfar=0.290 ms, total=2.455 ms, detections=12
[run 3] load=1.432 ms, pulse_ready=0.038 ms, pulse_apply=0.473 ms, pulse_total=0.511 ms, mti=0.160 ms, mtd=0.203 ms, doppler_total=0.362 ms, cfar=0.294 ms, total=2.728 ms, detections=12
[run 4] load=0.724 ms, pulse_ready=0.039 ms, pulse_apply=0.993 ms, pulse_total=1.032 ms, mti=0.220 ms, mtd=0.205 ms, doppler_total=0.425 ms, cfar=0.279 ms, total=2.588 ms, detections=12
[run 5] load=0.967 ms, pulse_ready=3.312 ms, pulse_apply=2.082 ms, pulse_total=5.394 ms, mti=0.851 ms, mtd=2.026 ms, doppler_total=2.877 ms, cfar=2.581 ms, total=11.954 ms, detections=12

CA-CFAR detections: 12
Showing up to 30 detections:
idx range_bin doppler_bin range(m) vel(m/s) power threshold
0 48 73 7045.12 31.23 1.932917e-09 1.068912e-09
1 47 73 6895.23 31.23 1.912296e-09 1.098222e-09
2 49 73 7195.02 31.23 1.720514e-09 1.041830e-09
3 46 73 6745.33 31.23 1.688625e-09 1.118124e-09
4 45 73 6595.43 31.23 1.399452e-09 1.102006e-09
5 50 73 7344.92 31.23 1.386697e-09 1.017377e-09
6 87 89 12891.08 93.69 1.120595e-09 1.018226e-09
7 86 89 12741.18 93.69 1.112118e-09 1.106028e-09
8 44 73 6445.54 31.23 1.098610e-09 1.041238e-09
9 88 89 13040.97 93.69 1.048086e-09 9.586591e-10
10 89 90 13190.87 97.59 1.014985e-09 9.146730e-10
11 88 90 13040.97 97.59 1.009100e-09 9.134881e-10
Strongest detection after CA-CFAR:
  Range bin    = 48
  Doppler bin  = 73
  Range        = 7045.12 m
  Radial vel.  = 31.23 m/s
  Power        = 1.932917e-09
  Threshold    = 1.068912e-09
Print Time: 0.000051945 sec

Average over 5 runs:
  load               = 1.092 ms (0.001091748 sec)
  pulse_ready        = 0.761 ms (0.000761055 sec)
  pulse_apply        = 0.932 ms (0.000931533 sec)
  pulse_total        = 1.693 ms (0.001692589 sec)
  mti                = 0.359 ms (0.000359326 sec)
  mtd                = 0.587 ms (0.000586571 sec)
  doppler_total      = 0.946 ms (0.000945897 sec)
  cfar               = 0.750 ms (0.000750363 sec)
  total              = 4.614 ms (0.004613704 sec)
  algo_only          = 3.389 ms (0.003388848 sec)
  detections         = 12.00
