OpenMP worker threads = 4
Loaded config:
  fc = 3000000000.000 Hz
  fs = 1000000.000 Hz
  PRF = 10000.000 Hz
  pulse width = 0.000010000 s
  sweep BW = 100000.000 Hz
  pulses = 128
  fast-time samples = 100
  lambda = 0.099930819 m
  pulse samples = 10
[run 1] load=1.335 ms, pulse_ready=0.640 ms, pulse_apply=0.670 ms, pulse_total=1.310 ms, mti=0.106 ms, mtd=0.237 ms, doppler_total=0.343 ms, cfar=0.303 ms, total=3.399 ms, detections=9
[run 2] load=1.121 ms, pulse_ready=3.581 ms, pulse_apply=2.397 ms, pulse_total=5.978 ms, mti=0.980 ms, mtd=2.522 ms, doppler_total=3.502 ms, cfar=2.810 ms, total=13.571 ms, detections=9
[run 3] load=0.684 ms, pulse_ready=2.479 ms, pulse_apply=1.547 ms, pulse_total=4.026 ms, mti=0.856 ms, mtd=1.626 ms, doppler_total=2.482 ms, cfar=0.336 ms, total=7.657 ms, detections=9
[run 4] load=0.725 ms, pulse_ready=0.706 ms, pulse_apply=1.183 ms, pulse_total=1.889 ms, mti=0.196 ms, mtd=0.250 ms, doppler_total=0.446 ms, cfar=0.311 ms, total=4.484 ms, detections=9
[run 5] load=0.707 ms, pulse_ready=0.044 ms, pulse_apply=0.494 ms, pulse_total=0.538 ms, mti=0.119 ms, mtd=0.218 ms, doppler_total=0.338 ms, cfar=0.276 ms, total=1.982 ms, detections=9

CA-CFAR detections: 9
Showing up to 30 detections:
idx range_bin doppler_bin range(m) vel(m/s) power threshold
0 47 73 6895.23 31.23 2.338505e-09 1.214862e-09
1 48 73 7045.12 31.23 2.213437e-09 1.220231e-09
2 46 73 6745.33 31.23 2.138943e-09 1.225387e-09
3 49 73 7195.02 31.23 1.819613e-09 1.230122e-09
4 45 73 6595.43 31.23 1.794604e-09 1.228472e-09
5 50 73 7344.92 31.23 1.432562e-09 1.211016e-09
6 44 73 6445.54 31.23 1.430749e-09 1.200171e-09
7 47 72 6895.23 27.32 1.273931e-09 1.214741e-09
8 48 72 7045.12 27.32 1.232763e-09 1.218692e-09
Strongest detection after CA-CFAR:
  Range bin    = 47
  Doppler bin  = 73
  Range        = 6895.23 m
  Radial vel.  = 31.23 m/s
  Power        = 2.338505e-09
  Threshold    = 1.214862e-09
Print Time: 0.000044167 sec

Average over 5 runs:
  load               = 0.914 ms (0.000914366 sec)
  pulse_ready        = 1.490 ms (0.001489963 sec)
  pulse_apply        = 1.258 ms (0.001258178 sec)
  pulse_total        = 2.748 ms (0.002748141 sec)
  mti                = 0.452 ms (0.000451555 sec)
  mtd                = 0.971 ms (0.000970752 sec)
  doppler_total      = 1.422 ms (0.001422307 sec)
  cfar               = 0.807 ms (0.000807230 sec)
  total              = 6.219 ms (0.006218670 sec)
  algo_only          = 4.978 ms (0.004977677 sec)
  detections         = 9.00
