OpenMP worker threads = 4
Loaded config:
  fc = 3000000000.000 Hz
  fs = 1000000.000 Hz
  PRF = 10000.000 Hz
  pulse width = 0.000010000 s
  sweep BW = 100000.000 Hz
  pulses = 128
  fast-time samples = 100
  lambda = 0.099930819 m
  pulse samples = 10
[run 1] load=1.169 ms, pulse_ready=0.364 ms, pulse_apply=0.655 ms, pulse_total=1.019 ms, mti=0.125 ms, mtd=0.235 ms, doppler_total=0.360 ms, cfar=0.313 ms, total=2.976 ms, detections=10
[run 2] load=1.290 ms, pulse_ready=0.053 ms, pulse_apply=0.486 ms, pulse_total=0.539 ms, mti=0.933 ms, mtd=0.593 ms, doppler_total=1.525 ms, cfar=0.319 ms, total=3.831 ms, detections=10
[run 3] load=0.729 ms, pulse_ready=5.008 ms, pulse_apply=2.036 ms, pulse_total=7.044 ms, mti=0.792 ms, mtd=1.895 ms, doppler_total=2.687 ms, cfar=2.233 ms, total=12.836 ms, detections=10
[run 4] load=0.679 ms, pulse_ready=2.439 ms, pulse_apply=1.870 ms, pulse_total=4.309 ms, mti=0.733 ms, mtd=0.239 ms, doppler_total=0.972 ms, cfar=0.297 ms, total=6.409 ms, detections=10
[run 5] load=0.665 ms, pulse_ready=0.049 ms, pulse_apply=0.491 ms, pulse_total=0.540 ms, mti=0.132 ms, mtd=0.206 ms, doppler_total=0.338 ms, cfar=0.299 ms, total=1.965 ms, detections=10

CA-CFAR detections: 10
Showing up to 30 detections:
idx range_bin doppler_bin range(m) vel(m/s) power threshold
0 47 73 6895.23 31.23 2.374311e-09 1.186206e-09
1 48 73 7045.12 31.23 2.351859e-09 1.161951e-09
2 49 73 7195.02 31.23 2.074388e-09 1.184366e-09
3 46 73 6745.33 31.23 1.920191e-09 1.238537e-09
4 50 73 7344.92 31.23 1.673155e-09 1.204397e-09
5 47 72 6895.23 27.32 1.565329e-09 1.193580e-09
6 48 72 7045.12 27.32 1.512773e-09 1.168464e-09
7 45 73 6595.43 31.23 1.417166e-09 1.285668e-09
8 46 72 6745.33 27.32 1.319840e-09 1.244685e-09
9 49 72 7195.02 27.32 1.301145e-09 1.187322e-09
Strongest detection after CA-CFAR:
  Range bin    = 47
  Doppler bin  = 73
  Range        = 6895.23 m
  Radial vel.  = 31.23 m/s
  Power        = 2.374311e-09
  Threshold    = 1.186206e-09
Print Time: 0.000048259 sec

Average over 5 runs:
  load               = 0.906 ms (0.000906430 sec)
  pulse_ready        = 1.583 ms (0.001582641 sec)
  pulse_apply        = 1.108 ms (0.001107567 sec)
  pulse_total        = 2.690 ms (0.002690208 sec)
  mti                = 0.543 ms (0.000542885 sec)
  mtd                = 0.633 ms (0.000633429 sec)
  doppler_total      = 1.176 ms (0.001176314 sec)
  cfar               = 0.692 ms (0.000692260 sec)
  total              = 5.603 ms (0.005603456 sec)
  algo_only          = 4.559 ms (0.004558782 sec)
  detections         = 10.00
