OpenMP worker threads = 4
Loaded config:
  fc = 3000000000.000 Hz
  fs = 1000000.000 Hz
  PRF = 10000.000 Hz
  pulse width = 0.000010000 s
  sweep BW = 100000.000 Hz
  pulses = 128
  fast-time samples = 100
  lambda = 0.099930819 m
  pulse samples = 10
[run 1] load=1.099 ms, pulse_ready=3.693 ms, pulse_apply=1.866 ms, pulse_total=5.559 ms, mti=0.847 ms, mtd=2.465 ms, doppler_total=3.312 ms, cfar=2.311 ms, total=12.410 ms, detections=7
[run 2] load=0.869 ms, pulse_ready=0.038 ms, pulse_apply=0.465 ms, pulse_total=0.503 ms, mti=0.151 ms, mtd=0.217 ms, doppler_total=0.368 ms, cfar=0.382 ms, total=2.251 ms, detections=7
[run 3] load=0.707 ms, pulse_ready=0.045 ms, pulse_apply=0.501 ms, pulse_total=0.546 ms, mti=0.121 ms, mtd=0.220 ms, doppler_total=0.341 ms, cfar=0.282 ms, total=2.000 ms, detections=7
[run 4] load=0.730 ms, pulse_ready=0.040 ms, pulse_apply=0.467 ms, pulse_total=0.508 ms, mti=0.181 ms, mtd=0.232 ms, doppler_total=0.413 ms, cfar=0.551 ms, total=2.335 ms, detections=7
[run 5] load=0.879 ms, pulse_ready=0.356 ms, pulse_apply=0.480 ms, pulse_total=0.835 ms, mti=0.153 ms, mtd=0.220 ms, doppler_total=0.373 ms, cfar=0.282 ms, total=2.497 ms, detections=7

CA-CFAR detections: 7
Showing up to 30 detections:
idx range_bin doppler_bin range(m) vel(m/s) power threshold
0 47 73 6895.23 31.23 2.148700e-09 1.076161e-09
1 48 73 7045.12 31.23 2.038401e-09 1.064791e-09
2 46 73 6745.33 31.23 1.902133e-09 1.094919e-09
3 49 73 7195.02 31.23 1.745938e-09 1.069029e-09
4 45 73 6595.43 31.23 1.524540e-09 1.109916e-09
5 50 73 7344.92 31.23 1.375443e-09 1.053318e-09
6 44 73 6445.54 31.23 1.136212e-09 1.079455e-09
Strongest detection after CA-CFAR:
  Range bin    = 47
  Doppler bin  = 73
  Range        = 6895.23 m
  Radial vel.  = 31.23 m/s
  Power        = 2.148700e-09
  Threshold    = 1.076161e-09
Print Time: 0.000043500 sec

Average over 5 runs:
  load               = 0.857 ms (0.000856808 sec)
  pulse_ready        = 0.834 ms (0.000834363 sec)
  pulse_apply        = 0.756 ms (0.000755893 sec)
  pulse_total        = 1.590 ms (0.001590256 sec)
  mti                = 0.291 ms (0.000290626 sec)
  mtd                = 0.671 ms (0.000670774 sec)
  doppler_total      = 0.961 ms (0.000961400 sec)
  cfar               = 0.762 ms (0.000761534 sec)
  total              = 4.299 ms (0.004298519 sec)
  algo_only          = 3.313 ms (0.003313189 sec)
  detections         = 7.00
