OpenMP worker threads = 4
Loaded config:
  fc = 3000000000.000 Hz
  fs = 1000000.000 Hz
  PRF = 10000.000 Hz
  pulse width = 0.000010000 s
  sweep BW = 100000.000 Hz
  pulses = 128
  fast-time samples = 100
  lambda = 0.099930819 m
  pulse samples = 10
[run 1] load=1.165 ms, pulse_ready=0.362 ms, pulse_apply=1.365 ms, pulse_total=1.727 ms, mti=0.183 ms, mtd=0.230 ms, doppler_total=0.412 ms, cfar=0.357 ms, total=3.783 ms, detections=11
[run 2] load=1.171 ms, pulse_ready=0.041 ms, pulse_apply=0.483 ms, pulse_total=0.524 ms, mti=0.144 ms, mtd=0.224 ms, doppler_total=0.368 ms, cfar=0.292 ms, total=2.486 ms, detections=11
[run 3] load=0.714 ms, pulse_ready=0.042 ms, pulse_apply=0.642 ms, pulse_total=0.684 ms, mti=0.166 ms, mtd=0.204 ms, doppler_total=0.369 ms, cfar=0.283 ms, total=2.177 ms, detections=11
[run 4] load=0.721 ms, pulse_ready=0.039 ms, pulse_apply=0.477 ms, pulse_total=0.515 ms, mti=0.143 ms, mtd=0.202 ms, doppler_total=0.345 ms, cfar=0.283 ms, total=1.987 ms, detections=11
[run 5] load=0.776 ms, pulse_ready=0.039 ms, pulse_apply=0.477 ms, pulse_total=0.516 ms, mti=0.127 ms, mtd=0.224 ms, doppler_total=0.350 ms, cfar=0.277 ms, total=2.046 ms, detections=11

CA-CFAR detections: 11
Showing up to 30 detections:
idx range_bin doppler_bin range(m) vel(m/s) power threshold
0 48 73 7045.12 31.23 2.414264e-09 1.302343e-09
1 47 73 6895.23 31.23 2.408027e-09 1.286937e-09
2 49 73 7195.02 31.23 2.093761e-09 1.345629e-09
3 46 73 6745.33 31.23 2.015250e-09 1.324459e-09
4 50 73 7344.92 31.23 1.719762e-09 1.377299e-09
5 47 72 6895.23 27.32 1.609321e-09 1.289737e-09
6 48 72 7045.12 27.32 1.608498e-09 1.308675e-09
7 45 73 6595.43 31.23 1.496591e-09 1.356895e-09
8 49 72 7195.02 27.32 1.392712e-09 1.354606e-09
9 46 72 6745.33 27.32 1.344231e-09 1.318702e-09
10 95 114 14090.25 191.27 8.995769e-10 6.845401e-10
Strongest detection after CA-CFAR:
  Range bin    = 48
  Doppler bin  = 73
  Range        = 7045.12 m
  Radial vel.  = 31.23 m/s
  Power        = 2.414264e-09
  Threshold    = 1.302343e-09
Print Time: 0.000048648 sec

Average over 5 runs:
  load               = 0.909 ms (0.000909274 sec)
  pulse_ready        = 0.104 ms (0.000104467 sec)
  pulse_apply        = 0.689 ms (0.000688807 sec)
  pulse_total        = 0.793 ms (0.000793274 sec)
  mti                = 0.153 ms (0.000152504 sec)
  mtd                = 0.217 ms (0.000216559 sec)
  doppler_total      = 0.369 ms (0.000369063 sec)
  cfar               = 0.299 ms (0.000298548 sec)
  total              = 2.496 ms (0.002495707 sec)
  algo_only          = 1.461 ms (0.001460886 sec)
  detections         = 11.00
