OpenMP worker threads = 4
Loaded config:
  fc = 3000000000.000 Hz
  fs = 1000000.000 Hz
  PRF = 10000.000 Hz
  pulse width = 0.000010000 s
  sweep BW = 100000.000 Hz
  pulses = 128
  fast-time samples = 100
  lambda = 0.099930819 m
  pulse samples = 10
[run 1] load=1.261 ms, pulse_ready=3.161 ms, pulse_apply=2.910 ms, pulse_total=6.071 ms, mti=0.894 ms, mtd=1.815 ms, doppler_total=2.709 ms, cfar=2.760 ms, total=12.962 ms, detections=10
[run 2] load=0.810 ms, pulse_ready=2.838 ms, pulse_apply=2.314 ms, pulse_total=5.152 ms, mti=0.904 ms, mtd=1.739 ms, doppler_total=2.644 ms, cfar=2.753 ms, total=11.492 ms, detections=10
[run 3] load=0.693 ms, pulse_ready=2.529 ms, pulse_apply=1.556 ms, pulse_total=4.085 ms, mti=0.696 ms, mtd=0.215 ms, doppler_total=0.912 ms, cfar=0.302 ms, total=6.132 ms, detections=10
[run 4] load=0.736 ms, pulse_ready=0.238 ms, pulse_apply=0.477 ms, pulse_total=0.715 ms, mti=0.144 ms, mtd=0.223 ms, doppler_total=0.366 ms, cfar=0.281 ms, total=2.228 ms, detections=10
[run 5] load=1.101 ms, pulse_ready=0.050 ms, pulse_apply=0.498 ms, pulse_total=0.548 ms, mti=0.142 ms, mtd=0.248 ms, doppler_total=0.390 ms, cfar=0.285 ms, total=2.456 ms, detections=10

CA-CFAR detections: 10
Showing up to 30 detections:
idx range_bin doppler_bin range(m) vel(m/s) power threshold
0 30 22 4346.99 -167.85 2.684037e-09 2.531287e-09
1 48 73 7045.12 31.23 2.151590e-09 1.018494e-09
2 47 73 6895.23 31.23 2.008895e-09 1.042353e-09
3 49 73 7195.02 31.23 1.904929e-09 1.028421e-09
4 46 73 6745.33 31.23 1.620520e-09 1.086734e-09
5 50 73 7344.92 31.23 1.534930e-09 1.055977e-09
6 45 73 6595.43 31.23 1.229626e-09 1.092444e-09
7 48 72 7045.12 27.32 1.143735e-09 1.016814e-09
8 51 73 7494.81 31.23 1.100498e-09 1.060501e-09
9 49 72 7195.02 27.32 1.046420e-09 1.028095e-09
Strongest detection after CA-CFAR:
  Range bin    = 30
  Doppler bin  = 22
  Range        = 4346.99 m
  Radial vel.  = -167.85 m/s
  Power        = 2.684037e-09
  Threshold    = 2.531287e-09
Print Time: 0.000048074 sec

Average over 5 runs:
  load               = 0.920 ms (0.000920233 sec)
  pulse_ready        = 1.763 ms (0.001763048 sec)
  pulse_apply        = 1.551 ms (0.001550996 sec)
  pulse_total        = 3.314 ms (0.003314044 sec)
  mti                = 0.556 ms (0.000555955 sec)
  mtd                = 0.848 ms (0.000848230 sec)
  doppler_total      = 1.404 ms (0.001404185 sec)
  cfar               = 1.276 ms (0.001276226 sec)
  total              = 7.054 ms (0.007054285 sec)
  algo_only          = 5.994 ms (0.005994455 sec)
  detections         = 10.00
