OpenMP worker threads = 4
Loaded config:
  fc = 3000000000.000 Hz
  fs = 1000000.000 Hz
  PRF = 10000.000 Hz
  pulse width = 0.000010000 s
  sweep BW = 100000.000 Hz
  pulses = 128
  fast-time samples = 100
  lambda = 0.099930819 m
  pulse samples = 10
[run 1] load=1.144 ms, pulse_ready=0.387 ms, pulse_apply=0.694 ms, pulse_total=1.082 ms, mti=0.120 ms, mtd=0.349 ms, doppler_total=0.469 ms, cfar=0.315 ms, total=3.126 ms, detections=15
[run 2] load=0.873 ms, pulse_ready=0.038 ms, pulse_apply=0.490 ms, pulse_total=0.528 ms, mti=0.126 ms, mtd=0.222 ms, doppler_total=0.348 ms, cfar=0.298 ms, total=2.175 ms, detections=15
[run 3] load=0.759 ms, pulse_ready=0.038 ms, pulse_apply=0.597 ms, pulse_total=0.635 ms, mti=0.160 ms, mtd=0.204 ms, doppler_total=0.364 ms, cfar=0.379 ms, total=2.261 ms, detections=15
[run 4] load=0.725 ms, pulse_ready=0.037 ms, pulse_apply=0.638 ms, pulse_total=0.676 ms, mti=0.155 ms, mtd=0.203 ms, doppler_total=0.358 ms, cfar=0.292 ms, total=2.174 ms, detections=15
[run 5] load=0.710 ms, pulse_ready=0.037 ms, pulse_apply=0.522 ms, pulse_total=0.558 ms, mti=0.128 ms, mtd=0.222 ms, doppler_total=0.351 ms, cfar=0.293 ms, total=2.036 ms, detections=15

CA-CFAR detections: 15
Showing up to 30 detections:
idx range_bin doppler_bin range(m) vel(m/s) power threshold
0 42 122 6145.75 222.50 3.641112e-09 3.197208e-09
1 43 122 6295.64 222.50 3.565992e-09 3.064081e-09
2 47 73 6895.23 31.23 2.561616e-09 1.263394e-09
3 48 73 7045.12 31.23 2.504734e-09 1.229024e-09
4 49 73 7195.02 31.23 2.237851e-09 1.238045e-09
5 46 73 6745.33 31.23 2.204402e-09 1.310496e-09
6 45 73 6595.43 31.23 1.787306e-09 1.341789e-09
7 50 73 7344.92 31.23 1.713020e-09 1.249593e-09
8 47 72 6895.23 27.32 1.488168e-09 1.261868e-09
9 48 72 7045.12 27.32 1.459316e-09 1.227802e-09
10 44 73 6445.54 31.23 1.358776e-09 1.303652e-09
11 28 29 4047.20 -140.53 1.315568e-09 1.310524e-09
12 49 72 7195.02 27.32 1.283013e-09 1.235333e-09
13 52 99 7644.71 132.72 9.642864e-10 9.499140e-10
14 95 77 14090.25 46.84 1.523226e-10 1.384080e-10
Strongest detection after CA-CFAR:
  Range bin    = 42
  Doppler bin  = 122
  Range        = 6145.75 m
  Radial vel.  = 222.50 m/s
  Power        = 3.641112e-09
  Threshold    = 3.197208e-09
Print Time: 0.000062148 sec

Average over 5 runs:
  load               = 0.842 ms (0.000842319 sec)
  pulse_ready        = 0.107 ms (0.000107444 sec)
  pulse_apply        = 0.588 ms (0.000588418 sec)
  pulse_total        = 0.696 ms (0.000695862 sec)
  mti                = 0.138 ms (0.000137777 sec)
  mtd                = 0.240 ms (0.000239971 sec)
  doppler_total      = 0.378 ms (0.000377748 sec)
  cfar               = 0.315 ms (0.000315293 sec)
  total              = 2.354 ms (0.002354389 sec)
  algo_only          = 1.389 ms (0.001388903 sec)
  detections         = 15.00
