OpenMP worker threads = 4
Loaded config:
  fc = 3000000000.000 Hz
  fs = 1000000.000 Hz
  PRF = 10000.000 Hz
  pulse width = 0.000010000 s
  sweep BW = 100000.000 Hz
  pulses = 128
  fast-time samples = 100
  lambda = 0.099930819 m
  pulse samples = 10
[run 1] load=2.015 ms, pulse_ready=0.364 ms, pulse_apply=0.628 ms, pulse_total=0.992 ms, mti=0.118 ms, mtd=0.242 ms, doppler_total=0.360 ms, cfar=0.307 ms, total=3.788 ms, detections=11
[run 2] load=0.779 ms, pulse_ready=0.043 ms, pulse_apply=0.466 ms, pulse_total=0.509 ms, mti=0.126 ms, mtd=0.223 ms, doppler_total=0.348 ms, cfar=0.383 ms, total=2.148 ms, detections=11
[run 3] load=0.732 ms, pulse_ready=0.038 ms, pulse_apply=0.468 ms, pulse_total=0.506 ms, mti=0.142 ms, mtd=0.202 ms, doppler_total=0.343 ms, cfar=0.284 ms, total=1.987 ms, detections=11
[run 4] load=0.733 ms, pulse_ready=0.038 ms, pulse_apply=0.466 ms, pulse_total=0.504 ms, mti=0.190 ms, mtd=0.205 ms, doppler_total=0.396 ms, cfar=0.286 ms, total=2.041 ms, detections=11
[run 5] load=0.736 ms, pulse_ready=0.040 ms, pulse_apply=0.479 ms, pulse_total=0.519 ms, mti=0.120 ms, mtd=0.225 ms, doppler_total=0.344 ms, cfar=0.284 ms, total=2.008 ms, detections=11

CA-CFAR detections: 11
Showing up to 30 detections:
idx range_bin doppler_bin range(m) vel(m/s) power threshold
0 47 73 6895.23 31.23 2.287495e-09 1.163180e-09
1 48 73 7045.12 31.23 2.170371e-09 1.191479e-09
2 46 73 6745.33 31.23 2.122920e-09 1.149667e-09
3 93 99 13790.45 132.72 1.868892e-09 1.703176e-09
4 49 73 7195.02 31.23 1.856464e-09 1.218668e-09
5 45 73 6595.43 31.23 1.783700e-09 1.152749e-09
6 50 73 7344.92 31.23 1.462741e-09 1.208095e-09
7 44 73 6445.54 31.23 1.297995e-09 1.141912e-09
8 47 72 6895.23 27.32 1.263925e-09 1.172017e-09
9 48 72 7045.12 27.32 1.221160e-09 1.193907e-09
10 26 78 3747.41 50.75 3.852939e-10 3.705198e-10
Strongest detection after CA-CFAR:
  Range bin    = 47
  Doppler bin  = 73
  Range        = 6895.23 m
  Radial vel.  = 31.23 m/s
  Power        = 2.287495e-09
  Threshold    = 1.163180e-09
Print Time: 0.000047963 sec

Average over 5 runs:
  load               = 0.999 ms (0.000998856 sec)
  pulse_ready        = 0.104 ms (0.000104493 sec)
  pulse_apply        = 0.501 ms (0.000501267 sec)
  pulse_total        = 0.606 ms (0.000605759 sec)
  mti                = 0.139 ms (0.000139152 sec)
  mtd                = 0.219 ms (0.000219281 sec)
  doppler_total      = 0.358 ms (0.000358433 sec)
  cfar               = 0.309 ms (0.000308785 sec)
  total              = 2.394 ms (0.002394266 sec)
  algo_only          = 1.273 ms (0.001272978 sec)
  detections         = 11.00
