OpenMP worker threads = 4
Loaded config:
  fc = 3000000000.000 Hz
  fs = 1000000.000 Hz
  PRF = 10000.000 Hz
  pulse width = 0.000010000 s
  sweep BW = 100000.000 Hz
  pulses = 128
  fast-time samples = 100
  lambda = 0.099930819 m
  pulse samples = 10
[run 1] load=1.113 ms, pulse_ready=4.100 ms, pulse_apply=1.920 ms, pulse_total=6.020 ms, mti=0.846 ms, mtd=2.460 ms, doppler_total=3.307 ms, cfar=2.093 ms, total=12.694 ms, detections=12
[run 2] load=0.731 ms, pulse_ready=3.487 ms, pulse_apply=1.550 ms, pulse_total=5.037 ms, mti=0.287 ms, mtd=0.216 ms, doppler_total=0.503 ms, cfar=0.289 ms, total=6.695 ms, detections=12
[run 3] load=0.696 ms, pulse_ready=0.045 ms, pulse_apply=0.488 ms, pulse_total=0.533 ms, mti=0.143 ms, mtd=0.199 ms, doppler_total=0.342 ms, cfar=0.289 ms, total=1.983 ms, detections=12
[run 4] load=0.809 ms, pulse_ready=0.223 ms, pulse_apply=0.493 ms, pulse_total=0.716 ms, mti=0.175 ms, mtd=0.221 ms, doppler_total=0.396 ms, cfar=0.286 ms, total=2.337 ms, detections=12
[run 5] load=0.770 ms, pulse_ready=0.041 ms, pulse_apply=0.496 ms, pulse_total=0.537 ms, mti=0.123 ms, mtd=0.392 ms, doppler_total=0.516 ms, cfar=0.319 ms, total=2.269 ms, detections=12

CA-CFAR detections: 12
Showing up to 30 detections:
idx range_bin doppler_bin range(m) vel(m/s) power threshold
0 48 73 7045.12 31.23 2.008231e-09 1.005886e-09
1 47 73 6895.23 31.23 1.994642e-09 1.036973e-09
2 18 95 2548.24 117.11 1.870384e-09 1.868556e-09
3 49 73 7195.02 31.23 1.848526e-09 9.962880e-10
4 46 73 6745.33 31.23 1.671986e-09 1.063621e-09
5 50 73 7344.92 31.23 1.496361e-09 9.913031e-10
6 45 73 6595.43 31.23 1.380580e-09 1.070596e-09
7 48 72 7045.12 27.32 1.156739e-09 1.002821e-09
8 47 72 6895.23 27.32 1.091927e-09 1.036271e-09
9 49 72 7195.02 27.32 1.082246e-09 9.915807e-10
10 51 73 7494.81 31.23 1.043999e-09 9.788909e-10
11 24 77 3447.61 46.84 1.951556e-10 1.942672e-10
Strongest detection after CA-CFAR:
  Range bin    = 48
  Doppler bin  = 73
  Range        = 7045.12 m
  Radial vel.  = 31.23 m/s
  Power        = 2.008231e-09
  Threshold    = 1.005886e-09
Print Time: 0.000053371 sec

Average over 5 runs:
  load               = 0.824 ms (0.000823807 sec)
  pulse_ready        = 1.579 ms (0.001579356 sec)
  pulse_apply        = 0.989 ms (0.000989433 sec)
  pulse_total        = 2.569 ms (0.002568789 sec)
  mti                = 0.315 ms (0.000315026 sec)
  mtd                = 0.698 ms (0.000697841 sec)
  doppler_total      = 1.013 ms (0.001012867 sec)
  cfar               = 0.655 ms (0.000655074 sec)
  total              = 5.195 ms (0.005195433 sec)
  algo_only          = 4.237 ms (0.004236730 sec)
  detections         = 12.00
