OpenMP worker threads = 4
Loaded config:
  fc = 3000000000.000 Hz
  fs = 1000000.000 Hz
  PRF = 10000.000 Hz
  pulse width = 0.000010000 s
  sweep BW = 100000.000 Hz
  pulses = 128
  fast-time samples = 100
  lambda = 0.099930819 m
  pulse samples = 10
[run 1] load=1.697 ms, pulse_ready=3.365 ms, pulse_apply=3.523 ms, pulse_total=6.887 ms, mti=1.399 ms, mtd=4.091 ms, doppler_total=5.490 ms, cfar=3.412 ms, total=17.695 ms, detections=11
[run 2] load=1.043 ms, pulse_ready=4.591 ms, pulse_apply=3.116 ms, pulse_total=7.708 ms, mti=0.785 ms, mtd=2.073 ms, doppler_total=2.858 ms, cfar=2.485 ms, total=14.586 ms, detections=11
[run 3] load=0.793 ms, pulse_ready=0.041 ms, pulse_apply=0.479 ms, pulse_total=0.520 ms, mti=0.157 ms, mtd=0.207 ms, doppler_total=0.365 ms, cfar=0.287 ms, total=2.093 ms, detections=11
[run 4] load=0.728 ms, pulse_ready=0.047 ms, pulse_apply=0.483 ms, pulse_total=0.530 ms, mti=0.178 ms, mtd=0.209 ms, doppler_total=0.387 ms, cfar=0.287 ms, total=2.068 ms, detections=11
[run 5] load=0.724 ms, pulse_ready=0.045 ms, pulse_apply=0.471 ms, pulse_total=0.516 ms, mti=0.129 ms, mtd=0.221 ms, doppler_total=0.350 ms, cfar=0.284 ms, total=2.000 ms, detections=11

CA-CFAR detections: 11
Showing up to 30 detections:
idx range_bin doppler_bin range(m) vel(m/s) power threshold
0 48 73 7045.12 31.23 2.458257e-09 1.323133e-09
1 47 73 6895.23 31.23 2.393346e-09 1.308390e-09
2 49 73 7195.02 31.23 2.245047e-09 1.370145e-09
3 46 73 6745.33 31.23 1.995789e-09 1.321179e-09
4 94 21 13940.35 -171.76 1.952258e-09 1.635011e-09
5 50 73 7344.92 31.23 1.853096e-09 1.402530e-09
6 95 21 14090.25 -171.76 1.792735e-09 1.544728e-09
7 48 72 7045.12 27.32 1.487615e-09 1.322646e-09
8 45 73 6595.43 31.23 1.481443e-09 1.323317e-09
9 47 72 6895.23 27.32 1.463713e-09 1.307145e-09
10 51 73 7494.81 31.23 1.422239e-09 1.389424e-09
Strongest detection after CA-CFAR:
  Range bin    = 48
  Doppler bin  = 73
  Range        = 7045.12 m
  Radial vel.  = 31.23 m/s
  Power        = 2.458257e-09
  Threshold    = 1.323133e-09
Print Time: 0.000051482 sec

Average over 5 runs:
  load               = 0.997 ms (0.000996937 sec)
  pulse_ready        = 1.618 ms (0.001617718 sec)
  pulse_apply        = 1.614 ms (0.001614452 sec)
  pulse_total        = 3.232 ms (0.003232170 sec)
  mti                = 0.530 ms (0.000529663 sec)
  mtd                = 1.360 ms (0.001359989 sec)
  doppler_total      = 1.890 ms (0.001889652 sec)
  cfar               = 1.351 ms (0.001351040 sec)
  total              = 7.688 ms (0.007688152 sec)
  algo_only          = 6.473 ms (0.006472862 sec)
  detections         = 11.00
