OpenMP worker threads = 4
Loaded config:
  fc = 3000000000.000 Hz
  fs = 1000000.000 Hz
  PRF = 10000.000 Hz
  pulse width = 0.000010000 s
  sweep BW = 100000.000 Hz
  pulses = 128
  fast-time samples = 100
  lambda = 0.099930819 m
  pulse samples = 10
[run 1] load=1.232 ms, pulse_ready=0.371 ms, pulse_apply=0.722 ms, pulse_total=1.093 ms, mti=0.119 ms, mtd=0.247 ms, doppler_total=0.366 ms, cfar=0.307 ms, total=3.120 ms, detections=10
[run 2] load=0.973 ms, pulse_ready=2.958 ms, pulse_apply=1.605 ms, pulse_total=4.563 ms, mti=0.879 ms, mtd=2.434 ms, doppler_total=3.313 ms, cfar=1.895 ms, total=10.876 ms, detections=10
[run 3] load=0.743 ms, pulse_ready=0.037 ms, pulse_apply=0.473 ms, pulse_total=0.510 ms, mti=0.150 ms, mtd=0.202 ms, doppler_total=0.352 ms, cfar=0.283 ms, total=2.014 ms, detections=10
[run 4] load=0.718 ms, pulse_ready=0.035 ms, pulse_apply=0.480 ms, pulse_total=0.515 ms, mti=0.178 ms, mtd=0.207 ms, doppler_total=0.385 ms, cfar=0.288 ms, total=2.038 ms, detections=10
[run 5] load=0.757 ms, pulse_ready=0.037 ms, pulse_apply=0.469 ms, pulse_total=0.506 ms, mti=0.130 ms, mtd=0.221 ms, doppler_total=0.351 ms, cfar=0.277 ms, total=2.014 ms, detections=10

CA-CFAR detections: 10
Showing up to 30 detections:
idx range_bin doppler_bin range(m) vel(m/s) power threshold
0 47 73 6895.23 31.23 2.199897e-09 1.149490e-09
1 48 73 7045.12 31.23 2.181627e-09 1.164728e-09
2 46 73 6745.33 31.23 2.010306e-09 1.155659e-09
3 49 73 7195.02 31.23 1.887396e-09 1.201181e-09
4 45 73 6595.43 31.23 1.631010e-09 1.166697e-09
5 50 73 7344.92 31.23 1.457506e-09 1.218986e-09
6 47 72 6895.23 27.32 1.291700e-09 1.117541e-09
7 48 72 7045.12 27.32 1.259496e-09 1.137725e-09
8 46 72 6745.33 27.32 1.165207e-09 1.117087e-09
9 44 73 6445.54 31.23 1.155398e-09 1.152408e-09
Strongest detection after CA-CFAR:
  Range bin    = 47
  Doppler bin  = 73
  Range        = 6895.23 m
  Radial vel.  = 31.23 m/s
  Power        = 2.199897e-09
  Threshold    = 1.149490e-09
Print Time: 0.000059685 sec

Average over 5 runs:
  load               = 0.885 ms (0.000884600 sec)
  pulse_ready        = 0.688 ms (0.000687600 sec)
  pulse_apply        = 0.750 ms (0.000749811 sec)
  pulse_total        = 1.437 ms (0.001437411 sec)
  mti                = 0.291 ms (0.000291296 sec)
  mtd                = 0.662 ms (0.000662333 sec)
  doppler_total      = 0.954 ms (0.000953630 sec)
  cfar               = 0.610 ms (0.000610104 sec)
  total              = 4.013 ms (0.004012552 sec)
  algo_only          = 3.001 ms (0.003001144 sec)
  detections         = 10.00
