OpenMP worker threads = 4
Loaded config:
  fc = 3000000000.000 Hz
  fs = 1000000.000 Hz
  PRF = 10000.000 Hz
  pulse width = 0.000010000 s
  sweep BW = 100000.000 Hz
  pulses = 128
  fast-time samples = 100
  lambda = 0.099930819 m
  pulse samples = 10
[run 1] load=1.681 ms, pulse_ready=3.911 ms, pulse_apply=1.979 ms, pulse_total=5.889 ms, mti=0.916 ms, mtd=2.469 ms, doppler_total=3.385 ms, cfar=1.118 ms, total=12.216 ms, detections=9
[run 2] load=0.758 ms, pulse_ready=0.039 ms, pulse_apply=0.476 ms, pulse_total=0.515 ms, mti=0.127 ms, mtd=0.236 ms, doppler_total=0.363 ms, cfar=0.299 ms, total=2.066 ms, detections=9
[run 3] load=0.728 ms, pulse_ready=0.038 ms, pulse_apply=0.479 ms, pulse_total=0.517 ms, mti=0.321 ms, mtd=0.232 ms, doppler_total=0.554 ms, cfar=0.297 ms, total=2.224 ms, detections=9
[run 4] load=0.727 ms, pulse_ready=0.036 ms, pulse_apply=0.503 ms, pulse_total=0.539 ms, mti=0.124 ms, mtd=0.206 ms, doppler_total=0.331 ms, cfar=0.283 ms, total=2.004 ms, detections=9
[run 5] load=0.817 ms, pulse_ready=0.036 ms, pulse_apply=0.487 ms, pulse_total=0.523 ms, mti=0.155 ms, mtd=0.203 ms, doppler_total=0.357 ms, cfar=0.284 ms, total=2.108 ms, detections=9

CA-CFAR detections: 9
Showing up to 30 detections:
idx range_bin doppler_bin range(m) vel(m/s) power threshold
0 48 73 7045.12 31.23 2.376602e-09 1.226114e-09
1 47 73 6895.23 31.23 2.356822e-09 1.215673e-09
2 46 73 6745.33 31.23 2.093985e-09 1.237618e-09
3 49 73 7195.02 31.23 2.015244e-09 1.264502e-09
4 45 73 6595.43 31.23 1.727568e-09 1.269087e-09
5 50 73 7344.92 31.23 1.569994e-09 1.280570e-09
6 47 72 6895.23 27.32 1.421828e-09 1.188489e-09
7 48 72 7045.12 27.32 1.361664e-09 1.195982e-09
8 46 72 6745.33 27.32 1.251928e-09 1.215676e-09
Strongest detection after CA-CFAR:
  Range bin    = 48
  Doppler bin  = 73
  Range        = 7045.12 m
  Radial vel.  = 31.23 m/s
  Power        = 2.376602e-09
  Threshold    = 1.226114e-09
Print Time: 0.000041352 sec

Average over 5 runs:
  load               = 0.942 ms (0.000941859 sec)
  pulse_ready        = 0.812 ms (0.000811863 sec)
  pulse_apply        = 0.785 ms (0.000784592 sec)
  pulse_total        = 1.596 ms (0.001596456 sec)
  mti                = 0.329 ms (0.000328682 sec)
  mtd                = 0.669 ms (0.000669248 sec)
  doppler_total      = 0.998 ms (0.000997930 sec)
  cfar               = 0.456 ms (0.000456389 sec)
  total              = 4.124 ms (0.004123578 sec)
  algo_only          = 3.051 ms (0.003050774 sec)
  detections         = 9.00
