OpenMP worker threads = 4
Loaded config:
  fc = 3000000000.000 Hz
  fs = 1000000.000 Hz
  PRF = 10000.000 Hz
  pulse width = 0.000010000 s
  sweep BW = 100000.000 Hz
  pulses = 128
  fast-time samples = 100
  lambda = 0.099930819 m
  pulse samples = 10
[run 1] load=1.259 ms, pulse_ready=0.355 ms, pulse_apply=1.480 ms, pulse_total=1.835 ms, mti=0.187 ms, mtd=0.236 ms, doppler_total=0.423 ms, cfar=0.306 ms, total=3.944 ms, detections=9
[run 2] load=0.834 ms, pulse_ready=0.040 ms, pulse_apply=0.483 ms, pulse_total=0.523 ms, mti=0.153 ms, mtd=0.210 ms, doppler_total=0.363 ms, cfar=0.297 ms, total=2.147 ms, detections=9
[run 3] load=0.734 ms, pulse_ready=0.047 ms, pulse_apply=0.495 ms, pulse_total=0.542 ms, mti=0.141 ms, mtd=0.199 ms, doppler_total=0.339 ms, cfar=0.285 ms, total=2.019 ms, detections=9
[run 4] load=0.780 ms, pulse_ready=0.037 ms, pulse_apply=0.488 ms, pulse_total=0.524 ms, mti=0.147 ms, mtd=0.201 ms, doppler_total=0.348 ms, cfar=0.286 ms, total=2.061 ms, detections=9
[run 5] load=0.734 ms, pulse_ready=0.041 ms, pulse_apply=0.473 ms, pulse_total=0.514 ms, mti=0.119 ms, mtd=0.263 ms, doppler_total=0.383 ms, cfar=0.302 ms, total=2.054 ms, detections=9

CA-CFAR detections: 9
Showing up to 30 detections:
idx range_bin doppler_bin range(m) vel(m/s) power threshold
0 48 73 7045.12 31.23 2.605385e-09 1.183726e-09
1 47 73 6895.23 31.23 2.591630e-09 1.207748e-09
2 49 73 7195.02 31.23 2.266968e-09 1.212816e-09
3 46 73 6745.33 31.23 2.147589e-09 1.269054e-09
4 50 73 7344.92 31.23 1.777376e-09 1.255388e-09
5 45 73 6595.43 31.23 1.604067e-09 1.322941e-09
6 48 72 7045.12 27.32 1.452640e-09 1.167370e-09
7 47 72 6895.23 27.32 1.445939e-09 1.192833e-09
8 49 72 7195.02 27.32 1.262696e-09 1.192047e-09
Strongest detection after CA-CFAR:
  Range bin    = 48
  Doppler bin  = 73
  Range        = 7045.12 m
  Radial vel.  = 31.23 m/s
  Power        = 2.605385e-09
  Threshold    = 1.183726e-09
Print Time: 0.000043908 sec

Average over 5 runs:
  load               = 0.868 ms (0.000868163 sec)
  pulse_ready        = 0.104 ms (0.000103948 sec)
  pulse_apply        = 0.684 ms (0.000683715 sec)
  pulse_total        = 0.788 ms (0.000787663 sec)
  mti                = 0.149 ms (0.000149415 sec)
  mtd                = 0.222 ms (0.000221600 sec)
  doppler_total      = 0.371 ms (0.000371015 sec)
  cfar               = 0.295 ms (0.000295311 sec)
  total              = 2.445 ms (0.002445096 sec)
  algo_only          = 1.454 ms (0.001453989 sec)
  detections         = 9.00
