OpenMP worker threads = 4
Loaded config:
  fc = 3000000000.000 Hz
  fs = 1000000.000 Hz
  PRF = 10000.000 Hz
  pulse width = 0.000010000 s
  sweep BW = 100000.000 Hz
  pulses = 128
  fast-time samples = 100
  lambda = 0.099930819 m
  pulse samples = 10
[run 1] load=1.241 ms, pulse_ready=3.358 ms, pulse_apply=2.657 ms, pulse_total=6.015 ms, mti=0.822 ms, mtd=1.772 ms, doppler_total=2.595 ms, cfar=2.766 ms, total=12.764 ms, detections=8
[run 2] load=1.045 ms, pulse_ready=2.478 ms, pulse_apply=1.615 ms, pulse_total=4.093 ms, mti=0.554 ms, mtd=2.165 ms, doppler_total=2.719 ms, cfar=2.346 ms, total=10.503 ms, detections=8
[run 3] load=1.275 ms, pulse_ready=3.055 ms, pulse_apply=1.613 ms, pulse_total=4.669 ms, mti=0.743 ms, mtd=0.215 ms, doppler_total=0.958 ms, cfar=0.284 ms, total=7.340 ms, detections=8
[run 4] load=0.693 ms, pulse_ready=0.049 ms, pulse_apply=0.477 ms, pulse_total=0.526 ms, mti=0.144 ms, mtd=0.205 ms, doppler_total=0.349 ms, cfar=0.287 ms, total=1.984 ms, detections=8
[run 5] load=0.884 ms, pulse_ready=0.046 ms, pulse_apply=0.474 ms, pulse_total=0.520 ms, mti=0.128 ms, mtd=0.227 ms, doppler_total=0.355 ms, cfar=0.287 ms, total=2.173 ms, detections=8

CA-CFAR detections: 8
Showing up to 30 detections:
idx range_bin doppler_bin range(m) vel(m/s) power threshold
0 48 73 7045.12 31.23 1.774473e-09 9.249665e-10
1 47 73 6895.23 31.23 1.641589e-09 9.587967e-10
2 49 73 7195.02 31.23 1.612269e-09 9.237658e-10
3 46 73 6745.33 31.23 1.325985e-09 9.978502e-10
4 50 73 7344.92 31.23 1.300742e-09 9.498593e-10
5 45 73 6595.43 31.23 1.030037e-09 1.008671e-09
6 48 72 7045.12 27.32 9.501389e-10 9.061738e-10
7 49 72 7195.02 27.32 9.107872e-10 9.014539e-10
Strongest detection after CA-CFAR:
  Range bin    = 48
  Doppler bin  = 73
  Range        = 7045.12 m
  Radial vel.  = 31.23 m/s
  Power        = 1.774473e-09
  Threshold    = 9.249665e-10
Print Time: 0.000042759 sec

Average over 5 runs:
  load               = 1.028 ms (0.001027500 sec)
  pulse_ready        = 1.797 ms (0.001797219 sec)
  pulse_apply        = 1.367 ms (0.001367267 sec)
  pulse_total        = 3.164 ms (0.003164485 sec)
  mti                = 0.478 ms (0.000478245 sec)
  mtd                = 0.917 ms (0.000916696 sec)
  doppler_total      = 1.395 ms (0.001394941 sec)
  cfar               = 1.194 ms (0.001193844 sec)
  total              = 6.953 ms (0.006952778 sec)
  algo_only          = 5.753 ms (0.005753271 sec)
  detections         = 8.00
