OpenMP worker threads = 4
Loaded config:
  fc = 3000000000.000 Hz
  fs = 1000000.000 Hz
  PRF = 10000.000 Hz
  pulse width = 0.000010000 s
  sweep BW = 100000.000 Hz
  pulses = 128
  fast-time samples = 100
  lambda = 0.099930819 m
  pulse samples = 10
[run 1] load=3.080 ms, pulse_ready=3.011 ms, pulse_apply=2.135 ms, pulse_total=5.146 ms, mti=0.822 ms, mtd=1.808 ms, doppler_total=2.630 ms, cfar=0.319 ms, total=11.311 ms, detections=17
[run 2] load=0.896 ms, pulse_ready=2.448 ms, pulse_apply=2.862 ms, pulse_total=5.310 ms, mti=0.574 ms, mtd=0.516 ms, doppler_total=1.091 ms, cfar=0.298 ms, total=7.727 ms, detections=17
[run 3] load=0.716 ms, pulse_ready=0.038 ms, pulse_apply=0.463 ms, pulse_total=0.501 ms, mti=0.144 ms, mtd=0.201 ms, doppler_total=0.346 ms, cfar=0.283 ms, total=1.970 ms, detections=17
[run 4] load=0.712 ms, pulse_ready=0.327 ms, pulse_apply=0.470 ms, pulse_total=0.797 ms, mti=0.162 ms, mtd=0.204 ms, doppler_total=0.366 ms, cfar=0.283 ms, total=2.284 ms, detections=17
[run 5] load=1.079 ms, pulse_ready=2.463 ms, pulse_apply=1.890 ms, pulse_total=4.352 ms, mti=0.767 ms, mtd=1.937 ms, doppler_total=2.704 ms, cfar=2.596 ms, total=10.890 ms, detections=17

CA-CFAR detections: 17
Showing up to 30 detections:
idx range_bin doppler_bin range(m) vel(m/s) power threshold
0 47 73 6895.23 31.23 2.685262e-09 1.284198e-09
1 48 73 7045.12 31.23 2.624964e-09 1.303121e-09
2 46 73 6745.33 31.23 2.359687e-09 1.314367e-09
3 49 73 7195.02 31.23 2.195648e-09 1.351495e-09
4 45 73 6595.43 31.23 1.817314e-09 1.354274e-09
5 70 32 10342.84 -128.82 1.783100e-09 1.558225e-09
6 71 32 10492.74 -128.82 1.639084e-09 1.536511e-09
7 50 73 7344.92 31.23 1.615942e-09 1.376023e-09
8 28 29 4047.20 -140.53 1.569547e-09 1.476797e-09
9 47 72 6895.23 27.32 1.540364e-09 1.260269e-09
10 48 72 7045.12 27.32 1.530952e-09 1.274337e-09
11 46 72 6745.33 27.32 1.355972e-09 1.295477e-09
12 91 35 13490.66 -117.11 1.068239e-09 1.041355e-09
13 44 40 6445.54 -97.59 6.505530e-10 5.534146e-10
14 73 51 10792.53 -54.65 3.207390e-10 2.581954e-10
15 74 51 10942.42 -54.65 3.002559e-10 2.887111e-10
16 72 51 10642.63 -54.65 2.995779e-10 2.700737e-10
Strongest detection after CA-CFAR:
  Range bin    = 47
  Doppler bin  = 73
  Range        = 6895.23 m
  Radial vel.  = 31.23 m/s
  Power        = 2.685262e-09
  Threshold    = 1.284198e-09
Print Time: 0.000063648 sec

Average over 5 runs:
  load               = 1.297 ms (0.001296726 sec)
  pulse_ready        = 1.657 ms (0.001657374 sec)
  pulse_apply        = 1.564 ms (0.001563878 sec)
  pulse_total        = 3.221 ms (0.003221252 sec)
  mti                = 0.494 ms (0.000494040 sec)
  mtd                = 0.933 ms (0.000933163 sec)
  doppler_total      = 1.427 ms (0.001427203 sec)
  cfar               = 0.756 ms (0.000755730 sec)
  total              = 6.837 ms (0.006836593 sec)
  algo_only          = 5.404 ms (0.005404185 sec)
  detections         = 17.00
