OpenMP worker threads = 4
Loaded config:
  fc = 3000000000.000 Hz
  fs = 1000000.000 Hz
  PRF = 10000.000 Hz
  pulse width = 0.000010000 s
  sweep BW = 100000.000 Hz
  pulses = 128
  fast-time samples = 100
  lambda = 0.099930819 m
  pulse samples = 10
[run 1] load=1.132 ms, pulse_ready=1.031 ms, pulse_apply=0.675 ms, pulse_total=1.706 ms, mti=0.114 ms, mtd=0.236 ms, doppler_total=0.350 ms, cfar=0.310 ms, total=3.629 ms, detections=9
[run 2] load=0.731 ms, pulse_ready=0.044 ms, pulse_apply=0.468 ms, pulse_total=0.511 ms, mti=0.137 ms, mtd=0.278 ms, doppler_total=0.414 ms, cfar=0.314 ms, total=2.103 ms, detections=9
[run 3] load=0.701 ms, pulse_ready=0.037 ms, pulse_apply=0.485 ms, pulse_total=0.522 ms, mti=0.144 ms, mtd=0.200 ms, doppler_total=0.344 ms, cfar=0.286 ms, total=1.975 ms, detections=9
[run 4] load=0.728 ms, pulse_ready=0.040 ms, pulse_apply=0.509 ms, pulse_total=0.549 ms, mti=0.153 ms, mtd=0.201 ms, doppler_total=0.354 ms, cfar=0.289 ms, total=2.046 ms, detections=9
[run 5] load=0.743 ms, pulse_ready=0.138 ms, pulse_apply=0.487 ms, pulse_total=0.625 ms, mti=0.128 ms, mtd=0.204 ms, doppler_total=0.332 ms, cfar=0.287 ms, total=2.113 ms, detections=9

CA-CFAR detections: 9
Showing up to 30 detections:
idx range_bin doppler_bin range(m) vel(m/s) power threshold
0 74 7 10942.42 -226.41 3.404654e-09 3.264086e-09
1 47 73 6895.23 31.23 2.666566e-09 1.378099e-09
2 48 73 7045.12 31.23 2.591015e-09 1.382317e-09
3 46 73 6745.33 31.23 2.285315e-09 1.419874e-09
4 49 73 7195.02 31.23 2.201987e-09 1.422471e-09
5 45 73 6595.43 31.23 1.733341e-09 1.462494e-09
6 50 73 7344.92 31.23 1.703144e-09 1.444399e-09
7 47 72 6895.23 27.32 1.484146e-09 1.395865e-09
8 48 72 7045.12 27.32 1.453025e-09 1.389510e-09
Strongest detection after CA-CFAR:
  Range bin    = 74
  Doppler bin  = 7
  Range        = 10942.42 m
  Radial vel.  = -226.41 m/s
  Power        = 3.404654e-09
  Threshold    = 3.264086e-09
Print Time: 0.000054297 sec

Average over 5 runs:
  load               = 0.807 ms (0.000806948 sec)
  pulse_ready        = 0.258 ms (0.000258008 sec)
  pulse_apply        = 0.525 ms (0.000524841 sec)
  pulse_total        = 0.783 ms (0.000782848 sec)
  mti                = 0.135 ms (0.000135185 sec)
  mtd                = 0.224 ms (0.000223637 sec)
  doppler_total      = 0.359 ms (0.000358822 sec)
  cfar               = 0.297 ms (0.000297159 sec)
  total              = 2.374 ms (0.002373529 sec)
  algo_only          = 1.439 ms (0.001438830 sec)
  detections         = 9.00
