OpenMP worker threads = 4
Loaded config:
  fc = 3000000000.000 Hz
  fs = 1000000.000 Hz
  PRF = 10000.000 Hz
  pulse width = 0.000010000 s
  sweep BW = 100000.000 Hz
  pulses = 128
  fast-time samples = 100
  lambda = 0.099930819 m
  pulse samples = 10
[run 1] load=1.302 ms, pulse_ready=2.805 ms, pulse_apply=2.660 ms, pulse_total=5.466 ms, mti=0.846 ms, mtd=1.813 ms, doppler_total=2.659 ms, cfar=2.416 ms, total=11.975 ms, detections=15
[run 2] load=0.759 ms, pulse_ready=0.038 ms, pulse_apply=0.582 ms, pulse_total=0.620 ms, mti=0.137 ms, mtd=0.208 ms, doppler_total=0.345 ms, cfar=0.299 ms, total=2.154 ms, detections=15
[run 3] load=0.723 ms, pulse_ready=0.043 ms, pulse_apply=0.479 ms, pulse_total=0.522 ms, mti=0.145 ms, mtd=0.202 ms, doppler_total=0.347 ms, cfar=0.285 ms, total=1.997 ms, detections=15
[run 4] load=0.848 ms, pulse_ready=0.044 ms, pulse_apply=0.494 ms, pulse_total=0.538 ms, mti=0.152 ms, mtd=0.203 ms, doppler_total=0.355 ms, cfar=0.284 ms, total=2.149 ms, detections=15
[run 5] load=0.740 ms, pulse_ready=0.038 ms, pulse_apply=0.484 ms, pulse_total=0.522 ms, mti=0.120 ms, mtd=0.625 ms, doppler_total=0.745 ms, cfar=0.410 ms, total=2.540 ms, detections=15

CA-CFAR detections: 15
Showing up to 30 detections:
idx range_bin doppler_bin range(m) vel(m/s) power threshold
0 48 73 7045.12 31.23 2.429906e-09 1.217249e-09
1 47 73 6895.23 31.23 2.350093e-09 1.238258e-09
2 49 73 7195.02 31.23 2.184210e-09 1.227865e-09
3 46 73 6745.33 31.23 2.016241e-09 1.270935e-09
4 84 121 12441.39 218.60 1.885722e-09 1.505166e-09
5 83 121 12291.49 218.60 1.758684e-09 1.546917e-09
6 50 73 7344.92 31.23 1.729348e-09 1.251584e-09
7 92 102 13640.56 144.43 1.701245e-09 1.593007e-09
8 93 102 13790.45 144.43 1.526494e-09 1.508803e-09
9 45 73 6595.43 31.23 1.518486e-09 1.280838e-09
10 48 72 7045.12 27.32 1.379219e-09 1.222089e-09
11 95 21 14090.25 -171.76 1.306797e-09 1.037738e-09
12 49 72 7195.02 27.32 1.289023e-09 1.235207e-09
13 47 72 6895.23 27.32 1.260004e-09 1.234249e-09
14 30 70 4346.99 19.52 6.838826e-11 6.762562e-11
Strongest detection after CA-CFAR:
  Range bin    = 48
  Doppler bin  = 73
  Range        = 7045.12 m
  Radial vel.  = 31.23 m/s
  Power        = 2.429906e-09
  Threshold    = 1.217249e-09
Print Time: 0.000061166 sec

Average over 5 runs:
  load               = 0.874 ms (0.000874463 sec)
  pulse_ready        = 0.593 ms (0.000593470 sec)
  pulse_apply        = 0.940 ms (0.000939966 sec)
  pulse_total        = 1.533 ms (0.001533437 sec)
  mti                = 0.280 ms (0.000279930 sec)
  mtd                = 0.610 ms (0.000610285 sec)
  doppler_total      = 0.890 ms (0.000890215 sec)
  cfar               = 0.739 ms (0.000738911 sec)
  total              = 4.163 ms (0.004162844 sec)
  algo_only          = 3.163 ms (0.003162563 sec)
  detections         = 15.00
