OpenMP worker threads = 4
Loaded config:
  fc = 3000000000.000 Hz
  fs = 1000000.000 Hz
  PRF = 10000.000 Hz
  pulse width = 0.000010000 s
  sweep BW = 100000.000 Hz
  pulses = 128
  fast-time samples = 100
  lambda = 0.099930819 m
  pulse samples = 10
[run 1] load=1.638 ms, pulse_ready=0.387 ms, pulse_apply=0.648 ms, pulse_total=1.036 ms, mti=0.119 ms, mtd=0.233 ms, doppler_total=0.352 ms, cfar=0.411 ms, total=3.570 ms, detections=9
[run 2] load=0.766 ms, pulse_ready=0.046 ms, pulse_apply=0.471 ms, pulse_total=0.517 ms, mti=0.126 ms, mtd=0.219 ms, doppler_total=0.345 ms, cfar=0.307 ms, total=2.065 ms, detections=9
[run 3] load=0.883 ms, pulse_ready=0.043 ms, pulse_apply=0.530 ms, pulse_total=0.573 ms, mti=0.160 ms, mtd=0.202 ms, doppler_total=0.362 ms, cfar=0.287 ms, total=2.230 ms, detections=9
[run 4] load=0.751 ms, pulse_ready=0.039 ms, pulse_apply=0.480 ms, pulse_total=0.519 ms, mti=0.147 ms, mtd=0.200 ms, doppler_total=0.347 ms, cfar=0.287 ms, total=2.022 ms, detections=9
[run 5] load=0.774 ms, pulse_ready=0.040 ms, pulse_apply=0.469 ms, pulse_total=0.509 ms, mti=0.144 ms, mtd=0.203 ms, doppler_total=0.346 ms, cfar=0.282 ms, total=2.036 ms, detections=9

CA-CFAR detections: 9
Showing up to 30 detections:
idx range_bin doppler_bin range(m) vel(m/s) power threshold
0 47 73 6895.23 31.23 2.727082e-09 1.218365e-09
1 48 73 7045.12 31.23 2.716310e-09 1.236371e-09
2 46 73 6745.33 31.23 2.336956e-09 1.252331e-09
3 49 73 7195.02 31.23 2.287559e-09 1.294465e-09
4 45 73 6595.43 31.23 1.742087e-09 1.297302e-09
5 50 73 7344.92 31.23 1.693527e-09 1.335803e-09
6 47 72 6895.23 27.32 1.292114e-09 1.253838e-09
7 83 57 12291.49 -31.23 1.548550e-10 1.440538e-10
8 82 57 12141.59 -31.23 1.492639e-10 1.363355e-10
Strongest detection after CA-CFAR:
  Range bin    = 47
  Doppler bin  = 73
  Range        = 6895.23 m
  Radial vel.  = 31.23 m/s
  Power        = 2.727082e-09
  Threshold    = 1.218365e-09
Print Time: 0.000042500 sec

Average over 5 runs:
  load               = 0.962 ms (0.000962415 sec)
  pulse_ready        = 0.111 ms (0.000111000 sec)
  pulse_apply        = 0.520 ms (0.000519815 sec)
  pulse_total        = 0.631 ms (0.000630815 sec)
  mti                = 0.139 ms (0.000139081 sec)
  mtd                = 0.211 ms (0.000211359 sec)
  doppler_total      = 0.350 ms (0.000350441 sec)
  cfar               = 0.315 ms (0.000314959 sec)
  total              = 2.385 ms (0.002384611 sec)
  algo_only          = 1.296 ms (0.001296214 sec)
  detections         = 9.00
