OpenMP worker threads = 4
Loaded config:
  fc = 3000000000.000 Hz
  fs = 1000000.000 Hz
  PRF = 10000.000 Hz
  pulse width = 0.000010000 s
  sweep BW = 100000.000 Hz
  pulses = 128
  fast-time samples = 100
  lambda = 0.099930819 m
  pulse samples = 10
[run 1] load=2.402 ms, pulse_ready=0.540 ms, pulse_apply=0.664 ms, pulse_total=1.204 ms, mti=0.116 ms, mtd=0.273 ms, doppler_total=0.388 ms, cfar=0.318 ms, total=4.431 ms, detections=15
[run 2] load=0.848 ms, pulse_ready=0.041 ms, pulse_apply=0.488 ms, pulse_total=0.529 ms, mti=0.126 ms, mtd=0.223 ms, doppler_total=0.349 ms, cfar=0.288 ms, total=2.145 ms, detections=15
[run 3] load=0.719 ms, pulse_ready=0.038 ms, pulse_apply=0.817 ms, pulse_total=0.855 ms, mti=0.181 ms, mtd=0.207 ms, doppler_total=0.389 ms, cfar=0.285 ms, total=2.374 ms, detections=15
[run 4] load=0.720 ms, pulse_ready=0.041 ms, pulse_apply=0.468 ms, pulse_total=0.509 ms, mti=0.142 ms, mtd=0.202 ms, doppler_total=0.345 ms, cfar=0.284 ms, total=1.981 ms, detections=15
[run 5] load=0.768 ms, pulse_ready=0.036 ms, pulse_apply=0.473 ms, pulse_total=0.509 ms, mti=0.141 ms, mtd=0.204 ms, doppler_total=0.345 ms, cfar=0.278 ms, total=2.020 ms, detections=15

CA-CFAR detections: 15
Showing up to 30 detections:
idx range_bin doppler_bin range(m) vel(m/s) power threshold
0 48 73 7045.12 31.23 2.385358e-09 1.239939e-09
1 47 73 6895.23 31.23 2.367061e-09 1.252455e-09
2 49 73 7195.02 31.23 2.153912e-09 1.239831e-09
3 46 73 6745.33 31.23 2.100668e-09 1.271025e-09
4 50 73 7344.92 31.23 1.711468e-09 1.233859e-09
5 45 73 6595.43 31.23 1.645268e-09 1.267866e-09
6 48 72 7045.12 27.32 1.332543e-09 1.216754e-09
7 47 72 6895.23 27.32 1.310631e-09 1.227881e-09
8 51 73 7494.81 31.23 1.275324e-09 1.205748e-09
9 49 72 7195.02 27.32 1.271583e-09 1.216617e-09
10 39 95 5696.06 117.11 1.029940e-09 1.017867e-09
11 8 90 1049.27 97.59 6.879998e-10 6.847252e-10
12 64 48 9443.46 -66.36 5.554917e-10 5.131698e-10
13 17 83 2398.34 70.26 4.065096e-10 3.235756e-10
14 16 83 2248.44 70.26 3.965570e-10 2.990580e-10
Strongest detection after CA-CFAR:
  Range bin    = 48
  Doppler bin  = 73
  Range        = 7045.12 m
  Radial vel.  = 31.23 m/s
  Power        = 2.385358e-09
  Threshold    = 1.239939e-09
Print Time: 0.000060685 sec

Average over 5 runs:
  load               = 1.091 ms (0.001091426 sec)
  pulse_ready        = 0.139 ms (0.000139052 sec)
  pulse_apply        = 0.582 ms (0.000581837 sec)
  pulse_total        = 0.721 ms (0.000720889 sec)
  mti                = 0.141 ms (0.000141274 sec)
  mtd                = 0.222 ms (0.000221844 sec)
  doppler_total      = 0.363 ms (0.000363118 sec)
  cfar               = 0.291 ms (0.000290663 sec)
  total              = 2.590 ms (0.002590052 sec)
  algo_only          = 1.375 ms (0.001374670 sec)
  detections         = 15.00
