OpenMP worker threads = 4
Loaded config:
  fc = 3000000000.000 Hz
  fs = 1000000.000 Hz
  PRF = 10000.000 Hz
  pulse width = 0.000010000 s
  sweep BW = 100000.000 Hz
  pulses = 128
  fast-time samples = 100
  lambda = 0.099930819 m
  pulse samples = 10
[run 1] load=1.178 ms, pulse_ready=0.482 ms, pulse_apply=0.708 ms, pulse_total=1.191 ms, mti=0.111 ms, mtd=0.258 ms, doppler_total=0.369 ms, cfar=0.311 ms, total=3.172 ms, detections=7
[run 2] load=0.997 ms, pulse_ready=0.135 ms, pulse_apply=0.492 ms, pulse_total=0.627 ms, mti=0.154 ms, mtd=0.212 ms, doppler_total=0.365 ms, cfar=0.987 ms, total=3.107 ms, detections=7
[run 3] load=0.668 ms, pulse_ready=0.041 ms, pulse_apply=0.486 ms, pulse_total=0.527 ms, mti=0.147 ms, mtd=0.203 ms, doppler_total=0.350 ms, cfar=0.288 ms, total=1.957 ms, detections=7
[run 4] load=0.684 ms, pulse_ready=0.082 ms, pulse_apply=0.478 ms, pulse_total=0.560 ms, mti=0.149 ms, mtd=0.204 ms, doppler_total=0.353 ms, cfar=0.280 ms, total=2.002 ms, detections=7
[run 5] load=0.703 ms, pulse_ready=0.040 ms, pulse_apply=0.472 ms, pulse_total=0.512 ms, mti=0.130 ms, mtd=0.486 ms, doppler_total=0.616 ms, cfar=0.286 ms, total=2.242 ms, detections=7

CA-CFAR detections: 7
Showing up to 30 detections:
idx range_bin doppler_bin range(m) vel(m/s) power threshold
0 48 73 7045.12 31.23 2.015518e-09 1.101300e-09
1 47 73 6895.23 31.23 1.946145e-09 1.097445e-09
2 49 73 7195.02 31.23 1.833289e-09 1.106461e-09
3 46 73 6745.33 31.23 1.695513e-09 1.094605e-09
4 50 73 7344.92 31.23 1.550201e-09 1.106088e-09
5 45 73 6595.43 31.23 1.356153e-09 1.075286e-09
6 51 73 7494.81 31.23 1.176646e-09 1.071896e-09
Strongest detection after CA-CFAR:
  Range bin    = 48
  Doppler bin  = 73
  Range        = 7045.12 m
  Radial vel.  = 31.23 m/s
  Power        = 2.015518e-09
  Threshold    = 1.101300e-09
Print Time: 0.000038222 sec

Average over 5 runs:
  load               = 0.846 ms (0.000845841 sec)
  pulse_ready        = 0.156 ms (0.000156274 sec)
  pulse_apply        = 0.527 ms (0.000527156 sec)
  pulse_total        = 0.683 ms (0.000683430 sec)
  mti                = 0.138 ms (0.000138141 sec)
  mtd                = 0.273 ms (0.000272633 sec)
  doppler_total      = 0.411 ms (0.000410774 sec)
  cfar               = 0.430 ms (0.000430363 sec)
  total              = 2.496 ms (0.002496156 sec)
  algo_only          = 1.525 ms (0.001524567 sec)
  detections         = 7.00
