OpenMP worker threads = 4
Loaded config:
  fc = 3000000000.000 Hz
  fs = 1000000.000 Hz
  PRF = 10000.000 Hz
  pulse width = 0.000010000 s
  sweep BW = 100000.000 Hz
  pulses = 128
  fast-time samples = 100
  lambda = 0.099930819 m
  pulse samples = 10
[run 1] load=1.079 ms, pulse_ready=2.665 ms, pulse_apply=0.940 ms, pulse_total=3.605 ms, mti=0.128 ms, mtd=0.240 ms, doppler_total=0.368 ms, cfar=0.309 ms, total=5.485 ms, detections=10
[run 2] load=0.830 ms, pulse_ready=0.037 ms, pulse_apply=0.473 ms, pulse_total=0.510 ms, mti=0.129 ms, mtd=0.372 ms, doppler_total=0.501 ms, cfar=0.313 ms, total=2.345 ms, detections=10
[run 3] load=0.803 ms, pulse_ready=2.534 ms, pulse_apply=1.998 ms, pulse_total=4.532 ms, mti=0.838 ms, mtd=2.373 ms, doppler_total=3.211 ms, cfar=2.071 ms, total=10.747 ms, detections=10
[run 4] load=0.728 ms, pulse_ready=0.042 ms, pulse_apply=0.476 ms, pulse_total=0.518 ms, mti=0.149 ms, mtd=0.203 ms, doppler_total=0.352 ms, cfar=0.286 ms, total=2.007 ms, detections=10
[run 5] load=0.713 ms, pulse_ready=0.038 ms, pulse_apply=0.471 ms, pulse_total=0.509 ms, mti=0.126 ms, mtd=0.294 ms, doppler_total=0.420 ms, cfar=0.306 ms, total=2.073 ms, detections=10

CA-CFAR detections: 10
Showing up to 30 detections:
idx range_bin doppler_bin range(m) vel(m/s) power threshold
0 47 73 6895.23 31.23 2.542901e-09 1.139702e-09
1 48 73 7045.12 31.23 2.432085e-09 1.156836e-09
2 77 109 11392.11 171.76 2.211262e-09 2.141374e-09
3 46 73 6745.33 31.23 2.129847e-09 1.179942e-09
4 49 73 7195.02 31.23 1.993116e-09 1.228364e-09
5 45 73 6595.43 31.23 1.662939e-09 1.243252e-09
6 50 73 7344.92 31.23 1.511505e-09 1.277887e-09
7 47 72 6895.23 27.32 1.303986e-09 1.156308e-09
8 48 72 7045.12 27.32 1.243487e-09 1.168025e-09
9 92 48 13640.56 -66.36 4.458168e-10 4.309711e-10
Strongest detection after CA-CFAR:
  Range bin    = 47
  Doppler bin  = 73
  Range        = 6895.23 m
  Radial vel.  = 31.23 m/s
  Power        = 2.542901e-09
  Threshold    = 1.139702e-09
Print Time: 0.000047167 sec

Average over 5 runs:
  load               = 0.830 ms (0.000830434 sec)
  pulse_ready        = 1.063 ms (0.001063230 sec)
  pulse_apply        = 0.872 ms (0.000871500 sec)
  pulse_total        = 1.935 ms (0.001934730 sec)
  mti                = 0.274 ms (0.000274019 sec)
  mtd                = 0.696 ms (0.000696281 sec)
  doppler_total      = 0.970 ms (0.000970300 sec)
  cfar               = 0.657 ms (0.000656841 sec)
  total              = 4.531 ms (0.004531466 sec)
  algo_only          = 3.562 ms (0.003561871 sec)
  detections         = 10.00
