OpenMP worker threads = 4
Loaded config:
  fc = 3000000000.000 Hz
  fs = 1000000.000 Hz
  PRF = 10000.000 Hz
  pulse width = 0.000010000 s
  sweep BW = 100000.000 Hz
  pulses = 128
  fast-time samples = 100
  lambda = 0.099930819 m
  pulse samples = 10
[run 1] load=2.069 ms, pulse_ready=0.469 ms, pulse_apply=0.666 ms, pulse_total=1.134 ms, mti=0.118 ms, mtd=0.239 ms, doppler_total=0.356 ms, cfar=0.306 ms, total=4.003 ms, detections=10
[run 2] load=0.776 ms, pulse_ready=0.040 ms, pulse_apply=0.524 ms, pulse_total=0.565 ms, mti=0.136 ms, mtd=0.209 ms, doppler_total=0.345 ms, cfar=0.295 ms, total=2.113 ms, detections=10
[run 3] load=1.140 ms, pulse_ready=0.341 ms, pulse_apply=0.494 ms, pulse_total=0.835 ms, mti=0.186 ms, mtd=0.203 ms, doppler_total=0.388 ms, cfar=0.546 ms, total=3.039 ms, detections=10
[run 4] load=1.139 ms, pulse_ready=0.045 ms, pulse_apply=0.473 ms, pulse_total=0.518 ms, mti=0.147 ms, mtd=0.204 ms, doppler_total=0.351 ms, cfar=0.291 ms, total=2.428 ms, detections=10
[run 5] load=0.775 ms, pulse_ready=0.034 ms, pulse_apply=0.473 ms, pulse_total=0.507 ms, mti=0.127 ms, mtd=0.217 ms, doppler_total=0.344 ms, cfar=0.281 ms, total=2.034 ms, detections=10

CA-CFAR detections: 10
Showing up to 30 detections:
idx range_bin doppler_bin range(m) vel(m/s) power threshold
0 22 110 3147.82 175.66 3.804618e-09 3.631797e-09
1 47 73 6895.23 31.23 2.855596e-09 1.203840e-09
2 48 73 7045.12 31.23 2.808467e-09 1.205990e-09
3 46 73 6745.33 31.23 2.387303e-09 1.275799e-09
4 49 73 7195.02 31.23 2.304314e-09 1.273941e-09
5 35 15 5096.47 -195.18 2.150790e-09 2.091246e-09
6 45 73 6595.43 31.23 1.765234e-09 1.355620e-09
7 50 73 7344.92 31.23 1.741058e-09 1.347808e-09
8 47 72 6895.23 27.32 1.413886e-09 1.184280e-09
9 48 72 7045.12 27.32 1.390608e-09 1.190562e-09
Strongest detection after CA-CFAR:
  Range bin    = 22
  Doppler bin  = 110
  Range        = 3147.82 m
  Radial vel.  = 175.66 m/s
  Power        = 3.804618e-09
  Threshold    = 3.631797e-09
Print Time: 0.000046334 sec

Average over 5 runs:
  load               = 1.180 ms (0.001179752 sec)
  pulse_ready        = 0.186 ms (0.000185826 sec)
  pulse_apply        = 0.526 ms (0.000525985 sec)
  pulse_total        = 0.712 ms (0.000711811 sec)
  mti                = 0.143 ms (0.000142726 sec)
  mtd                = 0.214 ms (0.000214226 sec)
  doppler_total      = 0.357 ms (0.000356952 sec)
  cfar               = 0.344 ms (0.000343659 sec)
  total              = 2.723 ms (0.002723455 sec)
  algo_only          = 1.412 ms (0.001412422 sec)
  detections         = 10.00
