OpenMP worker threads = 4
Loaded config:
  fc = 3000000000.000 Hz
  fs = 1000000.000 Hz
  PRF = 10000.000 Hz
  pulse width = 0.000010000 s
  sweep BW = 100000.000 Hz
  pulses = 128
  fast-time samples = 100
  lambda = 0.099930819 m
  pulse samples = 10
[run 1] load=1.964 ms, pulse_ready=0.365 ms, pulse_apply=0.649 ms, pulse_total=1.015 ms, mti=0.117 ms, mtd=0.236 ms, doppler_total=0.353 ms, cfar=0.372 ms, total=3.820 ms, detections=9
[run 2] load=0.749 ms, pulse_ready=0.044 ms, pulse_apply=0.474 ms, pulse_total=0.518 ms, mti=0.123 ms, mtd=0.220 ms, doppler_total=0.343 ms, cfar=0.296 ms, total=2.035 ms, detections=9
[run 3] load=0.705 ms, pulse_ready=0.043 ms, pulse_apply=0.497 ms, pulse_total=0.541 ms, mti=0.197 ms, mtd=0.203 ms, doppler_total=0.400 ms, cfar=0.289 ms, total=2.062 ms, detections=9
[run 4] load=0.703 ms, pulse_ready=0.042 ms, pulse_apply=0.479 ms, pulse_total=0.521 ms, mti=0.138 ms, mtd=0.203 ms, doppler_total=0.341 ms, cfar=0.286 ms, total=1.974 ms, detections=9
[run 5] load=0.716 ms, pulse_ready=0.043 ms, pulse_apply=0.531 ms, pulse_total=0.574 ms, mti=0.134 ms, mtd=0.220 ms, doppler_total=0.355 ms, cfar=0.286 ms, total=2.056 ms, detections=9

CA-CFAR detections: 9
Showing up to 30 detections:
idx range_bin doppler_bin range(m) vel(m/s) power threshold
0 48 73 7045.12 31.23 2.437202e-09 1.170551e-09
1 49 73 7195.02 31.23 2.326619e-09 1.161048e-09
2 47 73 6895.23 31.23 2.187365e-09 1.214661e-09
3 50 73 7344.92 31.23 1.936260e-09 1.180212e-09
4 46 73 6745.33 31.23 1.718790e-09 1.264943e-09
5 51 73 7494.81 31.23 1.410576e-09 1.198013e-09
6 48 72 7045.12 27.32 1.296318e-09 1.172543e-09
7 49 72 7195.02 27.32 1.234839e-09 1.162554e-09
8 94 15 13940.35 -195.18 1.180919e-09 1.151580e-09
Strongest detection after CA-CFAR:
  Range bin    = 48
  Doppler bin  = 73
  Range        = 7045.12 m
  Radial vel.  = 31.23 m/s
  Power        = 2.437202e-09
  Threshold    = 1.170551e-09
Print Time: 0.000045778 sec

Average over 5 runs:
  load               = 0.967 ms (0.000967174 sec)
  pulse_ready        = 0.108 ms (0.000107507 sec)
  pulse_apply        = 0.526 ms (0.000526129 sec)
  pulse_total        = 0.634 ms (0.000633637 sec)
  mti                = 0.142 ms (0.000141774 sec)
  mtd                = 0.217 ms (0.000216596 sec)
  doppler_total      = 0.358 ms (0.000358371 sec)
  cfar               = 0.306 ms (0.000305785 sec)
  total              = 2.390 ms (0.002389500 sec)
  algo_only          = 1.298 ms (0.001297793 sec)
  detections         = 9.00
