OpenMP worker threads = 4
Loaded config:
  fc = 3000000000.000 Hz
  fs = 1000000.000 Hz
  PRF = 10000.000 Hz
  pulse width = 0.000010000 s
  sweep BW = 100000.000 Hz
  pulses = 128
  fast-time samples = 100
  lambda = 0.099930819 m
  pulse samples = 10
[run 1] load=1.629 ms, pulse_ready=1.245 ms, pulse_apply=0.688 ms, pulse_total=1.933 ms, mti=0.115 ms, mtd=0.234 ms, doppler_total=0.349 ms, cfar=0.305 ms, total=4.338 ms, detections=10
[run 2] load=0.756 ms, pulse_ready=0.043 ms, pulse_apply=0.474 ms, pulse_total=0.517 ms, mti=0.125 ms, mtd=0.224 ms, doppler_total=0.349 ms, cfar=0.302 ms, total=2.053 ms, detections=10
[run 3] load=0.717 ms, pulse_ready=0.041 ms, pulse_apply=0.477 ms, pulse_total=0.518 ms, mti=0.147 ms, mtd=0.206 ms, doppler_total=0.353 ms, cfar=0.282 ms, total=1.993 ms, detections=10
[run 4] load=0.727 ms, pulse_ready=0.036 ms, pulse_apply=0.495 ms, pulse_total=0.531 ms, mti=0.143 ms, mtd=0.320 ms, doppler_total=0.463 ms, cfar=0.318 ms, total=2.162 ms, detections=10
[run 5] load=0.793 ms, pulse_ready=0.047 ms, pulse_apply=0.483 ms, pulse_total=0.531 ms, mti=0.133 ms, mtd=0.223 ms, doppler_total=0.356 ms, cfar=0.283 ms, total=2.089 ms, detections=10

CA-CFAR detections: 10
Showing up to 30 detections:
idx range_bin doppler_bin range(m) vel(m/s) power threshold
0 47 73 6895.23 31.23 2.691370e-09 1.332065e-09
1 48 73 7045.12 31.23 2.580305e-09 1.362326e-09
2 46 73 6745.33 31.23 2.381360e-09 1.348744e-09
3 49 73 7195.02 31.23 2.159050e-09 1.408956e-09
4 45 73 6595.43 31.23 1.895100e-09 1.387119e-09
5 50 73 7344.92 31.23 1.697858e-09 1.416607e-09
6 47 72 6895.23 27.32 1.533980e-09 1.325370e-09
7 46 72 6745.33 27.32 1.496756e-09 1.322390e-09
8 89 88 13190.87 89.78 8.926036e-10 7.531405e-10
9 88 88 13040.97 89.78 8.465954e-10 7.462533e-10
Strongest detection after CA-CFAR:
  Range bin    = 47
  Doppler bin  = 73
  Range        = 6895.23 m
  Radial vel.  = 31.23 m/s
  Power        = 2.691370e-09
  Threshold    = 1.332065e-09
Print Time: 0.000045833 sec

Average over 5 runs:
  load               = 0.924 ms (0.000924355 sec)
  pulse_ready        = 0.282 ms (0.000282359 sec)
  pulse_apply        = 0.524 ms (0.000523522 sec)
  pulse_total        = 0.806 ms (0.000805881 sec)
  mti                = 0.133 ms (0.000132659 sec)
  mtd                = 0.241 ms (0.000241322 sec)
  doppler_total      = 0.374 ms (0.000373981 sec)
  cfar               = 0.298 ms (0.000298041 sec)
  total              = 2.527 ms (0.002526974 sec)
  algo_only          = 1.478 ms (0.001477903 sec)
  detections         = 10.00
