OpenMP worker threads = 4
Loaded config:
  fc = 3000000000.000 Hz
  fs = 1000000.000 Hz
  PRF = 10000.000 Hz
  pulse width = 0.000010000 s
  sweep BW = 100000.000 Hz
  pulses = 128
  fast-time samples = 100
  lambda = 0.099930819 m
  pulse samples = 10
[run 1] load=1.293 ms, pulse_ready=3.795 ms, pulse_apply=2.042 ms, pulse_total=5.836 ms, mti=0.836 ms, mtd=2.432 ms, doppler_total=3.268 ms, cfar=2.119 ms, total=12.647 ms, detections=11
[run 2] load=0.794 ms, pulse_ready=0.037 ms, pulse_apply=0.469 ms, pulse_total=0.506 ms, mti=0.128 ms, mtd=0.230 ms, doppler_total=0.359 ms, cfar=0.299 ms, total=2.087 ms, detections=11
[run 3] load=0.720 ms, pulse_ready=0.040 ms, pulse_apply=0.466 ms, pulse_total=0.507 ms, mti=0.122 ms, mtd=0.209 ms, doppler_total=0.331 ms, cfar=0.298 ms, total=1.981 ms, detections=11
[run 4] load=0.717 ms, pulse_ready=0.042 ms, pulse_apply=0.727 ms, pulse_total=0.769 ms, mti=0.169 ms, mtd=0.199 ms, doppler_total=0.369 ms, cfar=0.294 ms, total=2.274 ms, detections=11
[run 5] load=0.714 ms, pulse_ready=0.042 ms, pulse_apply=0.471 ms, pulse_total=0.513 ms, mti=0.193 ms, mtd=0.203 ms, doppler_total=0.396 ms, cfar=0.290 ms, total=2.038 ms, detections=11

CA-CFAR detections: 11
Showing up to 30 detections:
idx range_bin doppler_bin range(m) vel(m/s) power threshold
0 48 73 7045.12 31.23 3.131002e-09 1.415400e-09
1 47 73 6895.23 31.23 2.906924e-09 1.434094e-09
2 49 73 7195.02 31.23 2.840348e-09 1.454146e-09
3 46 73 6745.33 31.23 2.368983e-09 1.488846e-09
4 50 73 7344.92 31.23 2.236470e-09 1.520012e-09
5 45 73 6595.43 31.23 1.688002e-09 1.516412e-09
6 48 72 7045.12 27.32 1.577333e-09 1.423243e-09
7 51 73 7494.81 31.23 1.569628e-09 1.547070e-09
8 47 72 6895.23 27.32 1.513203e-09 1.441683e-09
9 46 92 6745.33 105.40 1.123537e-09 1.006954e-09
10 45 92 6595.43 105.40 1.040118e-09 9.789068e-10
Strongest detection after CA-CFAR:
  Range bin    = 48
  Doppler bin  = 73
  Range        = 7045.12 m
  Radial vel.  = 31.23 m/s
  Power        = 3.131002e-09
  Threshold    = 1.415400e-09
Print Time: 0.000049888 sec

Average over 5 runs:
  load               = 0.848 ms (0.000847622 sec)
  pulse_ready        = 0.791 ms (0.000791337 sec)
  pulse_apply        = 0.835 ms (0.000834941 sec)
  pulse_total        = 1.626 ms (0.001626277 sec)
  mti                = 0.290 ms (0.000289952 sec)
  mtd                = 0.655 ms (0.000654634 sec)
  doppler_total      = 0.945 ms (0.000944586 sec)
  cfar               = 0.660 ms (0.000659900 sec)
  total              = 4.205 ms (0.004205344 sec)
  algo_only          = 3.231 ms (0.003230763 sec)
  detections         = 11.00
