OpenMP worker threads = 4
Loaded config:
  fc = 3000000000.000 Hz
  fs = 1000000.000 Hz
  PRF = 10000.000 Hz
  pulse width = 0.000010000 s
  sweep BW = 100000.000 Hz
  pulses = 128
  fast-time samples = 100
  lambda = 0.099930819 m
  pulse samples = 10
[run 1] load=1.517 ms, pulse_ready=0.357 ms, pulse_apply=0.702 ms, pulse_total=1.060 ms, mti=0.132 ms, mtd=0.228 ms, doppler_total=0.360 ms, cfar=0.300 ms, total=3.353 ms, detections=10
[run 2] load=0.921 ms, pulse_ready=0.156 ms, pulse_apply=0.474 ms, pulse_total=0.630 ms, mti=0.146 ms, mtd=0.225 ms, doppler_total=0.371 ms, cfar=2.000 ms, total=4.051 ms, detections=10
[run 3] load=0.669 ms, pulse_ready=3.317 ms, pulse_apply=1.566 ms, pulse_total=4.882 ms, mti=0.835 ms, mtd=2.029 ms, doppler_total=2.864 ms, cfar=1.667 ms, total=10.215 ms, detections=10
[run 4] load=0.710 ms, pulse_ready=0.046 ms, pulse_apply=0.648 ms, pulse_total=0.693 ms, mti=0.163 ms, mtd=0.204 ms, doppler_total=0.366 ms, cfar=0.285 ms, total=2.185 ms, detections=10
[run 5] load=0.711 ms, pulse_ready=0.044 ms, pulse_apply=0.526 ms, pulse_total=0.570 ms, mti=0.138 ms, mtd=0.223 ms, doppler_total=0.361 ms, cfar=0.285 ms, total=2.052 ms, detections=10

CA-CFAR detections: 10
Showing up to 30 detections:
idx range_bin doppler_bin range(m) vel(m/s) power threshold
0 48 73 7045.12 31.23 2.377480e-09 1.189939e-09
1 47 73 6895.23 31.23 2.314429e-09 1.198136e-09
2 54 22 7944.50 -167.85 2.239691e-09 2.200807e-09
3 49 73 7195.02 31.23 2.076033e-09 1.227166e-09
4 46 73 6745.33 31.23 1.887964e-09 1.242836e-09
5 50 73 7344.92 31.23 1.678620e-09 1.269417e-09
6 45 73 6595.43 31.23 1.405352e-09 1.278357e-09
7 48 72 7045.12 27.32 1.384106e-09 1.188393e-09
8 47 72 6895.23 27.32 1.338559e-09 1.187801e-09
9 7 102 899.38 144.43 1.319644e-09 1.286155e-09
Strongest detection after CA-CFAR:
  Range bin    = 48
  Doppler bin  = 73
  Range        = 7045.12 m
  Radial vel.  = 31.23 m/s
  Power        = 2.377480e-09
  Threshold    = 1.189939e-09
Print Time: 0.000049814 sec

Average over 5 runs:
  load               = 0.906 ms (0.000905733 sec)
  pulse_ready        = 0.784 ms (0.000783811 sec)
  pulse_apply        = 0.783 ms (0.000783259 sec)
  pulse_total        = 1.567 ms (0.001567070 sec)
  mti                = 0.283 ms (0.000282645 sec)
  mtd                = 0.582 ms (0.000581585 sec)
  doppler_total      = 0.864 ms (0.000864230 sec)
  cfar               = 0.907 ms (0.000907381 sec)
  total              = 4.371 ms (0.004371166 sec)
  algo_only          = 3.339 ms (0.003338682 sec)
  detections         = 10.00
