OpenMP worker threads = 4
Loaded config:
  fc = 3000000000.000 Hz
  fs = 1000000.000 Hz
  PRF = 10000.000 Hz
  pulse width = 0.000010000 s
  sweep BW = 100000.000 Hz
  pulses = 128
  fast-time samples = 100
  lambda = 0.099930819 m
  pulse samples = 10
[run 1] load=1.723 ms, pulse_ready=0.405 ms, pulse_apply=0.673 ms, pulse_total=1.078 ms, mti=0.111 ms, mtd=0.239 ms, doppler_total=0.350 ms, cfar=0.306 ms, total=3.578 ms, detections=12
[run 2] load=0.751 ms, pulse_ready=0.041 ms, pulse_apply=0.504 ms, pulse_total=0.546 ms, mti=0.138 ms, mtd=0.220 ms, doppler_total=0.357 ms, cfar=0.292 ms, total=2.077 ms, detections=12
[run 3] load=0.722 ms, pulse_ready=0.036 ms, pulse_apply=0.490 ms, pulse_total=0.526 ms, mti=0.141 ms, mtd=0.202 ms, doppler_total=0.343 ms, cfar=0.286 ms, total=1.997 ms, detections=12
[run 4] load=0.796 ms, pulse_ready=0.036 ms, pulse_apply=0.473 ms, pulse_total=0.509 ms, mti=0.154 ms, mtd=0.198 ms, doppler_total=0.352 ms, cfar=0.288 ms, total=2.070 ms, detections=12
[run 5] load=0.837 ms, pulse_ready=0.034 ms, pulse_apply=0.471 ms, pulse_total=0.505 ms, mti=0.132 ms, mtd=0.220 ms, doppler_total=0.352 ms, cfar=0.282 ms, total=2.103 ms, detections=12

CA-CFAR detections: 12
Showing up to 30 detections:
idx range_bin doppler_bin range(m) vel(m/s) power threshold
0 47 73 6895.23 31.23 2.543535e-09 1.189861e-09
1 48 73 7045.12 31.23 2.466356e-09 1.221672e-09
2 46 73 6745.33 31.23 2.248144e-09 1.207115e-09
3 49 73 7195.02 31.23 2.085104e-09 1.278908e-09
4 35 113 5096.47 187.37 1.930437e-09 1.886665e-09
5 36 113 5246.37 187.37 1.858700e-09 1.722741e-09
6 45 73 6595.43 31.23 1.729994e-09 1.232464e-09
7 50 73 7344.92 31.23 1.616291e-09 1.314979e-09
8 47 72 6895.23 27.32 1.410425e-09 1.180742e-09
9 48 72 7045.12 27.32 1.380528e-09 1.204877e-09
10 46 72 6745.33 27.32 1.274577e-09 1.202256e-09
11 92 58 13640.56 -27.32 8.652377e-11 8.498423e-11
Strongest detection after CA-CFAR:
  Range bin    = 47
  Doppler bin  = 73
  Range        = 6895.23 m
  Radial vel.  = 31.23 m/s
  Power        = 2.543535e-09
  Threshold    = 1.189861e-09
Print Time: 0.000052852 sec

Average over 5 runs:
  load               = 0.966 ms (0.000965770 sec)
  pulse_ready        = 0.111 ms (0.000110622 sec)
  pulse_apply        = 0.522 ms (0.000522204 sec)
  pulse_total        = 0.633 ms (0.000632826 sec)
  mti                = 0.135 ms (0.000134989 sec)
  mtd                = 0.216 ms (0.000215815 sec)
  doppler_total      = 0.351 ms (0.000350804 sec)
  cfar               = 0.291 ms (0.000290748 sec)
  total              = 2.365 ms (0.002364804 sec)
  algo_only          = 1.274 ms (0.001274378 sec)
  detections         = 12.00
