OpenMP worker threads = 4
Loaded config:
  fc = 3000000000.000 Hz
  fs = 1000000.000 Hz
  PRF = 10000.000 Hz
  pulse width = 0.000010000 s
  sweep BW = 100000.000 Hz
  pulses = 128
  fast-time samples = 100
  lambda = 0.099930819 m
  pulse samples = 10
[run 1] load=1.478 ms, pulse_ready=0.360 ms, pulse_apply=0.682 ms, pulse_total=1.042 ms, mti=0.115 ms, mtd=0.226 ms, doppler_total=0.341 ms, cfar=0.308 ms, total=3.286 ms, detections=9
[run 2] load=1.035 ms, pulse_ready=2.482 ms, pulse_apply=1.565 ms, pulse_total=4.047 ms, mti=0.232 ms, mtd=0.211 ms, doppler_total=0.443 ms, cfar=0.298 ms, total=5.951 ms, detections=9
[run 3] load=0.656 ms, pulse_ready=0.044 ms, pulse_apply=0.481 ms, pulse_total=0.526 ms, mti=0.135 ms, mtd=0.198 ms, doppler_total=0.333 ms, cfar=0.282 ms, total=1.916 ms, detections=9
[run 4] load=0.689 ms, pulse_ready=0.050 ms, pulse_apply=0.478 ms, pulse_total=0.528 ms, mti=0.138 ms, mtd=0.216 ms, doppler_total=0.354 ms, cfar=0.290 ms, total=1.985 ms, detections=9
[run 5] load=0.660 ms, pulse_ready=0.043 ms, pulse_apply=0.566 ms, pulse_total=0.609 ms, mti=0.134 ms, mtd=0.220 ms, doppler_total=0.353 ms, cfar=0.287 ms, total=2.039 ms, detections=9

CA-CFAR detections: 9
Showing up to 30 detections:
idx range_bin doppler_bin range(m) vel(m/s) power threshold
0 47 73 6895.23 31.23 2.329196e-09 1.142982e-09
1 48 73 7045.12 31.23 2.244506e-09 1.169841e-09
2 46 73 6745.33 31.23 2.032526e-09 1.146484e-09
3 49 73 7195.02 31.23 1.896828e-09 1.220065e-09
4 45 73 6595.43 31.23 1.622068e-09 1.166372e-09
5 50 73 7344.92 31.23 1.435546e-09 1.243649e-09
6 47 72 6895.23 27.32 1.276413e-09 1.133637e-09
7 48 72 7045.12 27.32 1.220225e-09 1.160410e-09
8 46 72 6745.33 27.32 1.142720e-09 1.134513e-09
Strongest detection after CA-CFAR:
  Range bin    = 47
  Doppler bin  = 73
  Range        = 6895.23 m
  Radial vel.  = 31.23 m/s
  Power        = 2.329196e-09
  Threshold    = 1.142982e-09
Print Time: 0.000044870 sec

Average over 5 runs:
  load               = 0.904 ms (0.000903745 sec)
  pulse_ready        = 0.596 ms (0.000596018 sec)
  pulse_apply        = 0.755 ms (0.000754604 sec)
  pulse_total        = 1.351 ms (0.001350622 sec)
  mti                = 0.151 ms (0.000150915 sec)
  mtd                = 0.214 ms (0.000214137 sec)
  doppler_total      = 0.365 ms (0.000365052 sec)
  cfar               = 0.293 ms (0.000292878 sec)
  total              = 3.035 ms (0.003035496 sec)
  algo_only          = 2.009 ms (0.002008552 sec)
  detections         = 9.00
