OpenMP worker threads = 4
Loaded config:
  fc = 3000000000.000 Hz
  fs = 1000000.000 Hz
  PRF = 10000.000 Hz
  pulse width = 0.000010000 s
  sweep BW = 100000.000 Hz
  pulses = 128
  fast-time samples = 100
  lambda = 0.099930819 m
  pulse samples = 10
[run 1] load=1.263 ms, pulse_ready=3.453 ms, pulse_apply=0.731 ms, pulse_total=4.184 ms, mti=0.116 ms, mtd=0.507 ms, doppler_total=0.623 ms, cfar=0.329 ms, total=6.543 ms, detections=8
[run 2] load=0.790 ms, pulse_ready=0.037 ms, pulse_apply=0.468 ms, pulse_total=0.506 ms, mti=0.123 ms, mtd=0.350 ms, doppler_total=0.473 ms, cfar=0.324 ms, total=2.223 ms, detections=8
[run 3] load=1.311 ms, pulse_ready=0.045 ms, pulse_apply=0.470 ms, pulse_total=0.515 ms, mti=0.168 ms, mtd=0.452 ms, doppler_total=0.620 ms, cfar=0.337 ms, total=2.910 ms, detections=8
[run 4] load=0.826 ms, pulse_ready=0.032 ms, pulse_apply=0.468 ms, pulse_total=0.500 ms, mti=0.149 ms, mtd=0.202 ms, doppler_total=0.351 ms, cfar=0.284 ms, total=2.087 ms, detections=8
[run 5] load=0.691 ms, pulse_ready=0.038 ms, pulse_apply=0.478 ms, pulse_total=0.516 ms, mti=0.117 ms, mtd=0.278 ms, doppler_total=0.395 ms, cfar=0.305 ms, total=2.032 ms, detections=8

CA-CFAR detections: 8
Showing up to 30 detections:
idx range_bin doppler_bin range(m) vel(m/s) power threshold
0 47 73 6895.23 31.23 2.209298e-09 1.118961e-09
1 48 73 7045.12 31.23 2.045955e-09 1.148372e-09
2 46 73 6745.33 31.23 2.018580e-09 1.104968e-09
3 49 73 7195.02 31.23 1.727117e-09 1.175374e-09
4 45 73 6595.43 31.23 1.653285e-09 1.106222e-09
5 50 73 7344.92 31.23 1.350131e-09 1.153345e-09
6 44 73 6445.54 31.23 1.255707e-09 1.094548e-09
7 47 72 6895.23 27.32 1.175287e-09 1.133093e-09
Strongest detection after CA-CFAR:
  Range bin    = 47
  Doppler bin  = 73
  Range        = 6895.23 m
  Radial vel.  = 31.23 m/s
  Power        = 2.209298e-09
  Threshold    = 1.118961e-09
Print Time: 0.000040945 sec

Average over 5 runs:
  load               = 0.976 ms (0.000976244 sec)
  pulse_ready        = 0.721 ms (0.000721167 sec)
  pulse_apply        = 0.523 ms (0.000522937 sec)
  pulse_total        = 1.244 ms (0.001244104 sec)
  mti                = 0.134 ms (0.000134455 sec)
  mtd                = 0.358 ms (0.000357907 sec)
  doppler_total      = 0.492 ms (0.000492363 sec)
  cfar               = 0.316 ms (0.000315896 sec)
  total              = 3.159 ms (0.003158800 sec)
  algo_only          = 2.052 ms (0.002052363 sec)
  detections         = 8.00
