OpenMP worker threads = 4
Loaded config:
  fc = 3000000000.000 Hz
  fs = 1000000.000 Hz
  PRF = 10000.000 Hz
  pulse width = 0.000010000 s
  sweep BW = 100000.000 Hz
  pulses = 128
  fast-time samples = 100
  lambda = 0.099930819 m
  pulse samples = 10
[run 1] load=2.012 ms, pulse_ready=0.362 ms, pulse_apply=0.664 ms, pulse_total=1.026 ms, mti=0.111 ms, mtd=0.240 ms, doppler_total=0.351 ms, cfar=0.312 ms, total=3.804 ms, detections=12
[run 2] load=0.828 ms, pulse_ready=0.038 ms, pulse_apply=0.471 ms, pulse_total=0.509 ms, mti=0.127 ms, mtd=0.220 ms, doppler_total=0.347 ms, cfar=0.295 ms, total=2.106 ms, detections=12
[run 3] load=0.715 ms, pulse_ready=0.041 ms, pulse_apply=0.479 ms, pulse_total=0.521 ms, mti=0.144 ms, mtd=0.201 ms, doppler_total=0.346 ms, cfar=0.805 ms, total=2.505 ms, detections=12
[run 4] load=0.689 ms, pulse_ready=0.039 ms, pulse_apply=0.476 ms, pulse_total=0.515 ms, mti=0.143 ms, mtd=0.199 ms, doppler_total=0.342 ms, cfar=0.283 ms, total=1.952 ms, detections=12
[run 5] load=0.713 ms, pulse_ready=0.042 ms, pulse_apply=0.512 ms, pulse_total=0.553 ms, mti=0.133 ms, mtd=0.222 ms, doppler_total=0.355 ms, cfar=0.286 ms, total=2.030 ms, detections=12

CA-CFAR detections: 12
Showing up to 30 detections:
idx range_bin doppler_bin range(m) vel(m/s) power threshold
0 47 73 6895.23 31.23 2.799634e-09 1.530720e-09
1 48 73 7045.12 31.23 2.632256e-09 1.550742e-09
2 46 73 6745.33 31.23 2.539852e-09 1.533435e-09
3 49 73 7195.02 31.23 2.205428e-09 1.572724e-09
4 45 73 6595.43 31.23 2.143147e-09 1.543497e-09
5 50 73 7344.92 31.23 1.775282e-09 1.561479e-09
6 47 72 6895.23 27.32 1.774805e-09 1.491379e-09
7 48 72 7045.12 27.32 1.676647e-09 1.513758e-09
8 44 73 6445.54 31.23 1.629191e-09 1.514308e-09
9 46 72 6745.33 27.32 1.626653e-09 1.493998e-09
10 86 51 12741.18 -54.65 3.734930e-10 3.077545e-10
11 85 51 12591.28 -54.65 3.353280e-10 3.081139e-10
Strongest detection after CA-CFAR:
  Range bin    = 47
  Doppler bin  = 73
  Range        = 6895.23 m
  Radial vel.  = 31.23 m/s
  Power        = 2.799634e-09
  Threshold    = 1.530720e-09
Print Time: 0.000053166 sec

Average over 5 runs:
  load               = 0.992 ms (0.000991652 sec)
  pulse_ready        = 0.104 ms (0.000104430 sec)
  pulse_apply        = 0.520 ms (0.000520359 sec)
  pulse_total        = 0.625 ms (0.000624789 sec)
  mti                = 0.132 ms (0.000131815 sec)
  mtd                = 0.216 ms (0.000216322 sec)
  doppler_total      = 0.348 ms (0.000348137 sec)
  cfar               = 0.396 ms (0.000396337 sec)
  total              = 2.479 ms (0.002479300 sec)
  algo_only          = 1.369 ms (0.001369263 sec)
  detections         = 12.00
