OpenMP worker threads = 4
Loaded config:
  fc = 3000000000.000 Hz
  fs = 1000000.000 Hz
  PRF = 10000.000 Hz
  pulse width = 0.000010000 s
  sweep BW = 100000.000 Hz
  pulses = 128
  fast-time samples = 100
  lambda = 0.099930819 m
  pulse samples = 10
[run 1] load=1.242 ms, pulse_ready=0.844 ms, pulse_apply=0.683 ms, pulse_total=1.527 ms, mti=0.120 ms, mtd=0.227 ms, doppler_total=0.347 ms, cfar=0.311 ms, total=3.551 ms, detections=8
[run 2] load=1.345 ms, pulse_ready=0.051 ms, pulse_apply=0.477 ms, pulse_total=0.528 ms, mti=0.170 ms, mtd=0.206 ms, doppler_total=0.376 ms, cfar=0.299 ms, total=2.676 ms, detections=8
[run 3] load=0.842 ms, pulse_ready=0.038 ms, pulse_apply=0.565 ms, pulse_total=0.604 ms, mti=0.168 ms, mtd=0.204 ms, doppler_total=0.372 ms, cfar=0.297 ms, total=2.242 ms, detections=8
[run 4] load=0.732 ms, pulse_ready=0.045 ms, pulse_apply=0.793 ms, pulse_total=0.838 ms, mti=0.157 ms, mtd=0.203 ms, doppler_total=0.360 ms, cfar=0.749 ms, total=2.805 ms, detections=8
[run 5] load=0.962 ms, pulse_ready=1.208 ms, pulse_apply=0.758 ms, pulse_total=1.966 ms, mti=0.182 ms, mtd=0.229 ms, doppler_total=0.411 ms, cfar=1.363 ms, total=4.835 ms, detections=8

CA-CFAR detections: 8
Showing up to 30 detections:
idx range_bin doppler_bin range(m) vel(m/s) power threshold
0 47 73 6895.23 31.23 2.264597e-09 1.176600e-09
1 48 73 7045.12 31.23 2.235006e-09 1.177989e-09
2 46 73 6745.33 31.23 1.963328e-09 1.195603e-09
3 49 73 7195.02 31.23 1.941714e-09 1.213072e-09
4 45 73 6595.43 31.23 1.560238e-09 1.212597e-09
5 50 73 7344.92 31.23 1.495216e-09 1.232882e-09
6 47 72 6895.23 27.32 1.362430e-09 1.189302e-09
7 48 72 7045.12 27.32 1.326222e-09 1.195732e-09
Strongest detection after CA-CFAR:
  Range bin    = 47
  Doppler bin  = 73
  Range        = 6895.23 m
  Radial vel.  = 31.23 m/s
  Power        = 2.264597e-09
  Threshold    = 1.176600e-09
Print Time: 0.000039185 sec

Average over 5 runs:
  load               = 1.025 ms (0.001024689 sec)
  pulse_ready        = 0.437 ms (0.000437171 sec)
  pulse_apply        = 0.655 ms (0.000655282 sec)
  pulse_total        = 1.092 ms (0.001092452 sec)
  mti                = 0.160 ms (0.000159530 sec)
  mtd                = 0.214 ms (0.000213881 sec)
  doppler_total      = 0.373 ms (0.000373411 sec)
  cfar               = 0.604 ms (0.000603930 sec)
  total              = 3.222 ms (0.003221900 sec)
  algo_only          = 2.070 ms (0.002069793 sec)
  detections         = 8.00
