OpenMP worker threads = 4
Loaded config:
  fc = 3000000000.000 Hz
  fs = 1000000.000 Hz
  PRF = 10000.000 Hz
  pulse width = 0.000010000 s
  sweep BW = 100000.000 Hz
  pulses = 128
  fast-time samples = 100
  lambda = 0.099930819 m
  pulse samples = 10
[run 1] load=1.161 ms, pulse_ready=0.637 ms, pulse_apply=1.226 ms, pulse_total=1.863 ms, mti=0.151 ms, mtd=0.248 ms, doppler_total=0.399 ms, cfar=0.347 ms, total=3.887 ms, detections=8
[run 2] load=1.037 ms, pulse_ready=2.154 ms, pulse_apply=1.908 ms, pulse_total=4.062 ms, mti=0.759 ms, mtd=1.881 ms, doppler_total=2.640 ms, cfar=2.206 ms, total=10.081 ms, detections=8
[run 3] load=0.714 ms, pulse_ready=0.044 ms, pulse_apply=0.470 ms, pulse_total=0.514 ms, mti=0.219 ms, mtd=0.207 ms, doppler_total=0.426 ms, cfar=0.285 ms, total=2.066 ms, detections=8
[run 4] load=0.712 ms, pulse_ready=0.040 ms, pulse_apply=0.470 ms, pulse_total=0.511 ms, mti=0.143 ms, mtd=0.200 ms, doppler_total=0.343 ms, cfar=0.283 ms, total=1.971 ms, detections=8
[run 5] load=0.728 ms, pulse_ready=0.043 ms, pulse_apply=1.254 ms, pulse_total=1.297 ms, mti=0.862 ms, mtd=0.213 ms, doppler_total=1.075 ms, cfar=0.270 ms, total=3.514 ms, detections=8

CA-CFAR detections: 8
Showing up to 30 detections:
idx range_bin doppler_bin range(m) vel(m/s) power threshold
0 48 73 7045.12 31.23 2.545320e-09 1.294188e-09
1 47 73 6895.23 31.23 2.469509e-09 1.280856e-09
2 49 73 7195.02 31.23 2.215078e-09 1.333650e-09
3 46 73 6745.33 31.23 2.045059e-09 1.311882e-09
4 50 73 7344.92 31.23 1.827843e-09 1.375387e-09
5 48 72 7045.12 27.32 1.528393e-09 1.311067e-09
6 45 73 6595.43 31.23 1.522919e-09 1.332621e-09
7 47 72 6895.23 27.32 1.450394e-09 1.299615e-09
Strongest detection after CA-CFAR:
  Range bin    = 48
  Doppler bin  = 73
  Range        = 7045.12 m
  Radial vel.  = 31.23 m/s
  Power        = 2.545320e-09
  Threshold    = 1.294188e-09
Print Time: 0.000044833 sec

Average over 5 runs:
  load               = 0.871 ms (0.000870511 sec)
  pulse_ready        = 0.584 ms (0.000583559 sec)
  pulse_apply        = 1.066 ms (0.001065785 sec)
  pulse_total        = 1.649 ms (0.001649345 sec)
  mti                = 0.427 ms (0.000426652 sec)
  mtd                = 0.550 ms (0.000549663 sec)
  doppler_total      = 0.976 ms (0.000976315 sec)
  cfar               = 0.678 ms (0.000678133 sec)
  total              = 4.304 ms (0.004303981 sec)
  algo_only          = 3.304 ms (0.003303793 sec)
  detections         = 8.00
