OpenMP worker threads = 4
Loaded config:
  fc = 3000000000.000 Hz
  fs = 1000000.000 Hz
  PRF = 10000.000 Hz
  pulse width = 0.000010000 s
  sweep BW = 100000.000 Hz
  pulses = 128
  fast-time samples = 100
  lambda = 0.099930819 m
  pulse samples = 10
[run 1] load=1.145 ms, pulse_ready=0.376 ms, pulse_apply=0.649 ms, pulse_total=1.024 ms, mti=0.118 ms, mtd=0.249 ms, doppler_total=0.366 ms, cfar=1.056 ms, total=3.709 ms, detections=14
[run 2] load=0.834 ms, pulse_ready=1.903 ms, pulse_apply=1.912 ms, pulse_total=3.815 ms, mti=0.782 ms, mtd=1.953 ms, doppler_total=2.735 ms, cfar=2.221 ms, total=9.737 ms, detections=14
[run 3] load=0.789 ms, pulse_ready=0.086 ms, pulse_apply=0.475 ms, pulse_total=0.561 ms, mti=0.142 ms, mtd=0.207 ms, doppler_total=0.349 ms, cfar=0.287 ms, total=2.117 ms, detections=14
[run 4] load=0.727 ms, pulse_ready=0.039 ms, pulse_apply=0.471 ms, pulse_total=0.510 ms, mti=0.141 ms, mtd=0.202 ms, doppler_total=0.343 ms, cfar=0.280 ms, total=1.980 ms, detections=14
[run 5] load=0.835 ms, pulse_ready=0.039 ms, pulse_apply=0.466 ms, pulse_total=0.504 ms, mti=0.145 ms, mtd=0.200 ms, doppler_total=0.345 ms, cfar=0.285 ms, total=2.092 ms, detections=14

CA-CFAR detections: 14
Showing up to 30 detections:
idx range_bin doppler_bin range(m) vel(m/s) power threshold
0 47 73 6895.23 31.23 2.220771e-09 1.176631e-09
1 48 73 7045.12 31.23 2.185766e-09 1.178129e-09
2 46 73 6745.33 31.23 2.033647e-09 1.192882e-09
3 49 73 7195.02 31.23 1.916905e-09 1.193679e-09
4 45 73 6595.43 31.23 1.614148e-09 1.200631e-09
5 67 25 9893.15 -156.14 1.609055e-09 1.599886e-09
6 50 73 7344.92 31.23 1.494829e-09 1.193103e-09
7 47 72 6895.23 27.32 1.244132e-09 1.172016e-09
8 48 72 7045.12 27.32 1.236912e-09 1.167013e-09
9 44 73 6445.54 31.23 1.228842e-09 1.175281e-09
10 51 73 7494.81 31.23 1.147960e-09 1.147574e-09
11 91 46 13490.66 -74.17 5.930731e-10 4.745593e-10
12 92 46 13640.56 -74.17 5.786972e-10 4.767724e-10
13 90 46 13340.76 -74.17 5.243121e-10 4.809714e-10
Strongest detection after CA-CFAR:
  Range bin    = 47
  Doppler bin  = 73
  Range        = 6895.23 m
  Radial vel.  = 31.23 m/s
  Power        = 2.220771e-09
  Threshold    = 1.176631e-09
Print Time: 0.000059240 sec

Average over 5 runs:
  load               = 0.866 ms (0.000866152 sec)
  pulse_ready        = 0.488 ms (0.000488359 sec)
  pulse_apply        = 0.794 ms (0.000794481 sec)
  pulse_total        = 1.283 ms (0.001282841 sec)
  mti                = 0.266 ms (0.000265578 sec)
  mtd                = 0.562 ms (0.000562137 sec)
  doppler_total      = 0.828 ms (0.000827715 sec)
  cfar               = 0.826 ms (0.000825804 sec)
  total              = 3.927 ms (0.003927215 sec)
  algo_only          = 2.936 ms (0.002936359 sec)
  detections         = 14.00
