OpenMP worker threads = 4
Loaded config:
  fc = 3000000000.000 Hz
  fs = 1000000.000 Hz
  PRF = 10000.000 Hz
  pulse width = 0.000010000 s
  sweep BW = 100000.000 Hz
  pulses = 128
  fast-time samples = 100
  lambda = 0.099930819 m
  pulse samples = 10
[run 1] load=1.214 ms, pulse_ready=3.612 ms, pulse_apply=2.198 ms, pulse_total=5.810 ms, mti=0.176 ms, mtd=0.237 ms, doppler_total=0.413 ms, cfar=0.304 ms, total=7.861 ms, detections=11
[run 2] load=0.816 ms, pulse_ready=0.045 ms, pulse_apply=0.460 ms, pulse_total=0.505 ms, mti=0.147 ms, mtd=0.203 ms, doppler_total=0.350 ms, cfar=0.298 ms, total=2.098 ms, detections=11
[run 3] load=1.019 ms, pulse_ready=0.157 ms, pulse_apply=0.476 ms, pulse_total=0.633 ms, mti=0.178 ms, mtd=0.207 ms, doppler_total=0.384 ms, cfar=0.288 ms, total=2.450 ms, detections=11
[run 4] load=1.227 ms, pulse_ready=0.047 ms, pulse_apply=0.470 ms, pulse_total=0.517 ms, mti=0.237 ms, mtd=0.209 ms, doppler_total=0.447 ms, cfar=0.293 ms, total=2.613 ms, detections=11
[run 5] load=0.765 ms, pulse_ready=0.045 ms, pulse_apply=0.468 ms, pulse_total=0.513 ms, mti=0.121 ms, mtd=0.225 ms, doppler_total=0.345 ms, cfar=0.288 ms, total=2.039 ms, detections=11

CA-CFAR detections: 11
Showing up to 30 detections:
idx range_bin doppler_bin range(m) vel(m/s) power threshold
0 16 110 2248.44 175.66 2.707781e-09 1.927064e-09
1 15 110 2098.55 175.66 2.615186e-09 2.115120e-09
2 17 110 2398.34 175.66 2.317762e-09 1.983033e-09
3 48 73 7045.12 31.23 2.287751e-09 1.051342e-09
4 47 73 6895.23 31.23 2.274537e-09 1.049773e-09
5 49 73 7195.02 31.23 1.923904e-09 1.084988e-09
6 46 73 6745.33 31.23 1.923304e-09 1.086826e-09
7 50 73 7344.92 31.23 1.477417e-09 1.109076e-09
8 45 73 6595.43 31.23 1.469997e-09 1.127471e-09
9 47 72 6895.23 27.32 1.091163e-09 1.038783e-09
10 48 72 7045.12 27.32 1.064456e-09 1.042878e-09
Strongest detection after CA-CFAR:
  Range bin    = 16
  Doppler bin  = 110
  Range        = 2248.44 m
  Radial vel.  = 175.66 m/s
  Power        = 2.707781e-09
  Threshold    = 1.927064e-09
Print Time: 0.000047852 sec

Average over 5 runs:
  load               = 1.008 ms (0.001008415 sec)
  pulse_ready        = 0.781 ms (0.000781196 sec)
  pulse_apply        = 0.814 ms (0.000814440 sec)
  pulse_total        = 1.596 ms (0.001595637 sec)
  mti                = 0.172 ms (0.000171818 sec)
  mtd                = 0.216 ms (0.000215970 sec)
  doppler_total      = 0.388 ms (0.000387789 sec)
  cfar               = 0.294 ms (0.000294230 sec)
  total              = 3.412 ms (0.003412203 sec)
  algo_only          = 2.278 ms (0.002277655 sec)
  detections         = 11.00
