OpenMP worker threads = 4
Loaded config:
  fc = 3000000000.000 Hz
  fs = 1000000.000 Hz
  PRF = 10000.000 Hz
  pulse width = 0.000010000 s
  sweep BW = 100000.000 Hz
  pulses = 128
  fast-time samples = 100
  lambda = 0.099930819 m
  pulse samples = 10
[run 1] load=1.663 ms, pulse_ready=2.785 ms, pulse_apply=0.772 ms, pulse_total=3.558 ms, mti=0.126 ms, mtd=0.719 ms, doppler_total=0.846 ms, cfar=0.361 ms, total=6.556 ms, detections=13
[run 2] load=0.802 ms, pulse_ready=0.042 ms, pulse_apply=1.043 ms, pulse_total=1.085 ms, mti=0.999 ms, mtd=1.957 ms, doppler_total=2.956 ms, cfar=2.793 ms, total=7.795 ms, detections=13
[run 3] load=0.681 ms, pulse_ready=2.435 ms, pulse_apply=1.110 ms, pulse_total=3.545 ms, mti=0.212 ms, mtd=0.207 ms, doppler_total=0.419 ms, cfar=0.286 ms, total=5.061 ms, detections=13
[run 4] load=0.786 ms, pulse_ready=0.033 ms, pulse_apply=0.543 ms, pulse_total=0.576 ms, mti=0.165 ms, mtd=0.308 ms, doppler_total=0.473 ms, cfar=0.301 ms, total=2.274 ms, detections=13
[run 5] load=0.753 ms, pulse_ready=0.040 ms, pulse_apply=0.480 ms, pulse_total=0.520 ms, mti=0.126 ms, mtd=0.222 ms, doppler_total=0.347 ms, cfar=0.289 ms, total=2.036 ms, detections=13

CA-CFAR detections: 13
Showing up to 30 detections:
idx range_bin doppler_bin range(m) vel(m/s) power threshold
0 47 73 6895.23 31.23 2.810403e-09 1.282654e-09
1 48 73 7045.12 31.23 2.677285e-09 1.288079e-09
2 46 73 6745.33 31.23 2.547824e-09 1.339307e-09
3 49 73 7195.02 31.23 2.177536e-09 1.343986e-09
4 45 73 6595.43 31.23 2.044222e-09 1.406320e-09
5 92 28 13640.56 -144.43 1.843507e-09 1.699150e-09
6 47 72 6895.23 27.32 1.683944e-09 1.301671e-09
7 93 28 13790.45 -144.43 1.654619e-09 1.628096e-09
8 48 72 7045.12 27.32 1.622237e-09 1.302369e-09
9 50 73 7344.92 31.23 1.561320e-09 1.385045e-09
10 44 73 6445.54 31.23 1.502639e-09 1.422368e-09
11 46 72 6745.33 27.32 1.446620e-09 1.359375e-09
12 25 43 3597.51 -85.88 7.782641e-10 6.679369e-10
Strongest detection after CA-CFAR:
  Range bin    = 47
  Doppler bin  = 73
  Range        = 6895.23 m
  Radial vel.  = 31.23 m/s
  Power        = 2.810403e-09
  Threshold    = 1.282654e-09
Print Time: 0.000060760 sec

Average over 5 runs:
  load               = 0.937 ms (0.000937045 sec)
  pulse_ready        = 1.067 ms (0.001066918 sec)
  pulse_apply        = 0.790 ms (0.000789759 sec)
  pulse_total        = 1.857 ms (0.001856678 sec)
  mti                = 0.325 ms (0.000325418 sec)
  mtd                = 0.683 ms (0.000682663 sec)
  doppler_total      = 1.008 ms (0.001008081 sec)
  cfar               = 0.806 ms (0.000805808 sec)
  total              = 4.744 ms (0.004744300 sec)
  algo_only          = 3.671 ms (0.003670567 sec)
  detections         = 13.00
