OpenMP worker threads = 4
Loaded config:
  fc = 3000000000.000 Hz
  fs = 1000000.000 Hz
  PRF = 10000.000 Hz
  pulse width = 0.000010000 s
  sweep BW = 100000.000 Hz
  pulses = 128
  fast-time samples = 100
  lambda = 0.099930819 m
  pulse samples = 10
[run 1] load=1.250 ms, pulse_ready=0.470 ms, pulse_apply=0.662 ms, pulse_total=1.132 ms, mti=0.133 ms, mtd=0.235 ms, doppler_total=0.368 ms, cfar=0.310 ms, total=3.176 ms, detections=10
[run 2] load=0.736 ms, pulse_ready=0.051 ms, pulse_apply=0.473 ms, pulse_total=0.524 ms, mti=0.118 ms, mtd=0.234 ms, doppler_total=0.352 ms, cfar=0.306 ms, total=2.048 ms, detections=10
[run 3] load=0.801 ms, pulse_ready=0.194 ms, pulse_apply=1.261 ms, pulse_total=1.454 ms, mti=0.331 ms, mtd=0.206 ms, doppler_total=0.537 ms, cfar=0.278 ms, total=3.203 ms, detections=10
[run 4] load=0.727 ms, pulse_ready=0.051 ms, pulse_apply=0.521 ms, pulse_total=0.572 ms, mti=0.156 ms, mtd=0.203 ms, doppler_total=0.360 ms, cfar=0.287 ms, total=2.070 ms, detections=10
[run 5] load=0.681 ms, pulse_ready=0.045 ms, pulse_apply=0.468 ms, pulse_total=0.513 ms, mti=0.122 ms, mtd=0.220 ms, doppler_total=0.342 ms, cfar=0.282 ms, total=1.942 ms, detections=10

CA-CFAR detections: 10
Showing up to 30 detections:
idx range_bin doppler_bin range(m) vel(m/s) power threshold
0 48 73 7045.12 31.23 2.456977e-09 1.202996e-09
1 49 73 7195.02 31.23 2.388045e-09 1.198735e-09
2 47 73 6895.23 31.23 2.233762e-09 1.226255e-09
3 50 73 7344.92 31.23 2.054582e-09 1.205312e-09
4 46 73 6745.33 31.23 1.813028e-09 1.243598e-09
5 51 73 7494.81 31.23 1.580408e-09 1.197132e-09
6 45 73 6595.43 31.23 1.368100e-09 1.226038e-09
7 48 72 7045.12 27.32 1.334505e-09 1.205857e-09
8 47 72 6895.23 27.32 1.269119e-09 1.221979e-09
9 49 72 7195.02 27.32 1.212781e-09 1.209391e-09
Strongest detection after CA-CFAR:
  Range bin    = 48
  Doppler bin  = 73
  Range        = 7045.12 m
  Radial vel.  = 31.23 m/s
  Power        = 2.456977e-09
  Threshold    = 1.202996e-09
Print Time: 0.000047019 sec

Average over 5 runs:
  load               = 0.839 ms (0.000838859 sec)
  pulse_ready        = 0.162 ms (0.000162133 sec)
  pulse_apply        = 0.677 ms (0.000676726 sec)
  pulse_total        = 0.839 ms (0.000838859 sec)
  mti                = 0.172 ms (0.000172130 sec)
  mtd                = 0.220 ms (0.000219626 sec)
  doppler_total      = 0.392 ms (0.000391756 sec)
  cfar               = 0.293 ms (0.000292544 sec)
  total              = 2.488 ms (0.002487915 sec)
  algo_only          = 1.523 ms (0.001523159 sec)
  detections         = 10.00
