OpenMP worker threads = 4
Loaded config:
  fc = 3000000000.000 Hz
  fs = 1000000.000 Hz
  PRF = 10000.000 Hz
  pulse width = 0.000010000 s
  sweep BW = 100000.000 Hz
  pulses = 128
  fast-time samples = 100
  lambda = 0.099930819 m
  pulse samples = 10
[run 1] load=1.758 ms, pulse_ready=0.348 ms, pulse_apply=0.630 ms, pulse_total=0.978 ms, mti=0.116 ms, mtd=0.236 ms, doppler_total=0.352 ms, cfar=0.312 ms, total=3.518 ms, detections=17
[run 2] load=0.763 ms, pulse_ready=0.044 ms, pulse_apply=0.466 ms, pulse_total=0.510 ms, mti=0.149 ms, mtd=0.418 ms, doppler_total=0.568 ms, cfar=0.304 ms, total=2.335 ms, detections=17
[run 3] load=0.756 ms, pulse_ready=0.418 ms, pulse_apply=0.474 ms, pulse_total=0.892 ms, mti=0.168 ms, mtd=0.205 ms, doppler_total=0.373 ms, cfar=0.294 ms, total=2.439 ms, detections=17
[run 4] load=0.908 ms, pulse_ready=0.140 ms, pulse_apply=0.470 ms, pulse_total=0.610 ms, mti=0.166 ms, mtd=0.204 ms, doppler_total=0.371 ms, cfar=0.872 ms, total=2.886 ms, detections=17
[run 5] load=0.706 ms, pulse_ready=0.038 ms, pulse_apply=0.552 ms, pulse_total=0.590 ms, mti=0.137 ms, mtd=0.221 ms, doppler_total=0.358 ms, cfar=0.291 ms, total=2.074 ms, detections=17

CA-CFAR detections: 17
Showing up to 30 detections:
idx range_bin doppler_bin range(m) vel(m/s) power threshold
0 47 73 6895.23 31.23 2.711845e-09 1.417083e-09
1 48 73 7045.12 31.23 2.635174e-09 1.410174e-09
2 46 73 6745.33 31.23 2.351835e-09 1.451565e-09
3 49 73 7195.02 31.23 2.242836e-09 1.437728e-09
4 53 111 7794.60 179.56 2.141912e-09 2.110619e-09
5 45 73 6595.43 31.23 1.941575e-09 1.493097e-09
6 75 100 11092.32 136.62 1.768170e-09 1.651582e-09
7 50 73 7344.92 31.23 1.742679e-09 1.455821e-09
8 47 72 6895.23 27.32 1.718681e-09 1.380232e-09
9 76 100 11242.22 136.62 1.677867e-09 1.652483e-09
10 48 72 7045.12 27.32 1.658320e-09 1.386647e-09
11 54 104 7944.50 152.24 1.605818e-09 1.268807e-09
12 90 31 13340.76 -132.72 1.563465e-09 1.520757e-09
13 46 72 6745.33 27.32 1.471227e-09 1.403122e-09
14 55 104 8094.40 152.24 1.463984e-09 1.328955e-09
15 65 84 9593.36 74.17 8.100750e-10 7.965887e-10
16 50 91 7344.92 101.49 6.593126e-10 6.344755e-10
Strongest detection after CA-CFAR:
  Range bin    = 47
  Doppler bin  = 73
  Range        = 6895.23 m
  Radial vel.  = 31.23 m/s
  Power        = 2.711845e-09
  Threshold    = 1.417083e-09
Print Time: 0.000066186 sec

Average over 5 runs:
  load               = 0.978 ms (0.000977889 sec)
  pulse_ready        = 0.198 ms (0.000197630 sec)
  pulse_apply        = 0.518 ms (0.000518430 sec)
  pulse_total        = 0.716 ms (0.000716059 sec)
  mti                = 0.147 ms (0.000147263 sec)
  mtd                = 0.257 ms (0.000256967 sec)
  doppler_total      = 0.404 ms (0.000404230 sec)
  cfar               = 0.415 ms (0.000414563 sec)
  total              = 2.650 ms (0.002650315 sec)
  algo_only          = 1.535 ms (0.001534852 sec)
  detections         = 17.00
