OpenMP worker threads = 4
Loaded config:
  fc = 3000000000.000 Hz
  fs = 1000000.000 Hz
  PRF = 10000.000 Hz
  pulse width = 0.000010000 s
  sweep BW = 100000.000 Hz
  pulses = 128
  fast-time samples = 100
  lambda = 0.099930819 m
  pulse samples = 10
[run 1] load=1.318 ms, pulse_ready=3.528 ms, pulse_apply=2.382 ms, pulse_total=5.910 ms, mti=1.016 ms, mtd=2.698 ms, doppler_total=3.714 ms, cfar=0.371 ms, total=11.490 ms, detections=10
[run 2] load=0.751 ms, pulse_ready=0.049 ms, pulse_apply=0.460 ms, pulse_total=0.509 ms, mti=0.131 ms, mtd=0.210 ms, doppler_total=0.341 ms, cfar=0.290 ms, total=2.025 ms, detections=10
[run 3] load=0.727 ms, pulse_ready=0.045 ms, pulse_apply=0.535 ms, pulse_total=0.580 ms, mti=0.159 ms, mtd=0.202 ms, doppler_total=0.361 ms, cfar=0.281 ms, total=2.075 ms, detections=10
[run 4] load=0.721 ms, pulse_ready=0.044 ms, pulse_apply=0.596 ms, pulse_total=0.640 ms, mti=0.161 ms, mtd=0.202 ms, doppler_total=0.362 ms, cfar=0.280 ms, total=2.127 ms, detections=10
[run 5] load=0.844 ms, pulse_ready=0.044 ms, pulse_apply=0.471 ms, pulse_total=0.515 ms, mti=0.127 ms, mtd=0.230 ms, doppler_total=0.357 ms, cfar=0.292 ms, total=2.135 ms, detections=10

CA-CFAR detections: 10
Showing up to 30 detections:
idx range_bin doppler_bin range(m) vel(m/s) power threshold
0 65 117 9593.36 202.98 3.297311e-09 2.952987e-09
1 64 117 9443.46 202.98 3.079540e-09 3.001026e-09
2 48 73 7045.12 31.23 2.406372e-09 1.273604e-09
3 47 73 6895.23 31.23 2.357642e-09 1.283395e-09
4 49 73 7195.02 31.23 2.063991e-09 1.290557e-09
5 46 73 6745.33 31.23 2.058990e-09 1.323393e-09
6 45 73 6595.43 31.23 1.610156e-09 1.351792e-09
7 50 73 7344.92 31.23 1.582808e-09 1.308994e-09
8 47 72 6895.23 27.32 1.370806e-09 1.280378e-09
9 48 72 7045.12 27.32 1.369363e-09 1.272060e-09
Strongest detection after CA-CFAR:
  Range bin    = 65
  Doppler bin  = 117
  Range        = 9593.36 m
  Radial vel.  = 202.98 m/s
  Power        = 3.297311e-09
  Threshold    = 2.952987e-09
Print Time: 0.000045333 sec

Average over 5 runs:
  load               = 0.872 ms (0.000872208 sec)
  pulse_ready        = 0.742 ms (0.000742033 sec)
  pulse_apply        = 0.889 ms (0.000888741 sec)
  pulse_total        = 1.631 ms (0.001630774 sec)
  mti                = 0.319 ms (0.000318778 sec)
  mtd                = 0.708 ms (0.000708337 sec)
  doppler_total      = 1.027 ms (0.001027115 sec)
  cfar               = 0.303 ms (0.000302807 sec)
  total              = 3.970 ms (0.003970433 sec)
  algo_only          = 2.961 ms (0.002960696 sec)
  detections         = 10.00
