OpenMP worker threads = 4
Loaded config:
  fc = 3000000000.000 Hz
  fs = 1000000.000 Hz
  PRF = 10000.000 Hz
  pulse width = 0.000010000 s
  sweep BW = 100000.000 Hz
  pulses = 128
  fast-time samples = 100
  lambda = 0.099930819 m
  pulse samples = 10
[run 1] load=1.390 ms, pulse_ready=3.082 ms, pulse_apply=1.931 ms, pulse_total=5.014 ms, mti=0.129 ms, mtd=0.228 ms, doppler_total=0.356 ms, cfar=0.327 ms, total=7.209 ms, detections=10
[run 2] load=0.820 ms, pulse_ready=0.050 ms, pulse_apply=0.473 ms, pulse_total=0.523 ms, mti=0.130 ms, mtd=0.219 ms, doppler_total=0.349 ms, cfar=0.294 ms, total=2.118 ms, detections=10
[run 3] load=1.079 ms, pulse_ready=0.042 ms, pulse_apply=0.495 ms, pulse_total=0.538 ms, mti=0.187 ms, mtd=0.207 ms, doppler_total=0.394 ms, cfar=0.287 ms, total=2.427 ms, detections=10
[run 4] load=0.867 ms, pulse_ready=0.391 ms, pulse_apply=0.487 ms, pulse_total=0.878 ms, mti=0.265 ms, mtd=0.207 ms, doppler_total=0.472 ms, cfar=0.288 ms, total=2.638 ms, detections=10
[run 5] load=0.718 ms, pulse_ready=0.041 ms, pulse_apply=0.482 ms, pulse_total=0.523 ms, mti=0.125 ms, mtd=0.226 ms, doppler_total=0.351 ms, cfar=0.283 ms, total=2.001 ms, detections=10

CA-CFAR detections: 10
Showing up to 30 detections:
idx range_bin doppler_bin range(m) vel(m/s) power threshold
0 48 73 7045.12 31.23 1.910477e-09 9.990936e-10
1 47 73 6895.23 31.23 1.895670e-09 1.011885e-09
2 49 73 7195.02 31.23 1.637514e-09 1.021539e-09
3 46 73 6745.33 31.23 1.551712e-09 1.061632e-09
4 50 73 7344.92 31.23 1.301585e-09 1.049195e-09
5 48 72 7045.12 27.32 1.260975e-09 9.623282e-10
6 47 72 6895.23 27.32 1.256860e-09 9.745661e-10
7 45 73 6595.43 31.23 1.185473e-09 1.097332e-09
8 49 72 7195.02 27.32 1.071178e-09 9.852017e-10
9 46 72 6745.33 27.32 1.045376e-09 1.023611e-09
Strongest detection after CA-CFAR:
  Range bin    = 48
  Doppler bin  = 73
  Range        = 7045.12 m
  Radial vel.  = 31.23 m/s
  Power        = 1.910477e-09
  Threshold    = 9.990936e-10
Print Time: 0.000046685 sec

Average over 5 runs:
  load               = 0.975 ms (0.000974822 sec)
  pulse_ready        = 0.721 ms (0.000721237 sec)
  pulse_apply        = 0.774 ms (0.000773933 sec)
  pulse_total        = 1.495 ms (0.001495170 sec)
  mti                = 0.167 ms (0.000167074 sec)
  mtd                = 0.217 ms (0.000217437 sec)
  doppler_total      = 0.385 ms (0.000384511 sec)
  cfar               = 0.296 ms (0.000295785 sec)
  total              = 3.278 ms (0.003278467 sec)
  algo_only          = 2.175 ms (0.002175467 sec)
  detections         = 10.00
