OpenMP worker threads = 4
Loaded config:
  fc = 3000000000.000 Hz
  fs = 1000000.000 Hz
  PRF = 10000.000 Hz
  pulse width = 0.000010000 s
  sweep BW = 100000.000 Hz
  pulses = 128
  fast-time samples = 100
  lambda = 0.099930819 m
  pulse samples = 10
[run 1] load=1.068 ms, pulse_ready=0.373 ms, pulse_apply=0.650 ms, pulse_total=1.023 ms, mti=0.122 ms, mtd=0.233 ms, doppler_total=0.355 ms, cfar=0.297 ms, total=2.856 ms, detections=12
[run 2] load=0.808 ms, pulse_ready=0.043 ms, pulse_apply=0.577 ms, pulse_total=0.621 ms, mti=0.143 ms, mtd=0.224 ms, doppler_total=0.367 ms, cfar=0.297 ms, total=2.226 ms, detections=12
[run 3] load=0.769 ms, pulse_ready=0.044 ms, pulse_apply=0.760 ms, pulse_total=0.805 ms, mti=0.173 ms, mtd=0.204 ms, doppler_total=0.377 ms, cfar=0.617 ms, total=2.696 ms, detections=12
[run 4] load=0.751 ms, pulse_ready=0.043 ms, pulse_apply=0.479 ms, pulse_total=0.522 ms, mti=0.145 ms, mtd=0.202 ms, doppler_total=0.347 ms, cfar=0.288 ms, total=2.033 ms, detections=12
[run 5] load=0.760 ms, pulse_ready=0.042 ms, pulse_apply=0.763 ms, pulse_total=0.804 ms, mti=0.152 ms, mtd=0.227 ms, doppler_total=0.379 ms, cfar=0.284 ms, total=2.359 ms, detections=12

CA-CFAR detections: 12
Showing up to 30 detections:
idx range_bin doppler_bin range(m) vel(m/s) power threshold
0 48 108 7045.12 167.85 2.320859e-09 2.229817e-09
1 48 73 7045.12 31.23 2.217754e-09 1.207711e-09
2 47 73 6895.23 31.23 2.206432e-09 1.196240e-09
3 46 73 6745.33 31.23 1.976648e-09 1.196741e-09
4 49 73 7195.02 31.23 1.904393e-09 1.221374e-09
5 45 73 6595.43 31.23 1.586602e-09 1.183681e-09
6 50 73 7344.92 31.23 1.555487e-09 1.220311e-09
7 87 102 12891.08 144.43 1.528177e-09 1.496819e-09
8 86 102 12741.18 144.43 1.438255e-09 1.432139e-09
9 48 72 7045.12 27.32 1.262935e-09 1.192112e-09
10 47 72 6895.23 27.32 1.252534e-09 1.183420e-09
11 77 93 11392.11 109.30 8.530890e-10 8.254519e-10
Strongest detection after CA-CFAR:
  Range bin    = 48
  Doppler bin  = 108
  Range        = 7045.12 m
  Radial vel.  = 167.85 m/s
  Power        = 2.320859e-09
  Threshold    = 2.229817e-09
Print Time: 0.000054371 sec

Average over 5 runs:
  load               = 0.831 ms (0.000831200 sec)
  pulse_ready        = 0.109 ms (0.000109082 sec)
  pulse_apply        = 0.646 ms (0.000646011 sec)
  pulse_total        = 0.755 ms (0.000755093 sec)
  mti                = 0.147 ms (0.000147107 sec)
  mtd                = 0.218 ms (0.000217904 sec)
  doppler_total      = 0.365 ms (0.000365011 sec)
  cfar               = 0.357 ms (0.000356778 sec)
  total              = 2.434 ms (0.002434141 sec)
  algo_only          = 1.477 ms (0.001476881 sec)
  detections         = 12.00
