OpenMP worker threads = 4
Loaded config:
  fc = 3000000000.000 Hz
  fs = 1000000.000 Hz
  PRF = 10000.000 Hz
  pulse width = 0.000010000 s
  sweep BW = 100000.000 Hz
  pulses = 128
  fast-time samples = 100
  lambda = 0.099930819 m
  pulse samples = 10
[run 1] load=1.805 ms, pulse_ready=0.355 ms, pulse_apply=0.637 ms, pulse_total=0.992 ms, mti=0.116 ms, mtd=0.227 ms, doppler_total=0.343 ms, cfar=0.308 ms, total=3.568 ms, detections=11
[run 2] load=0.829 ms, pulse_ready=0.040 ms, pulse_apply=0.478 ms, pulse_total=0.518 ms, mti=0.123 ms, mtd=0.222 ms, doppler_total=0.345 ms, cfar=0.299 ms, total=2.122 ms, detections=11
[run 3] load=0.707 ms, pulse_ready=0.040 ms, pulse_apply=0.472 ms, pulse_total=0.511 ms, mti=0.144 ms, mtd=0.203 ms, doppler_total=0.347 ms, cfar=0.330 ms, total=2.018 ms, detections=11
[run 4] load=0.707 ms, pulse_ready=0.040 ms, pulse_apply=0.474 ms, pulse_total=0.514 ms, mti=0.141 ms, mtd=0.201 ms, doppler_total=0.342 ms, cfar=0.283 ms, total=1.969 ms, detections=11
[run 5] load=0.699 ms, pulse_ready=0.038 ms, pulse_apply=0.471 ms, pulse_total=0.509 ms, mti=0.123 ms, mtd=0.234 ms, doppler_total=0.356 ms, cfar=0.301 ms, total=2.039 ms, detections=11

CA-CFAR detections: 11
Showing up to 30 detections:
idx range_bin doppler_bin range(m) vel(m/s) power threshold
0 47 73 6895.23 31.23 2.572381e-09 1.437190e-09
1 48 73 7045.12 31.23 2.413251e-09 1.454104e-09
2 46 73 6745.33 31.23 2.351828e-09 1.432816e-09
3 49 73 7195.02 31.23 2.059151e-09 1.474673e-09
4 45 73 6595.43 31.23 1.966789e-09 1.436776e-09
5 48 72 7045.12 27.32 1.643134e-09 1.434212e-09
6 47 72 6895.23 27.32 1.643078e-09 1.421016e-09
7 50 73 7344.92 31.23 1.618362e-09 1.458223e-09
8 49 72 7195.02 27.32 1.487491e-09 1.452748e-09
9 44 73 6445.54 31.23 1.442563e-09 1.403119e-09
10 92 87 13640.56 85.88 9.265540e-10 8.723176e-10
Strongest detection after CA-CFAR:
  Range bin    = 47
  Doppler bin  = 73
  Range        = 6895.23 m
  Radial vel.  = 31.23 m/s
  Power        = 2.572381e-09
  Threshold    = 1.437190e-09
Print Time: 0.000049352 sec

Average over 5 runs:
  load               = 0.949 ms (0.000949345 sec)
  pulse_ready        = 0.103 ms (0.000102734 sec)
  pulse_apply        = 0.506 ms (0.000506333 sec)
  pulse_total        = 0.609 ms (0.000609067 sec)
  mti                = 0.129 ms (0.000129371 sec)
  mtd                = 0.217 ms (0.000217293 sec)
  doppler_total      = 0.347 ms (0.000346663 sec)
  cfar               = 0.304 ms (0.000304189 sec)
  total              = 2.343 ms (0.002343104 sec)
  algo_only          = 1.260 ms (0.001259919 sec)
  detections         = 11.00
