OpenMP worker threads = 4
Loaded config:
  fc = 3000000000.000 Hz
  fs = 1000000.000 Hz
  PRF = 10000.000 Hz
  pulse width = 0.000010000 s
  sweep BW = 100000.000 Hz
  pulses = 128
  fast-time samples = 100
  lambda = 0.099930819 m
  pulse samples = 10
[run 1] load=1.877 ms, pulse_ready=0.417 ms, pulse_apply=0.724 ms, pulse_total=1.141 ms, mti=0.123 ms, mtd=0.230 ms, doppler_total=0.354 ms, cfar=0.310 ms, total=3.857 ms, detections=10
[run 2] load=0.746 ms, pulse_ready=0.045 ms, pulse_apply=0.455 ms, pulse_total=0.499 ms, mti=0.125 ms, mtd=0.222 ms, doppler_total=0.347 ms, cfar=0.303 ms, total=2.027 ms, detections=10
[run 3] load=0.813 ms, pulse_ready=0.411 ms, pulse_apply=0.488 ms, pulse_total=0.899 ms, mti=0.182 ms, mtd=0.239 ms, doppler_total=0.421 ms, cfar=0.296 ms, total=2.589 ms, detections=10
[run 4] load=1.019 ms, pulse_ready=0.038 ms, pulse_apply=0.473 ms, pulse_total=0.511 ms, mti=0.570 ms, mtd=0.487 ms, doppler_total=1.056 ms, cfar=0.302 ms, total=3.282 ms, detections=10
[run 5] load=2.669 ms, pulse_ready=3.997 ms, pulse_apply=1.703 ms, pulse_total=5.700 ms, mti=0.876 ms, mtd=2.509 ms, doppler_total=3.386 ms, cfar=1.957 ms, total=13.855 ms, detections=10

CA-CFAR detections: 10
Showing up to 30 detections:
idx range_bin doppler_bin range(m) vel(m/s) power threshold
0 47 73 6895.23 31.23 2.920229e-09 1.541917e-09
1 48 73 7045.12 31.23 2.771815e-09 1.556698e-09
2 46 73 6745.33 31.23 2.547104e-09 1.546995e-09
3 49 73 7195.02 31.23 2.404700e-09 1.595865e-09
4 45 73 6595.43 31.23 2.004385e-09 1.575037e-09
5 50 73 7344.92 31.23 1.903598e-09 1.588877e-09
6 47 72 6895.23 27.32 1.847172e-09 1.532887e-09
7 48 72 7045.12 27.32 1.728905e-09 1.551467e-09
8 46 72 6745.33 27.32 1.607694e-09 1.536666e-09
9 94 77 13940.35 46.84 1.302640e-10 1.247764e-10
Strongest detection after CA-CFAR:
  Range bin    = 47
  Doppler bin  = 73
  Range        = 6895.23 m
  Radial vel.  = 31.23 m/s
  Power        = 2.920229e-09
  Threshold    = 1.541917e-09
Print Time: 0.000048426 sec

Average over 5 runs:
  load               = 1.425 ms (0.001424856 sec)
  pulse_ready        = 0.981 ms (0.000981459 sec)
  pulse_apply        = 0.769 ms (0.000768511 sec)
  pulse_total        = 1.750 ms (0.001749970 sec)
  mti                = 0.375 ms (0.000375274 sec)
  mtd                = 0.738 ms (0.000737567 sec)
  doppler_total      = 1.113 ms (0.001112841 sec)
  cfar               = 0.634 ms (0.000633733 sec)
  total              = 5.122 ms (0.005121993 sec)
  algo_only          = 3.497 ms (0.003496544 sec)
  detections         = 10.00
