OpenMP worker threads = 4
Loaded config:
  fc = 3000000000.000 Hz
  fs = 1000000.000 Hz
  PRF = 10000.000 Hz
  pulse width = 0.000010000 s
  sweep BW = 100000.000 Hz
  pulses = 128
  fast-time samples = 100
  lambda = 0.099930819 m
  pulse samples = 10
[run 1] load=2.604 ms, pulse_ready=4.199 ms, pulse_apply=1.485 ms, pulse_total=5.683 ms, mti=0.121 ms, mtd=0.228 ms, doppler_total=0.349 ms, cfar=0.315 ms, total=9.085 ms, detections=10
[run 2] load=0.839 ms, pulse_ready=0.044 ms, pulse_apply=0.476 ms, pulse_total=0.520 ms, mti=0.157 ms, mtd=0.279 ms, doppler_total=0.436 ms, cfar=0.310 ms, total=2.237 ms, detections=10
[run 3] load=0.791 ms, pulse_ready=0.038 ms, pulse_apply=0.476 ms, pulse_total=0.514 ms, mti=0.150 ms, mtd=0.203 ms, doppler_total=0.352 ms, cfar=0.296 ms, total=2.076 ms, detections=10
[run 4] load=1.070 ms, pulse_ready=2.542 ms, pulse_apply=1.902 ms, pulse_total=4.444 ms, mti=0.809 ms, mtd=1.298 ms, doppler_total=2.107 ms, cfar=0.308 ms, total=8.066 ms, detections=10
[run 5] load=0.792 ms, pulse_ready=0.040 ms, pulse_apply=0.471 ms, pulse_total=0.511 ms, mti=0.128 ms, mtd=0.271 ms, doppler_total=0.399 ms, cfar=0.317 ms, total=2.146 ms, detections=10

CA-CFAR detections: 10
Showing up to 30 detections:
idx range_bin doppler_bin range(m) vel(m/s) power threshold
0 48 73 7045.12 31.23 2.334736e-09 1.057471e-09
1 47 73 6895.23 31.23 2.262410e-09 1.109570e-09
2 49 73 7195.02 31.23 2.031896e-09 1.052581e-09
3 46 73 6745.33 31.23 1.830888e-09 1.181636e-09
4 50 73 7344.92 31.23 1.567556e-09 1.071725e-09
5 45 73 6595.43 31.23 1.347076e-09 1.224842e-09
6 48 72 7045.12 27.32 1.152747e-09 1.030603e-09
7 47 72 6895.23 27.32 1.128303e-09 1.071590e-09
8 37 86 5396.26 81.97 7.561486e-10 6.848773e-10
9 73 54 10792.53 -42.94 3.535853e-10 3.189359e-10
Strongest detection after CA-CFAR:
  Range bin    = 48
  Doppler bin  = 73
  Range        = 7045.12 m
  Radial vel.  = 31.23 m/s
  Power        = 2.334736e-09
  Threshold    = 1.057471e-09
Print Time: 0.000047278 sec

Average over 5 runs:
  load               = 1.219 ms (0.001218904 sec)
  pulse_ready        = 1.372 ms (0.001372307 sec)
  pulse_apply        = 0.962 ms (0.000962211 sec)
  pulse_total        = 2.335 ms (0.002334519 sec)
  mti                = 0.273 ms (0.000272911 sec)
  mtd                = 0.456 ms (0.000455874 sec)
  doppler_total      = 0.729 ms (0.000728785 sec)
  cfar               = 0.309 ms (0.000309171 sec)
  total              = 4.722 ms (0.004721918 sec)
  algo_only          = 3.372 ms (0.003372474 sec)
  detections         = 10.00
