OpenMP worker threads = 4
Loaded config:
  fc = 3000000000.000 Hz
  fs = 1000000.000 Hz
  PRF = 10000.000 Hz
  pulse width = 0.000010000 s
  sweep BW = 100000.000 Hz
  pulses = 128
  fast-time samples = 100
  lambda = 0.099930819 m
  pulse samples = 10
[run 1] load=1.414 ms, pulse_ready=1.387 ms, pulse_apply=0.701 ms, pulse_total=2.087 ms, mti=0.116 ms, mtd=0.243 ms, doppler_total=0.359 ms, cfar=0.313 ms, total=4.307 ms, detections=11
[run 2] load=0.863 ms, pulse_ready=0.040 ms, pulse_apply=0.473 ms, pulse_total=0.512 ms, mti=0.190 ms, mtd=0.224 ms, doppler_total=0.414 ms, cfar=0.297 ms, total=2.226 ms, detections=11
[run 3] load=0.742 ms, pulse_ready=0.037 ms, pulse_apply=0.476 ms, pulse_total=0.513 ms, mti=0.148 ms, mtd=0.199 ms, doppler_total=0.347 ms, cfar=0.291 ms, total=2.017 ms, detections=11
[run 4] load=0.752 ms, pulse_ready=0.036 ms, pulse_apply=0.481 ms, pulse_total=0.516 ms, mti=0.157 ms, mtd=0.204 ms, doppler_total=0.361 ms, cfar=0.285 ms, total=2.037 ms, detections=11
[run 5] load=0.734 ms, pulse_ready=0.373 ms, pulse_apply=0.508 ms, pulse_total=0.882 ms, mti=0.151 ms, mtd=0.229 ms, doppler_total=0.380 ms, cfar=0.918 ms, total=3.043 ms, detections=11

CA-CFAR detections: 11
Showing up to 30 detections:
idx range_bin doppler_bin range(m) vel(m/s) power threshold
0 47 73 6895.23 31.23 2.608782e-09 1.185758e-09
1 48 73 7045.12 31.23 2.577171e-09 1.197035e-09
2 46 73 6745.33 31.23 2.244458e-09 1.212798e-09
3 49 73 7195.02 31.23 2.180887e-09 1.243039e-09
4 45 73 6595.43 31.23 1.808040e-09 1.253593e-09
5 50 73 7344.92 31.23 1.672486e-09 1.285200e-09
6 47 72 6895.23 27.32 1.260476e-09 1.192474e-09
7 48 72 7045.12 27.32 1.225713e-09 1.208167e-09
8 75 53 11092.32 -46.84 3.073314e-10 2.515080e-10
9 76 53 11242.22 -46.84 3.011293e-10 2.703800e-10
10 74 53 10942.42 -46.84 2.883798e-10 2.576845e-10
Strongest detection after CA-CFAR:
  Range bin    = 47
  Doppler bin  = 73
  Range        = 6895.23 m
  Radial vel.  = 31.23 m/s
  Power        = 2.608782e-09
  Threshold    = 1.185758e-09
Print Time: 0.000056778 sec

Average over 5 runs:
  load               = 0.901 ms (0.000901144 sec)
  pulse_ready        = 0.375 ms (0.000374611 sec)
  pulse_apply        = 0.528 ms (0.000527555 sec)
  pulse_total        = 0.902 ms (0.000902167 sec)
  mti                = 0.152 ms (0.000152485 sec)
  mtd                = 0.220 ms (0.000219804 sec)
  doppler_total      = 0.372 ms (0.000372289 sec)
  cfar               = 0.421 ms (0.000420948 sec)
  total              = 2.726 ms (0.002725778 sec)
  algo_only          = 1.695 ms (0.001695404 sec)
  detections         = 11.00
