OpenMP worker threads = 4
Loaded config:
  fc = 3000000000.000 Hz
  fs = 1000000.000 Hz
  PRF = 10000.000 Hz
  pulse width = 0.000010000 s
  sweep BW = 100000.000 Hz
  pulses = 128
  fast-time samples = 100
  lambda = 0.099930819 m
  pulse samples = 10
[run 1] load=1.176 ms, pulse_ready=0.359 ms, pulse_apply=0.625 ms, pulse_total=0.984 ms, mti=0.122 ms, mtd=0.237 ms, doppler_total=0.359 ms, cfar=0.302 ms, total=2.950 ms, detections=12
[run 2] load=0.764 ms, pulse_ready=0.041 ms, pulse_apply=0.486 ms, pulse_total=0.527 ms, mti=0.128 ms, mtd=0.223 ms, doppler_total=0.352 ms, cfar=0.400 ms, total=2.169 ms, detections=12
[run 3] load=0.893 ms, pulse_ready=0.380 ms, pulse_apply=0.502 ms, pulse_total=0.882 ms, mti=0.175 ms, mtd=0.205 ms, doppler_total=0.380 ms, cfar=0.295 ms, total=2.579 ms, detections=12
[run 4] load=0.877 ms, pulse_ready=0.426 ms, pulse_apply=0.491 ms, pulse_total=0.917 ms, mti=0.181 ms, mtd=0.462 ms, doppler_total=0.643 ms, cfar=0.339 ms, total=2.902 ms, detections=12
[run 5] load=0.688 ms, pulse_ready=0.040 ms, pulse_apply=0.590 ms, pulse_total=0.630 ms, mti=0.176 ms, mtd=0.205 ms, doppler_total=0.381 ms, cfar=0.287 ms, total=2.119 ms, detections=12

CA-CFAR detections: 12
Showing up to 30 detections:
idx range_bin doppler_bin range(m) vel(m/s) power threshold
0 48 73 7045.12 31.23 1.957466e-09 1.076154e-09
1 47 73 6895.23 31.23 1.896820e-09 1.072135e-09
2 49 73 7195.02 31.23 1.752965e-09 1.100566e-09
3 46 73 6745.33 31.23 1.548672e-09 1.085540e-09
4 50 73 7344.92 31.23 1.466879e-09 1.116046e-09
5 48 72 7045.12 27.32 1.312567e-09 1.047734e-09
6 47 72 6895.23 27.32 1.259168e-09 1.045872e-09
7 49 72 7195.02 27.32 1.156386e-09 1.072508e-09
8 45 73 6595.43 31.23 1.145103e-09 1.083014e-09
9 51 73 7494.81 31.23 1.128196e-09 1.090890e-09
10 43 89 6295.64 93.69 1.040840e-09 7.922704e-10
11 42 89 6145.75 93.69 9.549280e-10 8.072239e-10
Strongest detection after CA-CFAR:
  Range bin    = 48
  Doppler bin  = 73
  Range        = 7045.12 m
  Radial vel.  = 31.23 m/s
  Power        = 1.957466e-09
  Threshold    = 1.076154e-09
Print Time: 0.000053908 sec

Average over 5 runs:
  load               = 0.880 ms (0.000879552 sec)
  pulse_ready        = 0.249 ms (0.000249063 sec)
  pulse_apply        = 0.539 ms (0.000538911 sec)
  pulse_total        = 0.788 ms (0.000787974 sec)
  mti                = 0.156 ms (0.000156482 sec)
  mtd                = 0.266 ms (0.000266470 sec)
  doppler_total      = 0.423 ms (0.000422952 sec)
  cfar               = 0.325 ms (0.000324678 sec)
  total              = 2.544 ms (0.002543896 sec)
  algo_only          = 1.536 ms (0.001535604 sec)
  detections         = 12.00
