OpenMP worker threads = 4
Loaded config:
  fc = 3000000000.000 Hz
  fs = 1000000.000 Hz
  PRF = 10000.000 Hz
  pulse width = 0.000010000 s
  sweep BW = 100000.000 Hz
  pulses = 128
  fast-time samples = 100
  lambda = 0.099930819 m
  pulse samples = 10
[run 1] load=1.315 ms, pulse_ready=0.375 ms, pulse_apply=0.645 ms, pulse_total=1.020 ms, mti=0.133 ms, mtd=0.229 ms, doppler_total=0.362 ms, cfar=0.312 ms, total=3.129 ms, detections=8
[run 2] load=1.376 ms, pulse_ready=0.382 ms, pulse_apply=0.496 ms, pulse_total=0.878 ms, mti=0.177 ms, mtd=0.207 ms, doppler_total=0.384 ms, cfar=0.288 ms, total=3.053 ms, detections=8
[run 3] load=0.722 ms, pulse_ready=0.045 ms, pulse_apply=0.476 ms, pulse_total=0.521 ms, mti=0.146 ms, mtd=0.198 ms, doppler_total=0.344 ms, cfar=0.279 ms, total=1.987 ms, detections=8
[run 4] load=0.775 ms, pulse_ready=0.040 ms, pulse_apply=0.480 ms, pulse_total=0.520 ms, mti=0.147 ms, mtd=0.204 ms, doppler_total=0.350 ms, cfar=0.281 ms, total=2.050 ms, detections=8
[run 5] load=0.708 ms, pulse_ready=0.036 ms, pulse_apply=0.476 ms, pulse_total=0.512 ms, mti=0.122 ms, mtd=0.217 ms, doppler_total=0.340 ms, cfar=0.343 ms, total=2.025 ms, detections=8

CA-CFAR detections: 8
Showing up to 30 detections:
idx range_bin doppler_bin range(m) vel(m/s) power threshold
0 47 73 6895.23 31.23 2.772125e-09 1.415336e-09
1 48 73 7045.12 31.23 2.656449e-09 1.401250e-09
2 46 73 6745.33 31.23 2.488621e-09 1.439250e-09
3 49 73 7195.02 31.23 2.308552e-09 1.393794e-09
4 45 73 6595.43 31.23 2.007927e-09 1.445060e-09
5 50 73 7344.92 31.23 1.826151e-09 1.360672e-09
6 44 73 6445.54 31.23 1.592591e-09 1.397465e-09
7 51 73 7494.81 31.23 1.315551e-09 1.292276e-09
Strongest detection after CA-CFAR:
  Range bin    = 47
  Doppler bin  = 73
  Range        = 6895.23 m
  Radial vel.  = 31.23 m/s
  Power        = 2.772125e-09
  Threshold    = 1.415336e-09
Print Time: 0.000039926 sec

Average over 5 runs:
  load               = 0.979 ms (0.000979300 sec)
  pulse_ready        = 0.176 ms (0.000175663 sec)
  pulse_apply        = 0.515 ms (0.000514615 sec)
  pulse_total        = 0.690 ms (0.000690277 sec)
  mti                = 0.145 ms (0.000144896 sec)
  mtd                = 0.211 ms (0.000211029 sec)
  doppler_total      = 0.356 ms (0.000355925 sec)
  cfar               = 0.301 ms (0.000300822 sec)
  total              = 2.449 ms (0.002448981 sec)
  algo_only          = 1.347 ms (0.001347025 sec)
  detections         = 8.00
