OpenMP worker threads = 4
Loaded config:
  fc = 3000000000.000 Hz
  fs = 1000000.000 Hz
  PRF = 10000.000 Hz
  pulse width = 0.000010000 s
  sweep BW = 100000.000 Hz
  pulses = 128
  fast-time samples = 100
  lambda = 0.099930819 m
  pulse samples = 10
[run 1] load=1.448 ms, pulse_ready=4.953 ms, pulse_apply=2.668 ms, pulse_total=7.621 ms, mti=1.005 ms, mtd=1.809 ms, doppler_total=2.815 ms, cfar=2.687 ms, total=14.742 ms, detections=11
[run 2] load=0.746 ms, pulse_ready=2.501 ms, pulse_apply=1.547 ms, pulse_total=4.049 ms, mti=0.870 ms, mtd=2.384 ms, doppler_total=3.254 ms, cfar=2.755 ms, total=10.981 ms, detections=11
[run 3] load=0.721 ms, pulse_ready=0.079 ms, pulse_apply=0.473 ms, pulse_total=0.551 ms, mti=0.161 ms, mtd=0.204 ms, doppler_total=0.365 ms, cfar=0.291 ms, total=2.059 ms, detections=11
[run 4] load=0.714 ms, pulse_ready=0.051 ms, pulse_apply=0.477 ms, pulse_total=0.527 ms, mti=0.124 ms, mtd=0.225 ms, doppler_total=0.348 ms, cfar=0.283 ms, total=2.002 ms, detections=11
[run 5] load=0.659 ms, pulse_ready=0.050 ms, pulse_apply=0.469 ms, pulse_total=0.518 ms, mti=0.116 ms, mtd=0.290 ms, doppler_total=0.406 ms, cfar=0.316 ms, total=2.027 ms, detections=11

CA-CFAR detections: 11
Showing up to 30 detections:
idx range_bin doppler_bin range(m) vel(m/s) power threshold
0 48 73 7045.12 31.23 2.367440e-09 1.301747e-09
1 47 73 6895.23 31.23 2.275312e-09 1.309657e-09
2 49 73 7195.02 31.23 2.129058e-09 1.301763e-09
3 46 73 6745.33 31.23 1.918607e-09 1.321557e-09
4 50 73 7344.92 31.23 1.793495e-09 1.299204e-09
5 45 73 6595.43 31.23 1.438062e-09 1.300825e-09
6 51 73 7494.81 31.23 1.389162e-09 1.261516e-09
7 48 72 7045.12 27.32 1.344631e-09 1.286489e-09
8 47 72 6895.23 27.32 1.295363e-09 1.291863e-09
9 42 88 6145.75 89.78 4.329095e-10 2.892394e-10
10 41 88 5995.85 89.78 4.095126e-10 2.771479e-10
Strongest detection after CA-CFAR:
  Range bin    = 48
  Doppler bin  = 73
  Range        = 7045.12 m
  Radial vel.  = 31.23 m/s
  Power        = 2.367440e-09
  Threshold    = 1.301747e-09
Print Time: 0.000050981 sec

Average over 5 runs:
  load               = 0.858 ms (0.000857759 sec)
  pulse_ready        = 1.527 ms (0.001526637 sec)
  pulse_apply        = 1.127 ms (0.001126692 sec)
  pulse_total        = 2.653 ms (0.002653330 sec)
  mti                = 0.455 ms (0.000455148 sec)
  mtd                = 0.982 ms (0.000982441 sec)
  doppler_total      = 1.438 ms (0.001437589 sec)
  cfar               = 1.266 ms (0.001266456 sec)
  total              = 6.362 ms (0.006362037 sec)
  algo_only          = 5.357 ms (0.005357374 sec)
  detections         = 11.00
