OpenMP worker threads = 4
Loaded config:
  fc = 3000000000.000 Hz
  fs = 1000000.000 Hz
  PRF = 10000.000 Hz
  pulse width = 0.000010000 s
  sweep BW = 100000.000 Hz
  pulses = 128
  fast-time samples = 100
  lambda = 0.099930819 m
  pulse samples = 10
[run 1] load=1.034 ms, pulse_ready=2.702 ms, pulse_apply=2.151 ms, pulse_total=4.853 ms, mti=1.745 ms, mtd=1.907 ms, doppler_total=3.652 ms, cfar=2.026 ms, total=11.756 ms, detections=8
[run 2] load=0.766 ms, pulse_ready=2.677 ms, pulse_apply=2.003 ms, pulse_total=4.680 ms, mti=0.729 ms, mtd=1.740 ms, doppler_total=2.469 ms, cfar=2.215 ms, total=10.266 ms, detections=8
[run 3] load=0.785 ms, pulse_ready=0.357 ms, pulse_apply=0.488 ms, pulse_total=0.845 ms, mti=0.155 ms, mtd=0.313 ms, doppler_total=0.468 ms, cfar=0.302 ms, total=2.532 ms, detections=8
[run 4] load=0.932 ms, pulse_ready=3.119 ms, pulse_apply=2.198 ms, pulse_total=5.317 ms, mti=0.865 ms, mtd=1.985 ms, doppler_total=2.850 ms, cfar=2.243 ms, total=11.530 ms, detections=8
[run 5] load=0.684 ms, pulse_ready=2.396 ms, pulse_apply=1.875 ms, pulse_total=4.271 ms, mti=0.766 ms, mtd=1.950 ms, doppler_total=2.715 ms, cfar=2.196 ms, total=9.995 ms, detections=8

CA-CFAR detections: 8
Showing up to 30 detections:
idx range_bin doppler_bin range(m) vel(m/s) power threshold
0 47 73 6895.23 31.23 2.100326e-09 1.085073e-09
1 48 73 7045.12 31.23 2.022722e-09 1.083535e-09
2 46 73 6745.33 31.23 1.894545e-09 1.088637e-09
3 49 73 7195.02 31.23 1.745091e-09 1.089726e-09
4 45 73 6595.43 31.23 1.566271e-09 1.090457e-09
5 50 73 7344.92 31.23 1.349728e-09 1.075214e-09
6 44 73 6445.54 31.23 1.215576e-09 1.067288e-09
7 47 72 6895.23 27.32 1.140132e-09 1.083931e-09
Strongest detection after CA-CFAR:
  Range bin    = 47
  Doppler bin  = 73
  Range        = 6895.23 m
  Radial vel.  = 31.23 m/s
  Power        = 2.100326e-09
  Threshold    = 1.085073e-09
Print Time: 0.000041723 sec

Average over 5 runs:
  load               = 0.840 ms (0.000840152 sec)
  pulse_ready        = 2.250 ms (0.002250055 sec)
  pulse_apply        = 1.743 ms (0.001743004 sec)
  pulse_total        = 3.993 ms (0.003993059 sec)
  mti                = 0.852 ms (0.000851985 sec)
  mtd                = 1.579 ms (0.001578900 sec)
  doppler_total      = 2.431 ms (0.002430885 sec)
  cfar               = 1.797 ms (0.001796596 sec)
  total              = 9.216 ms (0.009215678 sec)
  algo_only          = 8.221 ms (0.008220540 sec)
  detections         = 8.00
