OpenMP worker threads = 4
Loaded config:
  fc = 3000000000.000 Hz
  fs = 1000000.000 Hz
  PRF = 10000.000 Hz
  pulse width = 0.000010000 s
  sweep BW = 100000.000 Hz
  pulses = 128
  fast-time samples = 100
  lambda = 0.099930819 m
  pulse samples = 10
[run 1] load=0.987 ms, pulse_ready=0.395 ms, pulse_apply=1.228 ms, pulse_total=1.623 ms, mti=0.165 ms, mtd=0.235 ms, doppler_total=0.400 ms, cfar=0.308 ms, total=3.435 ms, detections=8
[run 2] load=0.844 ms, pulse_ready=0.048 ms, pulse_apply=0.471 ms, pulse_total=0.519 ms, mti=0.128 ms, mtd=0.541 ms, doppler_total=0.669 ms, cfar=0.310 ms, total=2.473 ms, detections=8
[run 3] load=0.724 ms, pulse_ready=0.041 ms, pulse_apply=0.472 ms, pulse_total=0.513 ms, mti=0.141 ms, mtd=0.204 ms, doppler_total=0.345 ms, cfar=0.291 ms, total=1.996 ms, detections=8
[run 4] load=0.719 ms, pulse_ready=0.038 ms, pulse_apply=0.502 ms, pulse_total=0.540 ms, mti=0.148 ms, mtd=0.206 ms, doppler_total=0.354 ms, cfar=0.289 ms, total=2.027 ms, detections=8
[run 5] load=0.806 ms, pulse_ready=0.246 ms, pulse_apply=0.476 ms, pulse_total=0.723 ms, mti=0.166 ms, mtd=0.201 ms, doppler_total=0.367 ms, cfar=0.294 ms, total=2.316 ms, detections=8

CA-CFAR detections: 8
Showing up to 30 detections:
idx range_bin doppler_bin range(m) vel(m/s) power threshold
0 47 73 6895.23 31.23 2.532279e-09 1.391607e-09
1 48 73 7045.12 31.23 2.450951e-09 1.381314e-09
2 46 73 6745.33 31.23 2.233062e-09 1.422075e-09
3 49 73 7195.02 31.23 2.044493e-09 1.394143e-09
4 45 73 6595.43 31.23 1.840739e-09 1.440280e-09
5 47 72 6895.23 27.32 1.595180e-09 1.358451e-09
6 50 73 7344.92 31.23 1.556537e-09 1.387682e-09
7 48 72 7045.12 27.32 1.531115e-09 1.347342e-09
Strongest detection after CA-CFAR:
  Range bin    = 47
  Doppler bin  = 73
  Range        = 6895.23 m
  Radial vel.  = 31.23 m/s
  Power        = 2.532279e-09
  Threshold    = 1.391607e-09
Print Time: 0.000048704 sec

Average over 5 runs:
  load               = 0.816 ms (0.000815904 sec)
  pulse_ready        = 0.154 ms (0.000153744 sec)
  pulse_apply        = 0.630 ms (0.000629974 sec)
  pulse_total        = 0.784 ms (0.000783718 sec)
  mti                = 0.150 ms (0.000149682 sec)
  mtd                = 0.277 ms (0.000277259 sec)
  doppler_total      = 0.427 ms (0.000426941 sec)
  cfar               = 0.299 ms (0.000298619 sec)
  total              = 2.450 ms (0.002449514 sec)
  algo_only          = 1.509 ms (0.001509278 sec)
  detections         = 8.00
