OpenMP worker threads = 4
Loaded config:
  fc = 3000000000.000 Hz
  fs = 1000000.000 Hz
  PRF = 10000.000 Hz
  pulse width = 0.000010000 s
  sweep BW = 100000.000 Hz
  pulses = 128
  fast-time samples = 100
  lambda = 0.099930819 m
  pulse samples = 10
[run 1] load=1.724 ms, pulse_ready=0.370 ms, pulse_apply=0.642 ms, pulse_total=1.011 ms, mti=0.118 ms, mtd=0.229 ms, doppler_total=0.347 ms, cfar=0.317 ms, total=3.521 ms, detections=17
[run 2] load=0.781 ms, pulse_ready=0.042 ms, pulse_apply=0.467 ms, pulse_total=0.510 ms, mti=0.127 ms, mtd=0.221 ms, doppler_total=0.348 ms, cfar=0.297 ms, total=2.065 ms, detections=17
[run 3] load=0.725 ms, pulse_ready=0.036 ms, pulse_apply=0.470 ms, pulse_total=0.506 ms, mti=0.140 ms, mtd=0.252 ms, doppler_total=0.392 ms, cfar=0.299 ms, total=2.041 ms, detections=17
[run 4] load=0.706 ms, pulse_ready=0.039 ms, pulse_apply=0.478 ms, pulse_total=0.517 ms, mti=0.144 ms, mtd=5.436 ms, doppler_total=5.580 ms, cfar=5.138 ms, total=12.063 ms, detections=17
[run 5] load=0.688 ms, pulse_ready=2.646 ms, pulse_apply=0.518 ms, pulse_total=3.164 ms, mti=0.159 ms, mtd=0.229 ms, doppler_total=0.388 ms, cfar=0.291 ms, total=4.665 ms, detections=17

CA-CFAR detections: 17
Showing up to 30 detections:
idx range_bin doppler_bin range(m) vel(m/s) power threshold
0 12 9 1648.86 -218.60 2.466074e-09 2.365615e-09
1 11 9 1498.96 -218.60 2.402058e-09 2.139849e-09
2 48 73 7045.12 31.23 2.328876e-09 1.182690e-09
3 47 73 6895.23 31.23 2.291423e-09 1.206068e-09
4 26 113 3747.41 187.37 2.197986e-09 2.036607e-09
5 49 73 7195.02 31.23 2.068419e-09 1.205117e-09
6 46 73 6745.33 31.23 1.840108e-09 1.255613e-09
7 50 73 7344.92 31.23 1.669751e-09 1.234157e-09
8 48 72 7045.12 27.32 1.547613e-09 1.148018e-09
9 47 72 6895.23 27.32 1.434439e-09 1.178001e-09
10 49 72 7195.02 27.32 1.404792e-09 1.162270e-09
11 45 73 6595.43 31.23 1.369408e-09 1.281244e-09
12 63 97 9293.57 124.91 1.106825e-09 1.081346e-09
13 94 86 13940.35 81.97 6.728429e-10 6.488125e-10
14 19 48 2698.13 -66.36 4.921428e-10 4.612601e-10
15 25 74 3597.51 35.13 1.600831e-10 1.213499e-10
16 24 74 3447.61 35.13 1.534915e-10 1.189850e-10
Strongest detection after CA-CFAR:
  Range bin    = 12
  Doppler bin  = 9
  Range        = 1648.86 m
  Radial vel.  = -218.60 m/s
  Power        = 2.466074e-09
  Threshold    = 2.365615e-09
Print Time: 0.000067000 sec

Average over 5 runs:
  load               = 0.925 ms (0.000924841 sec)
  pulse_ready        = 0.627 ms (0.000626526 sec)
  pulse_apply        = 0.515 ms (0.000514911 sec)
  pulse_total        = 1.141 ms (0.001141437 sec)
  mti                = 0.138 ms (0.000137504 sec)
  mtd                = 1.274 ms (0.001273570 sec)
  doppler_total      = 1.411 ms (0.001411074 sec)
  cfar               = 1.268 ms (0.001268445 sec)
  total              = 4.871 ms (0.004871045 sec)
  algo_only          = 3.821 ms (0.003820956 sec)
  detections         = 17.00
