OpenMP worker threads = 4
Loaded config:
  fc = 3000000000.000 Hz
  fs = 1000000.000 Hz
  PRF = 10000.000 Hz
  pulse width = 0.000010000 s
  sweep BW = 100000.000 Hz
  pulses = 128
  fast-time samples = 100
  lambda = 0.099930819 m
  pulse samples = 10
[run 1] load=1.385 ms, pulse_ready=3.408 ms, pulse_apply=0.730 ms, pulse_total=4.138 ms, mti=0.109 ms, mtd=0.522 ms, doppler_total=0.631 ms, cfar=0.326 ms, total=6.594 ms, detections=10
[run 2] load=1.143 ms, pulse_ready=0.042 ms, pulse_apply=0.468 ms, pulse_total=0.511 ms, mti=0.183 ms, mtd=0.230 ms, doppler_total=0.413 ms, cfar=0.368 ms, total=2.567 ms, detections=10
[run 3] load=0.727 ms, pulse_ready=0.044 ms, pulse_apply=0.477 ms, pulse_total=0.521 ms, mti=0.120 ms, mtd=0.207 ms, doppler_total=0.327 ms, cfar=0.364 ms, total=2.062 ms, detections=10
[run 4] load=0.817 ms, pulse_ready=0.035 ms, pulse_apply=0.478 ms, pulse_total=0.512 ms, mti=0.146 ms, mtd=0.203 ms, doppler_total=0.349 ms, cfar=0.291 ms, total=2.093 ms, detections=10
[run 5] load=0.774 ms, pulse_ready=0.042 ms, pulse_apply=0.485 ms, pulse_total=0.526 ms, mti=0.151 ms, mtd=0.203 ms, doppler_total=0.354 ms, cfar=0.286 ms, total=2.063 ms, detections=10

CA-CFAR detections: 10
Showing up to 30 detections:
idx range_bin doppler_bin range(m) vel(m/s) power threshold
0 47 73 6895.23 31.23 2.717160e-09 1.356578e-09
1 48 73 7045.12 31.23 2.501939e-09 1.403185e-09
2 46 73 6745.33 31.23 2.383934e-09 1.348597e-09
3 49 73 7195.02 31.23 2.070770e-09 1.470990e-09
4 45 73 6595.43 31.23 1.893865e-09 1.377279e-09
5 50 73 7344.92 31.23 1.522442e-09 1.487398e-09
6 47 72 6895.23 27.32 1.440835e-09 1.340023e-09
7 93 36 13790.45 -113.20 5.831305e-10 5.772828e-10
8 85 48 12591.28 -66.36 4.633201e-10 3.365288e-10
9 84 48 12441.39 -66.36 4.315964e-10 3.388917e-10
Strongest detection after CA-CFAR:
  Range bin    = 47
  Doppler bin  = 73
  Range        = 6895.23 m
  Radial vel.  = 31.23 m/s
  Power        = 2.717160e-09
  Threshold    = 1.356578e-09
Print Time: 0.000046685 sec

Average over 5 runs:
  load               = 0.969 ms (0.000969411 sec)
  pulse_ready        = 0.714 ms (0.000713956 sec)
  pulse_apply        = 0.528 ms (0.000527715 sec)
  pulse_total        = 1.242 ms (0.001241671 sec)
  mti                = 0.142 ms (0.000141756 sec)
  mtd                = 0.273 ms (0.000273000 sec)
  doppler_total      = 0.415 ms (0.000414756 sec)
  cfar               = 0.327 ms (0.000327063 sec)
  total              = 3.076 ms (0.003075874 sec)
  algo_only          = 1.983 ms (0.001983490 sec)
  detections         = 10.00
